Using pre-set license
Built from '6000.0/staging' branch; Version is '6000.0.33f1 (433b0a79340b) revision 4406026'; Using compiler version '193933523'; Build Type 'Release'
OS: 'Windows 11  (10.0.26100) 64bit Core' Language: 'en' Physical Memory: 15973 MB
BatchMode: 1, IsHumanControllingUs: 0, StartBugReporterOnCrash: 0, Is64bit: 1, IsPro: 1

COMMAND LINE ARGUMENTS:
C:\Program Files\Unity\Hub\Editor\6000.0.33f1\Editor\Unity.exe
-adb2
-batchMode
-noUpm
-name
AssetImportWorker5
-projectPath
C:/Users/ethan/My project
-logFile
Logs/AssetImportWorker5.log
-srvPort
58437
-job-worker-count
5
-background-job-worker-count
8
-gc-helper-count
1
Successfully changed project path to: C:/Users/ethan/My project
C:/Users/ethan/My project
[UnityMemory] Configuration Parameters - Can be set up in boot.config
    "memorysetup-bucket-allocator-granularity=16"
    "memorysetup-bucket-allocator-bucket-count=8"
    "memorysetup-bucket-allocator-block-size=33554432"
    "memorysetup-bucket-allocator-block-count=8"
    "memorysetup-main-allocator-block-size=16777216"
    "memorysetup-thread-allocator-block-size=16777216"
    "memorysetup-gfx-main-allocator-block-size=16777216"
    "memorysetup-gfx-thread-allocator-block-size=16777216"
    "memorysetup-cache-allocator-block-size=4194304"
    "memorysetup-typetree-allocator-block-size=2097152"
    "memorysetup-profiler-bucket-allocator-granularity=16"
    "memorysetup-profiler-bucket-allocator-bucket-count=8"
    "memorysetup-profiler-bucket-allocator-block-size=33554432"
    "memorysetup-profiler-bucket-allocator-block-count=8"
    "memorysetup-profiler-allocator-block-size=16777216"
    "memorysetup-profiler-editor-allocator-block-size=1048576"
    "memorysetup-temp-allocator-size-main=16777216"
    "memorysetup-job-temp-allocator-block-size=2097152"
    "memorysetup-job-temp-allocator-block-size-background=1048576"
    "memorysetup-job-temp-allocator-reduction-small-platforms=262144"
    "memorysetup-allocator-temp-initial-block-size-main=262144"
    "memorysetup-allocator-temp-initial-block-size-worker=262144"
    "memorysetup-temp-allocator-size-background-worker=32768"
    "memorysetup-temp-allocator-size-job-worker=262144"
    "memorysetup-temp-allocator-size-preload-manager=33554432"
    "memorysetup-temp-allocator-size-nav-mesh-worker=65536"
    "memorysetup-temp-allocator-size-audio-worker=65536"
    "memorysetup-temp-allocator-size-cloud-worker=32768"
    "memorysetup-temp-allocator-size-gi-baking-worker=262144"
    "memorysetup-temp-allocator-size-gi-baking-worker=262144"
    "memorysetup-temp-allocator-size-gi-baking-worker=262144"
    "memorysetup-temp-allocator-size-gi-baking-worker=262144"
    "memorysetup-temp-allocator-size-gi-baking-worker=262144"
    "memorysetup-temp-allocator-size-gfx=262144"
Player connection [88192]  Target information:

Player connection [88192]  * "[IP] 142.3.80.56 [Port] 0 [Flags] 2 [Guid] 1118605715 [EditorId] 1118605715 [Version] 1048832 [Id] WindowsEditor(7,BOOK-G8AA279PT7) [Debug] 1 [PackageName] WindowsEditor [ProjectName] Editor" 

Player connection [88192] Host joined multi-casting on [225.0.0.222:54997]...
Player connection [88192] Host joined alternative multi-casting on [225.0.0.222:34997]...
JobSystem: Creating JobQueue using job-worker-count value 5
[Physics::Module] Initialized fallback backend.
[Physics::Module] Id: 0xdecafbad
Library Redirect Path: Library/
[Physics::Module] Selected backend.
[Physics::Module] Name: PhysX
[Physics::Module] Id: 0xf2b8ea05
[Physics::Module] SDK Version: 4.1.2
[Physics::Module] Integration Version: 1.0.0
[Physics::Module] Threading Mode: Multi-Threaded
Refreshing native plugins compatible for Editor in 4.63 ms, found 3 plugins.
Preloading 0 native plugins for Editor in 0.00 ms.
Initialize engine version: 6000.0.33f1 (433b0a79340b)
[Subsystems] Discovering subsystems at path C:/Program Files/Unity/Hub/Editor/6000.0.33f1/Editor/Data/Resources/UnitySubsystems
[Subsystems] Discovering subsystems at path C:/Users/ethan/My project/Assets
GfxDevice: creating device client; kGfxThreadingModeNonThreaded
Direct3D:
    Version:  Direct3D 11.0 [level 11.1]
    Renderer: Qualcomm(R) Adreno(TM) X1-85 GPU (ID=0x36334330)
    Vendor:   Qualcomm
    VRAM:     7986 MB
Initialize mono
Mono path[0] = 'C:/Program Files/Unity/Hub/Editor/6000.0.33f1/Editor/Data/Managed'
Mono path[1] = 'C:/Program Files/Unity/Hub/Editor/6000.0.33f1/Editor/Data/MonoBleedingEdge/lib/mono/unityjit-win32'
Mono config path = 'C:/Program Files/Unity/Hub/Editor/6000.0.33f1/Editor/Data/MonoBleedingEdge/etc'
Using monoOptions --debugger-agent=transport=dt_socket,embedding=1,server=y,suspend=n,address=127.0.0.1:56148
Begin MonoManager ReloadAssembly
Registering precompiled unity dll's ...
Register platform support module: C:/Program Files/Unity/Hub/Editor/6000.0.33f1/Editor/Data/PlaybackEngines/WebGLSupport/UnityEditor.WebGL.Extensions.dll
Register platform support module: C:/Program Files/Unity/Hub/Editor/6000.0.33f1/Editor/Data/PlaybackEngines/WindowsStandaloneSupport/UnityEditor.WindowsStandalone.Extensions.dll
Registered in 0.004228 seconds.
- Loaded All Assemblies, in  0.388 seconds
Native extension for WindowsStandalone target not found
Native extension for WebGL target not found
Mono: successfully reloaded assembly
- Finished resetting the current domain, in  0.338 seconds
Domain Reload Profiling: 724ms
	BeginReloadAssembly (121ms)
		ExecutionOrderSort (0ms)
		DisableScriptedObjects (0ms)
		BackupInstance (0ms)
		ReleaseScriptingObjects (0ms)
		CreateAndSetChildDomain (1ms)
	RebuildCommonClasses (36ms)
	RebuildNativeTypeToScriptingClass (16ms)
	initialDomainReloadingComplete (46ms)
	LoadAllAssembliesAndSetupDomain (167ms)
		LoadAssemblies (118ms)
		RebuildTransferFunctionScriptingTraits (0ms)
		AnalyzeDomain (164ms)
			TypeCache.Refresh (161ms)
				TypeCache.ScanAssembly (147ms)
			BuildScriptInfoCaches (0ms)
			ResolveRequiredComponents (1ms)
	FinalizeReload (338ms)
		ReleaseScriptCaches (0ms)
		RebuildScriptCaches (0ms)
		SetupLoadedEditorAssemblies (299ms)
			LogAssemblyErrors (0ms)
			InitializePlatformSupportModulesInManaged (22ms)
			SetLoadedEditorAssemblies (5ms)
			BeforeProcessingInitializeOnLoad (60ms)
			ProcessInitializeOnLoadAttributes (164ms)
			ProcessInitializeOnLoadMethodAttributes (48ms)
			AfterProcessingInitializeOnLoad (0ms)
			EditorAssembliesLoaded (0ms)
		ExecutionOrderSort2 (0ms)
		AwakeInstancesAfterBackupRestoration (0ms)
========================================================================
Worker process is ready to serve import requests
Import Worker Mode flag is 0x00
Begin MonoManager ReloadAssembly
- Loaded All Assemblies, in  0.686 seconds
Refreshing native plugins compatible for Editor in 1.28 ms, found 3 plugins.
Native extension for WindowsStandalone target not found
Native extension for WebGL target not found
Mono: successfully reloaded assembly
- Finished resetting the current domain, in  0.662 seconds
Domain Reload Profiling: 1345ms
	BeginReloadAssembly (171ms)
		ExecutionOrderSort (0ms)
		DisableScriptedObjects (6ms)
		BackupInstance (0ms)
		ReleaseScriptingObjects (0ms)
		CreateAndSetChildDomain (32ms)
	RebuildCommonClasses (44ms)
	RebuildNativeTypeToScriptingClass (12ms)
	initialDomainReloadingComplete (34ms)
	LoadAllAssembliesAndSetupDomain (422ms)
		LoadAssemblies (303ms)
		RebuildTransferFunctionScriptingTraits (0ms)
		AnalyzeDomain (212ms)
			TypeCache.Refresh (164ms)
				TypeCache.ScanAssembly (143ms)
			BuildScriptInfoCaches (40ms)
			ResolveRequiredComponents (4ms)
	FinalizeReload (662ms)
		ReleaseScriptCaches (0ms)
		RebuildScriptCaches (0ms)
		SetupLoadedEditorAssemblies (539ms)
			LogAssemblyErrors (0ms)
			InitializePlatformSupportModulesInManaged (4ms)
			SetLoadedEditorAssemblies (7ms)
			BeforeProcessingInitializeOnLoad (134ms)
			ProcessInitializeOnLoadAttributes (362ms)
			ProcessInitializeOnLoadMethodAttributes (26ms)
			AfterProcessingInitializeOnLoad (7ms)
			EditorAssembliesLoaded (0ms)
		ExecutionOrderSort2 (0ms)
		AwakeInstancesAfterBackupRestoration (6ms)
Launched and connected shader compiler UnityShaderCompiler.exe after 0.02 seconds
Refreshing native plugins compatible for Editor in 0.96 ms, found 3 plugins.
Preloading 0 native plugins for Editor in 0.00 ms.
Unloading 22 Unused Serialized files (Serialized files now loaded: 0)
Unloading 3747 unused Assets / (0.7 MB). Loaded Objects now: 4267.
Memory consumption went from 97.4 MB to 96.7 MB.
Total: 5.895400 ms (FindLiveObjects: 0.313100 ms CreateObjectMapping: 0.160000 ms MarkObjects: 4.514500 ms  DeleteObjects: 0.906900 ms)

========================================================================
Received Import Request.
  Time since last request: 1785740.702492 seconds.
  path: Assets/DesksCollection-Mavi3D/Textures/Desk01Textures/Desk01Normal.tga
  artifactKey: Guid(1c18ec1cc2c046142a0c6c2d5dbc3e41) Importer(815301076,1909f56bfc062723c751e8b465ee728b)
Start importing Assets/DesksCollection-Mavi3D/Textures/Desk01Textures/Desk01Normal.tga using Guid(1c18ec1cc2c046142a0c6c2d5dbc3e41) Importer(815301076,1909f56bfc062723c751e8b465ee728b) (PreviewImporter) -> (artifact id: 'a26b012b7535a1343904b230c0a1ebd7') in 0.1497077 seconds
Number of updated asset objects reloaded before import = 0Number of asset objects unloaded after import = 2

========================================================================
Received Import Request.
  Time since last request: 17.467820 seconds.
  path: Assets/DesksCollection-Mavi3D/Textures/Desk06Textures/Desk06Metallic.tga
  artifactKey: Guid(4e2cec2fc1ca15c448f3f8a907e13539) Importer(815301076,1909f56bfc062723c751e8b465ee728b)
Start importing Assets/DesksCollection-Mavi3D/Textures/Desk06Textures/Desk06Metallic.tga using Guid(4e2cec2fc1ca15c448f3f8a907e13539) Importer(815301076,1909f56bfc062723c751e8b465ee728b) (PreviewImporter) -> (artifact id: '593202beb09ed7a397f9856f4d670184') in 0.0636345 seconds
Number of updated asset objects reloaded before import = 0Number of asset objects unloaded after import = 2

========================================================================
Received Import Request.
  Time since last request: 0.000309 seconds.
  path: Assets/DesksCollection-Mavi3D/Textures/Desk06Textures/Desk06Occlusion.tga
  artifactKey: Guid(235c0441e97bc494a81290bf4b61a5ac) Importer(815301076,1909f56bfc062723c751e8b465ee728b)
Start importing Assets/DesksCollection-Mavi3D/Textures/Desk06Textures/Desk06Occlusion.tga using Guid(235c0441e97bc494a81290bf4b61a5ac) Importer(815301076,1909f56bfc062723c751e8b465ee728b) (PreviewImporter) -> (artifact id: '31a4f6b3c65382802292b76c2bc75cbb') in 0.0333448 seconds
Number of updated asset objects reloaded before import = 0Number of asset objects unloaded after import = 2

========================================================================
Received Import Request.
  Time since last request: 17.198130 seconds.
  path: Assets/DesksCollection-Mavi3D/Textures/Desk09Textures/Desk09Normal.tga
  artifactKey: Guid(9fb13be40decc934a84bf5e5254d0e84) Importer(815301076,1909f56bfc062723c751e8b465ee728b)
Start importing Assets/DesksCollection-Mavi3D/Textures/Desk09Textures/Desk09Normal.tga using Guid(9fb13be40decc934a84bf5e5254d0e84) Importer(815301076,1909f56bfc062723c751e8b465ee728b) (PreviewImporter) -> (artifact id: '792fa604124b981c6dde1d76f582ecb7') in 0.0466703 seconds
Number of updated asset objects reloaded before import = 0Number of asset objects unloaded after import = 2

========================================================================
Received Import Request.
  Time since last request: 8.992717 seconds.
  path: Assets/DesksCollection-Mavi3D/Textures/Desk10Textures/Desk10Normal.tga
  artifactKey: Guid(dde3b366fd7cac84b9379de1540ba0f3) Importer(815301076,1909f56bfc062723c751e8b465ee728b)
Start importing Assets/DesksCollection-Mavi3D/Textures/Desk10Textures/Desk10Normal.tga using Guid(dde3b366fd7cac84b9379de1540ba0f3) Importer(815301076,1909f56bfc062723c751e8b465ee728b) (PreviewImporter) -> (artifact id: '03db48c081035932a357a18a04afa6e9') in 0.0355673 seconds
Number of updated asset objects reloaded before import = 0Number of asset objects unloaded after import = 2

========================================================================
Received Import Request.
  Time since last request: 26.688582 seconds.
  path: Assets/DesksCollection-Mavi3D/Textures/NewB/Desk04Mask.tif
  artifactKey: Guid(23ebe59cee873fe478aa577c63f6625d) Importer(815301076,1909f56bfc062723c751e8b465ee728b)
Start importing Assets/DesksCollection-Mavi3D/Textures/NewB/Desk04Mask.tif using Guid(23ebe59cee873fe478aa577c63f6625d) Importer(815301076,1909f56bfc062723c751e8b465ee728b) (PreviewImporter) -> (artifact id: '2ee90076b67f1cfc3b87acbd1b8edca0') in 0.0373443 seconds
Number of updated asset objects reloaded before import = 0Number of asset objects unloaded after import = 2

========================================================================
Received Import Request.
  Time since last request: 0.000026 seconds.
  path: Assets/DesksCollection-Mavi3D/Textures/NewB/Desk05Mask.tif
  artifactKey: Guid(cbd71f2e76cc6ea4d81760ae2a0a202d) Importer(815301076,1909f56bfc062723c751e8b465ee728b)
Start importing Assets/DesksCollection-Mavi3D/Textures/NewB/Desk05Mask.tif using Guid(cbd71f2e76cc6ea4d81760ae2a0a202d) Importer(815301076,1909f56bfc062723c751e8b465ee728b) (PreviewImporter) -> (artifact id: 'ff4013433cdaf6726b2cf2e9ebc47c6c') in 0.0379199 seconds
Number of updated asset objects reloaded before import = 0Number of asset objects unloaded after import = 2

========================================================================
Received Import Request.
  Time since last request: 0.000079 seconds.
  path: Assets/DesksCollection-Mavi3D/Textures/NewB/Desk08Mask.tif
  artifactKey: Guid(026c229baa1665f44a21fbc6d998ee7c) Importer(815301076,1909f56bfc062723c751e8b465ee728b)
Start importing Assets/DesksCollection-Mavi3D/Textures/NewB/Desk08Mask.tif using Guid(026c229baa1665f44a21fbc6d998ee7c) Importer(815301076,1909f56bfc062723c751e8b465ee728b) (PreviewImporter) -> (artifact id: 'dca89176e17269636d4b61ed12243277') in 0.0416867 seconds
Number of updated asset objects reloaded before import = 0Number of asset objects unloaded after import = 2

========================================================================
Received Import Request.
  Time since last request: 16.927156 seconds.
  path: Assets/DesksCollection-Mavi3D/Textures/Desk02Textures/Desk/Desk02Occlusion.tga
  artifactKey: Guid(9cc5362e1275cb34cb87b04182f655da) Importer(815301076,1909f56bfc062723c751e8b465ee728b)
Start importing Assets/DesksCollection-Mavi3D/Textures/Desk02Textures/Desk/Desk02Occlusion.tga using Guid(9cc5362e1275cb34cb87b04182f655da) Importer(815301076,1909f56bfc062723c751e8b465ee728b) (PreviewImporter) -> (artifact id: '98ffec681443370473ba91666b05c99e') in 0.0401684 seconds
Number of updated asset objects reloaded before import = 0Number of asset objects unloaded after import = 2

========================================================================
Received Import Request.
  Time since last request: 9.086410 seconds.
  path: Assets/DesksCollection-Mavi3D/Textures/Desk03Textures/Desk03Normal.tga
  artifactKey: Guid(e650c618d0bb41a4a91b653a20293b31) Importer(815301076,1909f56bfc062723c751e8b465ee728b)
Start importing Assets/DesksCollection-Mavi3D/Textures/Desk03Textures/Desk03Normal.tga using Guid(e650c618d0bb41a4a91b653a20293b31) Importer(815301076,1909f56bfc062723c751e8b465ee728b) (PreviewImporter) -> (artifact id: '97affd3884f6b1ef1bd019a9e891f24d') in 0.0517791 seconds
Number of updated asset objects reloaded before import = 0Number of asset objects unloaded after import = 2

========================================================================
Received Import Request.
  Time since last request: 3.654440 seconds.
  path: Assets/DesksCollection-Mavi3D/Textures/Desk07Textures/Desk07Normal.tga
  artifactKey: Guid(54d520312dd0fd347834d09bbc983533) Importer(815301076,1909f56bfc062723c751e8b465ee728b)
Start importing Assets/DesksCollection-Mavi3D/Textures/Desk07Textures/Desk07Normal.tga using Guid(54d520312dd0fd347834d09bbc983533) Importer(815301076,1909f56bfc062723c751e8b465ee728b) (PreviewImporter) -> (artifact id: '6a92947921290cf5b88cdd92c4e33978') in 0.0543653 seconds
Number of updated asset objects reloaded before import = 0Number of asset objects unloaded after import = 2

========================================================================
Received Import Request.
  Time since last request: 4.173885 seconds.
  path: Assets/DesksCollection-Mavi3D/Textures/Desk08Textures/Desk08Normal.tga
  artifactKey: Guid(15a39de30707fd143a73cc3ddae861cc) Importer(815301076,1909f56bfc062723c751e8b465ee728b)
Start importing Assets/DesksCollection-Mavi3D/Textures/Desk08Textures/Desk08Normal.tga using Guid(15a39de30707fd143a73cc3ddae861cc) Importer(815301076,1909f56bfc062723c751e8b465ee728b) (PreviewImporter) -> (artifact id: '614ea2c849b9ddc3a343691058fd95b1') in 0.0710539 seconds
Number of updated asset objects reloaded before import = 0Number of asset objects unloaded after import = 2

========================================================================
Received Import Request.
  Time since last request: 150.738117 seconds.
  path: Assets/Stylized Wood Textures/Textures/Chevron/Wood_Chevron_basecolor.png
  artifactKey: Guid(dc701068260463c47ac417c3dd942fda) Importer(815301076,1909f56bfc062723c751e8b465ee728b)
Start importing Assets/Stylized Wood Textures/Textures/Chevron/Wood_Chevron_basecolor.png using Guid(dc701068260463c47ac417c3dd942fda) Importer(815301076,1909f56bfc062723c751e8b465ee728b) (PreviewImporter) -> (artifact id: '0cb6025f7ca67ae655a8f6f6dae8cba8') in 0.0226306 seconds
Number of updated asset objects reloaded before import = 0Number of asset objects unloaded after import = 2

========================================================================
Received Import Request.
  Time since last request: 0.000034 seconds.
  path: Assets/Stylized Wood Textures/Textures/Chevron/Wood_Chevron_height.png
  artifactKey: Guid(2b25acc30a6cf214f8c4635ebb5fbba1) Importer(815301076,1909f56bfc062723c751e8b465ee728b)
Start importing Assets/Stylized Wood Textures/Textures/Chevron/Wood_Chevron_height.png using Guid(2b25acc30a6cf214f8c4635ebb5fbba1) Importer(815301076,1909f56bfc062723c751e8b465ee728b) (PreviewImporter) -> (artifact id: 'e462f09fa358c03e3a8f1ea7024583b4') in 0.0288532 seconds
Number of updated asset objects reloaded before import = 0Number of asset objects unloaded after import = 2

========================================================================
Received Import Request.
  Time since last request: 12.467497 seconds.
  path: Assets/Stylized Wood Textures/Textures/Planks/Wood_Planks_height.png
  artifactKey: Guid(3623063cbfe883141939161b36eca79c) Importer(815301076,1909f56bfc062723c751e8b465ee728b)
Start importing Assets/Stylized Wood Textures/Textures/Planks/Wood_Planks_height.png using Guid(3623063cbfe883141939161b36eca79c) Importer(815301076,1909f56bfc062723c751e8b465ee728b) (PreviewImporter) -> (artifact id: '1601a7f97d9c72677de874c3344e63e1') in 0.0339994 seconds
Number of updated asset objects reloaded before import = 0Number of asset objects unloaded after import = 2

========================================================================
Received Import Request.
  Time since last request: 0.000034 seconds.
  path: Assets/Stylized Wood Textures/Textures/Planks/Wood_Planks_metallic.png
  artifactKey: Guid(7fed49ec704c7ae489e477e9e6dde3aa) Importer(815301076,1909f56bfc062723c751e8b465ee728b)
Start importing Assets/Stylized Wood Textures/Textures/Planks/Wood_Planks_metallic.png using Guid(7fed49ec704c7ae489e477e9e6dde3aa) Importer(815301076,1909f56bfc062723c751e8b465ee728b) (PreviewImporter) -> (artifact id: '4c9d9429d0b934ff8e5969861dde29ea') in 0.0288727 seconds
Number of updated asset objects reloaded before import = 0Number of asset objects unloaded after import = 2

========================================================================
Received Import Request.
  Time since last request: 18.565208 seconds.
  path: Assets/Stylized Wood Textures/Textures/Square/Wood_Square_height.png
  artifactKey: Guid(b6fcad0043a441d4ebd9dc3b582b9741) Importer(815301076,1909f56bfc062723c751e8b465ee728b)
Start importing Assets/Stylized Wood Textures/Textures/Square/Wood_Square_height.png using Guid(b6fcad0043a441d4ebd9dc3b582b9741) Importer(815301076,1909f56bfc062723c751e8b465ee728b) (PreviewImporter) -> (artifact id: '110572a366b73a4f420e7873aa1fa4c3') in 0.037961 seconds
Number of updated asset objects reloaded before import = 0Number of asset objects unloaded after import = 2

========================================================================
Received Import Request.
  Time since last request: 0.000238 seconds.
  path: Assets/Stylized Wood Textures/Textures/Square/Wood_Square_normal.png
  artifactKey: Guid(f34c12c780596734b9cbab8fca414acc) Importer(815301076,1909f56bfc062723c751e8b465ee728b)
Start importing Assets/Stylized Wood Textures/Textures/Square/Wood_Square_normal.png using Guid(f34c12c780596734b9cbab8fca414acc) Importer(815301076,1909f56bfc062723c751e8b465ee728b) (PreviewImporter) -> (artifact id: '08c313a5be795c622bd9cdbe723e26fd') in 0.0243542 seconds
Number of updated asset objects reloaded before import = 0Number of asset objects unloaded after import = 2

========================================================================
Received Prepare
Begin MonoManager ReloadAssembly
- Loaded All Assemblies, in  0.762 seconds
Refreshing native plugins compatible for Editor in 1.87 ms, found 3 plugins.
Native extension for WindowsStandalone target not found
Native extension for WebGL target not found
Mono: successfully reloaded assembly
- Finished resetting the current domain, in  0.753 seconds
Domain Reload Profiling: 1518ms
	BeginReloadAssembly (225ms)
		ExecutionOrderSort (0ms)
		DisableScriptedObjects (7ms)
		BackupInstance (0ms)
		ReleaseScriptingObjects (0ms)
		CreateAndSetChildDomain (58ms)
	RebuildCommonClasses (44ms)
	RebuildNativeTypeToScriptingClass (14ms)
	initialDomainReloadingComplete (30ms)
	LoadAllAssembliesAndSetupDomain (452ms)
		LoadAssemblies (371ms)
		RebuildTransferFunctionScriptingTraits (0ms)
		AnalyzeDomain (194ms)
			TypeCache.Refresh (7ms)
				TypeCache.ScanAssembly (0ms)
			BuildScriptInfoCaches (174ms)
			ResolveRequiredComponents (5ms)
	FinalizeReload (753ms)
		ReleaseScriptCaches (0ms)
		RebuildScriptCaches (0ms)
		SetupLoadedEditorAssemblies (590ms)
			LogAssemblyErrors (0ms)
			InitializePlatformSupportModulesInManaged (4ms)
			SetLoadedEditorAssemblies (10ms)
			BeforeProcessingInitializeOnLoad (142ms)
			ProcessInitializeOnLoadAttributes (394ms)
			ProcessInitializeOnLoadMethodAttributes (33ms)
			AfterProcessingInitializeOnLoad (7ms)
			EditorAssembliesLoaded (0ms)
		ExecutionOrderSort2 (0ms)
		AwakeInstancesAfterBackupRestoration (10ms)
Refreshing native plugins compatible for Editor in 1.39 ms, found 3 plugins.
Preloading 0 native plugins for Editor in 0.00 ms.
Unloading 1 Unused Serialized files (Serialized files now loaded: 0)
Unloading 3745 unused Assets / (0.8 MB). Loaded Objects now: 4276.
Memory consumption went from 97.8 MB to 97.1 MB.
Total: 8.134900 ms (FindLiveObjects: 0.517500 ms CreateObjectMapping: 0.527200 ms MarkObjects: 5.477900 ms  DeleteObjects: 1.609700 ms)

Prepare: number of updated asset objects reloaded= 0
========================================================================
Received Import Request.
  Time since last request: 65.621329 seconds.
  path: Assets/DesksCollection-Mavi3D/Textures/Desk05Textures/Desk05Metallic.tif
  artifactKey: Guid(7d1e17135b2022e46aeecca3a7fd16d1) Importer(815301076,1909f56bfc062723c751e8b465ee728b)
Start importing Assets/DesksCollection-Mavi3D/Textures/Desk05Textures/Desk05Metallic.tif using Guid(7d1e17135b2022e46aeecca3a7fd16d1) Importer(815301076,1909f56bfc062723c751e8b465ee728b) (PreviewImporter) -> (artifact id: 'efbc90b728c3c8c1fdc9ae54f53cf5e5') in 0.0842166 seconds
Number of updated asset objects reloaded before import = 0Number of asset objects unloaded after import = 2

========================================================================
Received Import Request.
  Time since last request: 0.000168 seconds.
  path: Assets/DesksCollection-Mavi3D/Textures/Desk05Textures/Desk05Occlusion.tga
  artifactKey: Guid(53d2e8e44b048f84f809a3523a8c4dd8) Importer(815301076,1909f56bfc062723c751e8b465ee728b)
Start importing Assets/DesksCollection-Mavi3D/Textures/Desk05Textures/Desk05Occlusion.tga using Guid(53d2e8e44b048f84f809a3523a8c4dd8) Importer(815301076,1909f56bfc062723c751e8b465ee728b) (PreviewImporter) -> (artifact id: 'fa64a5cfec4fc253f6df8f0a8cbbdd45') in 0.0335933 seconds
Number of updated asset objects reloaded before import = 0Number of asset objects unloaded after import = 2

========================================================================
Received Import Request.
  Time since last request: 0.000438 seconds.
  path: Assets/DesksCollection-Mavi3D/Textures/Desk05Textures/Desk05Roughness.tga
  artifactKey: Guid(c734ca1feb4557f4abf9d9694283a489) Importer(815301076,1909f56bfc062723c751e8b465ee728b)
Start importing Assets/DesksCollection-Mavi3D/Textures/Desk05Textures/Desk05Roughness.tga using Guid(c734ca1feb4557f4abf9d9694283a489) Importer(815301076,1909f56bfc062723c751e8b465ee728b) (PreviewImporter) -> (artifact id: '6cf3ab1ab5d2c64465968a5d3e3e594c') in 0.0344702 seconds
Number of updated asset objects reloaded before import = 0Number of asset objects unloaded after import = 2

Editor requested this worker to shutdown with reason: Scaling down because of idle timeout
AssetImportWorker is now disconnected from the server
Process exiting
Exiting without the bug reporter. Application will terminate with return code 0