Using pre-set license
Built from '6000.0/staging' branch; Version is '6000.0.33f1 (433b0a79340b) revision 4406026'; Using compiler version '193933523'; Build Type 'Release'
OS: 'Windows 11  (10.0.26100) 64bit Core' Language: 'en' Physical Memory: 15973 MB
BatchMode: 1, IsHumanControllingUs: 0, StartBugReporterOnCrash: 0, Is64bit: 1, IsPro: 1

COMMAND LINE ARGUMENTS:
C:\Program Files\Unity\Hub\Editor\6000.0.33f1\Editor\Unity.exe
-adb2
-batchMode
-noUpm
-name
AssetImportWorker4
-projectPath
C:/Users/ethan/My project
-logFile
Logs/AssetImportWorker4.log
-srvPort
58437
-job-worker-count
5
-background-job-worker-count
8
-gc-helper-count
1
Successfully changed project path to: C:/Users/ethan/My project
C:/Users/ethan/My project
[UnityMemory] Configuration Parameters - Can be set up in boot.config
    "memorysetup-bucket-allocator-granularity=16"
    "memorysetup-bucket-allocator-bucket-count=8"
    "memorysetup-bucket-allocator-block-size=33554432"
    "memorysetup-bucket-allocator-block-count=8"
    "memorysetup-main-allocator-block-size=16777216"
    "memorysetup-thread-allocator-block-size=16777216"
    "memorysetup-gfx-main-allocator-block-size=16777216"
    "memorysetup-gfx-thread-allocator-block-size=16777216"
    "memorysetup-cache-allocator-block-size=4194304"
    "memorysetup-typetree-allocator-block-size=2097152"
    "memorysetup-profiler-bucket-allocator-granularity=16"
    "memorysetup-profiler-bucket-allocator-bucket-count=8"
    "memorysetup-profiler-bucket-allocator-block-size=33554432"
    "memorysetup-profiler-bucket-allocator-block-count=8"
    "memorysetup-profiler-allocator-block-size=16777216"
    "memorysetup-profiler-editor-allocator-block-size=1048576"
    "memorysetup-temp-allocator-size-main=16777216"
    "memorysetup-job-temp-allocator-block-size=2097152"
    "memorysetup-job-temp-allocator-block-size-background=1048576"
    "memorysetup-job-temp-allocator-reduction-small-platforms=262144"
    "memorysetup-allocator-temp-initial-block-size-main=262144"
    "memorysetup-allocator-temp-initial-block-size-worker=262144"
    "memorysetup-temp-allocator-size-background-worker=32768"
    "memorysetup-temp-allocator-size-job-worker=262144"
    "memorysetup-temp-allocator-size-preload-manager=33554432"
    "memorysetup-temp-allocator-size-nav-mesh-worker=65536"
    "memorysetup-temp-allocator-size-audio-worker=65536"
    "memorysetup-temp-allocator-size-cloud-worker=32768"
    "memorysetup-temp-allocator-size-gi-baking-worker=262144"
    "memorysetup-temp-allocator-size-gi-baking-worker=262144"
    "memorysetup-temp-allocator-size-gi-baking-worker=262144"
    "memorysetup-temp-allocator-size-gi-baking-worker=262144"
    "memorysetup-temp-allocator-size-gi-baking-worker=262144"
    "memorysetup-temp-allocator-size-gfx=262144"
Player connection [61248]  Target information:

Player connection [61248]  * "[IP] 142.3.80.56 [Port] 0 [Flags] 2 [Guid] 1704548850 [EditorId] 1704548850 [Version] 1048832 [Id] WindowsEditor(7,BOOK-G8AA279PT7) [Debug] 1 [PackageName] WindowsEditor [ProjectName] Editor" 

Player connection [61248] Host joined multi-casting on [225.0.0.222:54997]...
Player connection [61248] Host joined alternative multi-casting on [225.0.0.222:34997]...
JobSystem: Creating JobQueue using job-worker-count value 5
[Physics::Module] Initialized fallback backend.
[Physics::Module] Id: 0xdecafbad
Library Redirect Path: Library/
[Physics::Module] Selected backend.
[Physics::Module] Name: PhysX
[Physics::Module] Id: 0xf2b8ea05
[Physics::Module] SDK Version: 4.1.2
[Physics::Module] Integration Version: 1.0.0
[Physics::Module] Threading Mode: Multi-Threaded
Refreshing native plugins compatible for Editor in 1.97 ms, found 3 plugins.
Preloading 0 native plugins for Editor in 0.00 ms.
Initialize engine version: 6000.0.33f1 (433b0a79340b)
[Subsystems] Discovering subsystems at path C:/Program Files/Unity/Hub/Editor/6000.0.33f1/Editor/Data/Resources/UnitySubsystems
[Subsystems] Discovering subsystems at path C:/Users/ethan/My project/Assets
GfxDevice: creating device client; kGfxThreadingModeNonThreaded
Direct3D:
    Version:  Direct3D 11.0 [level 11.1]
    Renderer: Qualcomm(R) Adreno(TM) X1-85 GPU (ID=0x36334330)
    Vendor:   Qualcomm
    VRAM:     7986 MB
Initialize mono
Mono path[0] = 'C:/Program Files/Unity/Hub/Editor/6000.0.33f1/Editor/Data/Managed'
Mono path[1] = 'C:/Program Files/Unity/Hub/Editor/6000.0.33f1/Editor/Data/MonoBleedingEdge/lib/mono/unityjit-win32'
Mono config path = 'C:/Program Files/Unity/Hub/Editor/6000.0.33f1/Editor/Data/MonoBleedingEdge/etc'
Using monoOptions --debugger-agent=transport=dt_socket,embedding=1,server=y,suspend=n,address=127.0.0.1:56500
Begin MonoManager ReloadAssembly
Registering precompiled unity dll's ...
Register platform support module: C:/Program Files/Unity/Hub/Editor/6000.0.33f1/Editor/Data/PlaybackEngines/WebGLSupport/UnityEditor.WebGL.Extensions.dll
Register platform support module: C:/Program Files/Unity/Hub/Editor/6000.0.33f1/Editor/Data/PlaybackEngines/WindowsStandaloneSupport/UnityEditor.WindowsStandalone.Extensions.dll
Registered in 0.005775 seconds.
- Loaded All Assemblies, in  0.431 seconds
Native extension for WindowsStandalone target not found
Native extension for WebGL target not found
Mono: successfully reloaded assembly
- Finished resetting the current domain, in  0.341 seconds
Domain Reload Profiling: 770ms
	BeginReloadAssembly (157ms)
		ExecutionOrderSort (0ms)
		DisableScriptedObjects (0ms)
		BackupInstance (0ms)
		ReleaseScriptingObjects (0ms)
		CreateAndSetChildDomain (1ms)
	RebuildCommonClasses (37ms)
	RebuildNativeTypeToScriptingClass (13ms)
	initialDomainReloadingComplete (52ms)
	LoadAllAssembliesAndSetupDomain (170ms)
		LoadAssemblies (153ms)
		RebuildTransferFunctionScriptingTraits (0ms)
		AnalyzeDomain (167ms)
			TypeCache.Refresh (165ms)
				TypeCache.ScanAssembly (149ms)
			BuildScriptInfoCaches (0ms)
			ResolveRequiredComponents (1ms)
	FinalizeReload (342ms)
		ReleaseScriptCaches (0ms)
		RebuildScriptCaches (0ms)
		SetupLoadedEditorAssemblies (301ms)
			LogAssemblyErrors (0ms)
			InitializePlatformSupportModulesInManaged (25ms)
			SetLoadedEditorAssemblies (5ms)
			BeforeProcessingInitializeOnLoad (61ms)
			ProcessInitializeOnLoadAttributes (165ms)
			ProcessInitializeOnLoadMethodAttributes (45ms)
			AfterProcessingInitializeOnLoad (0ms)
			EditorAssembliesLoaded (0ms)
		ExecutionOrderSort2 (0ms)
		AwakeInstancesAfterBackupRestoration (0ms)
========================================================================
Worker process is ready to serve import requests
Import Worker Mode flag is 0x00
Begin MonoManager ReloadAssembly
- Loaded All Assemblies, in  0.672 seconds
Refreshing native plugins compatible for Editor in 0.84 ms, found 3 plugins.
Native extension for WindowsStandalone target not found
Native extension for WebGL target not found
Mono: successfully reloaded assembly
- Finished resetting the current domain, in  0.663 seconds
Domain Reload Profiling: 1332ms
	BeginReloadAssembly (154ms)
		ExecutionOrderSort (0ms)
		DisableScriptedObjects (5ms)
		BackupInstance (0ms)
		ReleaseScriptingObjects (0ms)
		CreateAndSetChildDomain (29ms)
	RebuildCommonClasses (38ms)
	RebuildNativeTypeToScriptingClass (13ms)
	initialDomainReloadingComplete (38ms)
	LoadAllAssembliesAndSetupDomain (425ms)
		LoadAssemblies (295ms)
		RebuildTransferFunctionScriptingTraits (0ms)
		AnalyzeDomain (218ms)
			TypeCache.Refresh (168ms)
				TypeCache.ScanAssembly (153ms)
			BuildScriptInfoCaches (42ms)
			ResolveRequiredComponents (4ms)
	FinalizeReload (664ms)
		ReleaseScriptCaches (0ms)
		RebuildScriptCaches (0ms)
		SetupLoadedEditorAssemblies (558ms)
			LogAssemblyErrors (0ms)
			InitializePlatformSupportModulesInManaged (3ms)
			SetLoadedEditorAssemblies (5ms)
			BeforeProcessingInitializeOnLoad (94ms)
			ProcessInitializeOnLoadAttributes (426ms)
			ProcessInitializeOnLoadMethodAttributes (24ms)
			AfterProcessingInitializeOnLoad (6ms)
			EditorAssembliesLoaded (0ms)
		ExecutionOrderSort2 (0ms)
		AwakeInstancesAfterBackupRestoration (8ms)
Launched and connected shader compiler UnityShaderCompiler.exe after 0.02 seconds
Refreshing native plugins compatible for Editor in 1.01 ms, found 3 plugins.
Preloading 0 native plugins for Editor in 0.00 ms.
Unloading 22 Unused Serialized files (Serialized files now loaded: 0)
Unloading 3747 unused Assets / (0.7 MB). Loaded Objects now: 4267.
Memory consumption went from 97.5 MB to 96.8 MB.
Total: 6.826400 ms (FindLiveObjects: 0.864900 ms CreateObjectMapping: 0.135100 ms MarkObjects: 4.480300 ms  DeleteObjects: 1.345200 ms)

========================================================================
Received Prepare
Begin MonoManager ReloadAssembly
- Loaded All Assemblies, in  0.841 seconds
Refreshing native plugins compatible for Editor in 2.26 ms, found 3 plugins.
Native extension for WindowsStandalone target not found
Native extension for WebGL target not found
Mono: successfully reloaded assembly
- Finished resetting the current domain, in  0.909 seconds
Domain Reload Profiling: 1748ms
	BeginReloadAssembly (247ms)
		ExecutionOrderSort (0ms)
		DisableScriptedObjects (8ms)
		BackupInstance (0ms)
		ReleaseScriptingObjects (0ms)
		CreateAndSetChildDomain (59ms)
	RebuildCommonClasses (101ms)
	RebuildNativeTypeToScriptingClass (15ms)
	initialDomainReloadingComplete (31ms)
	LoadAllAssembliesAndSetupDomain (445ms)
		LoadAssemblies (390ms)
		RebuildTransferFunctionScriptingTraits (0ms)
		AnalyzeDomain (183ms)
			TypeCache.Refresh (8ms)
				TypeCache.ScanAssembly (0ms)
			BuildScriptInfoCaches (166ms)
			ResolveRequiredComponents (5ms)
	FinalizeReload (909ms)
		ReleaseScriptCaches (0ms)
		RebuildScriptCaches (0ms)
		SetupLoadedEditorAssemblies (735ms)
			LogAssemblyErrors (0ms)
			InitializePlatformSupportModulesInManaged (6ms)
			SetLoadedEditorAssemblies (7ms)
			BeforeProcessingInitializeOnLoad (145ms)
			ProcessInitializeOnLoadAttributes (538ms)
			ProcessInitializeOnLoadMethodAttributes (32ms)
			AfterProcessingInitializeOnLoad (6ms)
			EditorAssembliesLoaded (0ms)
		ExecutionOrderSort2 (0ms)
		AwakeInstancesAfterBackupRestoration (11ms)
Refreshing native plugins compatible for Editor in 1.99 ms, found 3 plugins.
Preloading 0 native plugins for Editor in 0.00 ms.
Unloading 1 Unused Serialized files (Serialized files now loaded: 0)
Unloading 3745 unused Assets / (418.7 KB). Loaded Objects now: 4268.
Memory consumption went from 93.3 MB to 92.9 MB.
Total: 8.225100 ms (FindLiveObjects: 0.664600 ms CreateObjectMapping: 0.456600 ms MarkObjects: 5.829600 ms  DeleteObjects: 1.272300 ms)

Prepare: number of updated asset objects reloaded= 0
========================================================================
Received Import Request.
  Time since last request: 1785353.456545 seconds.
  path: Assets/Scenes/New Scene.unity
  artifactKey: Guid(d80f17a1dcb42c74f8f4564dd9f6c931) Importer(815301076,1909f56bfc062723c751e8b465ee728b)
Start importing Assets/Scenes/New Scene.unity using Guid(d80f17a1dcb42c74f8f4564dd9f6c931) Importer(815301076,1909f56bfc062723c751e8b465ee728b) (PreviewImporter) -> (artifact id: '788776625960791dd1ac8ced48f41fda') in 0.0098083 seconds
Number of updated asset objects reloaded before import = 0Number of asset objects unloaded after import = 0

========================================================================
Received Import Request.
  Time since last request: 24.565957 seconds.
  path: Assets/Scenes/Level2.unity
  artifactKey: Guid(8b79adbcd24a1954583f3496a8e0d4e9) Importer(815301076,1909f56bfc062723c751e8b465ee728b)
Start importing Assets/Scenes/Level2.unity using Guid(8b79adbcd24a1954583f3496a8e0d4e9) Importer(815301076,1909f56bfc062723c751e8b465ee728b) (PreviewImporter) -> (artifact id: 'b8e71a45fd330255b1b278672a481b55') in 0.0007926 seconds
Number of updated asset objects reloaded before import = 0Number of asset objects unloaded after import = 0

========================================================================
Received Import Request.
  Time since last request: 12.027046 seconds.
  path: Assets/FREE_Cartoon_Halloween_Pack/Materials/Ground.mat
  artifactKey: Guid(89726b83d2e3c22418ba8751edbcfee1) Importer(815301076,1909f56bfc062723c751e8b465ee728b)
Start importing Assets/FREE_Cartoon_Halloween_Pack/Materials/Ground.mat using Guid(89726b83d2e3c22418ba8751edbcfee1) Importer(815301076,1909f56bfc062723c751e8b465ee728b) (PreviewImporter) -> (artifact id: 'cb9bddcf5e276c37b2b01209819e63cf') in 0.2477864 seconds
Number of updated asset objects reloaded before import = 0Number of asset objects unloaded after import = 2

========================================================================
Received Prepare
Begin MonoManager ReloadAssembly
- Loaded All Assemblies, in  0.721 seconds
Refreshing native plugins compatible for Editor in 1.29 ms, found 3 plugins.
Native extension for WindowsStandalone target not found
Native extension for WebGL target not found
Mono: successfully reloaded assembly
- Finished resetting the current domain, in  0.769 seconds
Domain Reload Profiling: 1491ms
	BeginReloadAssembly (210ms)
		ExecutionOrderSort (0ms)
		DisableScriptedObjects (5ms)
		BackupInstance (0ms)
		ReleaseScriptingObjects (0ms)
		CreateAndSetChildDomain (59ms)
	RebuildCommonClasses (47ms)
	RebuildNativeTypeToScriptingClass (13ms)
	initialDomainReloadingComplete (29ms)
	LoadAllAssembliesAndSetupDomain (421ms)
		LoadAssemblies (348ms)
		RebuildTransferFunctionScriptingTraits (0ms)
		AnalyzeDomain (175ms)
			TypeCache.Refresh (10ms)
				TypeCache.ScanAssembly (0ms)
			BuildScriptInfoCaches (156ms)
			ResolveRequiredComponents (5ms)
	FinalizeReload (770ms)
		ReleaseScriptCaches (0ms)
		RebuildScriptCaches (0ms)
		SetupLoadedEditorAssemblies (614ms)
			LogAssemblyErrors (0ms)
			InitializePlatformSupportModulesInManaged (4ms)
			SetLoadedEditorAssemblies (8ms)
			BeforeProcessingInitializeOnLoad (209ms)
			ProcessInitializeOnLoadAttributes (365ms)
			ProcessInitializeOnLoadMethodAttributes (23ms)
			AfterProcessingInitializeOnLoad (5ms)
			EditorAssembliesLoaded (0ms)
		ExecutionOrderSort2 (0ms)
		AwakeInstancesAfterBackupRestoration (6ms)
Refreshing native plugins compatible for Editor in 1.32 ms, found 3 plugins.
Preloading 0 native plugins for Editor in 0.00 ms.
Unloading 0 Unused Serialized files (Serialized files now loaded: 0)
Unloading 3745 unused Assets / (0.8 MB). Loaded Objects now: 4311.
Memory consumption went from 98.2 MB to 97.4 MB.
Total: 6.908700 ms (FindLiveObjects: 0.433600 ms CreateObjectMapping: 0.198500 ms MarkObjects: 4.722200 ms  DeleteObjects: 1.552900 ms)

Prepare: number of updated asset objects reloaded= 0
========================================================================
Received Prepare
Begin MonoManager ReloadAssembly
- Loaded All Assemblies, in  0.682 seconds
Refreshing native plugins compatible for Editor in 1.42 ms, found 3 plugins.
Native extension for WindowsStandalone target not found
Native extension for WebGL target not found
Mono: successfully reloaded assembly
- Finished resetting the current domain, in  0.733 seconds
Domain Reload Profiling: 1415ms
	BeginReloadAssembly (236ms)
		ExecutionOrderSort (0ms)
		DisableScriptedObjects (8ms)
		BackupInstance (0ms)
		ReleaseScriptingObjects (0ms)
		CreateAndSetChildDomain (56ms)
	RebuildCommonClasses (50ms)
	RebuildNativeTypeToScriptingClass (12ms)
	initialDomainReloadingComplete (24ms)
	LoadAllAssembliesAndSetupDomain (358ms)
		LoadAssemblies (321ms)
		RebuildTransferFunctionScriptingTraits (0ms)
		AnalyzeDomain (160ms)
			TypeCache.Refresh (6ms)
				TypeCache.ScanAssembly (0ms)
			BuildScriptInfoCaches (144ms)
			ResolveRequiredComponents (4ms)
	FinalizeReload (733ms)
		ReleaseScriptCaches (0ms)
		RebuildScriptCaches (0ms)
		SetupLoadedEditorAssemblies (595ms)
			LogAssemblyErrors (0ms)
			InitializePlatformSupportModulesInManaged (3ms)
			SetLoadedEditorAssemblies (6ms)
			BeforeProcessingInitializeOnLoad (121ms)
			ProcessInitializeOnLoadAttributes (434ms)
			ProcessInitializeOnLoadMethodAttributes (25ms)
			AfterProcessingInitializeOnLoad (7ms)
			EditorAssembliesLoaded (0ms)
		ExecutionOrderSort2 (0ms)
		AwakeInstancesAfterBackupRestoration (7ms)
Refreshing native plugins compatible for Editor in 1.30 ms, found 3 plugins.
Preloading 0 native plugins for Editor in 0.00 ms.
Unloading 0 Unused Serialized files (Serialized files now loaded: 0)
Unloading 3745 unused Assets / (0.6 MB). Loaded Objects now: 4311.
Memory consumption went from 98.2 MB to 97.6 MB.
Total: 6.217700 ms (FindLiveObjects: 0.370300 ms CreateObjectMapping: 0.179900 ms MarkObjects: 4.831000 ms  DeleteObjects: 0.835100 ms)

Prepare: number of updated asset objects reloaded= 0
========================================================================
Received Prepare
Begin MonoManager ReloadAssembly
- Loaded All Assemblies, in  0.643 seconds
Refreshing native plugins compatible for Editor in 0.96 ms, found 3 plugins.
Native extension for WindowsStandalone target not found
Native extension for WebGL target not found
Mono: successfully reloaded assembly
- Finished resetting the current domain, in  0.704 seconds
Domain Reload Profiling: 1341ms
	BeginReloadAssembly (182ms)
		ExecutionOrderSort (0ms)
		DisableScriptedObjects (6ms)
		BackupInstance (0ms)
		ReleaseScriptingObjects (0ms)
		CreateAndSetChildDomain (48ms)
	RebuildCommonClasses (39ms)
	RebuildNativeTypeToScriptingClass (15ms)
	initialDomainReloadingComplete (26ms)
	LoadAllAssembliesAndSetupDomain (375ms)
		LoadAssemblies (293ms)
		RebuildTransferFunctionScriptingTraits (0ms)
		AnalyzeDomain (169ms)
			TypeCache.Refresh (8ms)
				TypeCache.ScanAssembly (0ms)
			BuildScriptInfoCaches (152ms)
			ResolveRequiredComponents (4ms)
	FinalizeReload (704ms)
		ReleaseScriptCaches (0ms)
		RebuildScriptCaches (0ms)
		SetupLoadedEditorAssemblies (561ms)
			LogAssemblyErrors (0ms)
			InitializePlatformSupportModulesInManaged (4ms)
			SetLoadedEditorAssemblies (7ms)
			BeforeProcessingInitializeOnLoad (129ms)
			ProcessInitializeOnLoadAttributes (379ms)
			ProcessInitializeOnLoadMethodAttributes (35ms)
			AfterProcessingInitializeOnLoad (7ms)
			EditorAssembliesLoaded (0ms)
		ExecutionOrderSort2 (0ms)
		AwakeInstancesAfterBackupRestoration (10ms)
Refreshing native plugins compatible for Editor in 2.86 ms, found 3 plugins.
Preloading 0 native plugins for Editor in 0.00 ms.
Unloading 0 Unused Serialized files (Serialized files now loaded: 0)
Unloading 3745 unused Assets / (0.7 MB). Loaded Objects now: 4311.
Memory consumption went from 98.2 MB to 97.5 MB.
Total: 7.399300 ms (FindLiveObjects: 0.465200 ms CreateObjectMapping: 0.326700 ms MarkObjects: 5.401200 ms  DeleteObjects: 1.204900 ms)

Prepare: number of updated asset objects reloaded= 0
========================================================================
Received Prepare
Begin MonoManager ReloadAssembly
- Loaded All Assemblies, in  0.616 seconds
Refreshing native plugins compatible for Editor in 0.98 ms, found 3 plugins.
Native extension for WindowsStandalone target not found
Native extension for WebGL target not found
Mono: successfully reloaded assembly
- Finished resetting the current domain, in  0.693 seconds
Domain Reload Profiling: 1309ms
	BeginReloadAssembly (183ms)
		ExecutionOrderSort (0ms)
		DisableScriptedObjects (7ms)
		BackupInstance (0ms)
		ReleaseScriptingObjects (0ms)
		CreateAndSetChildDomain (47ms)
	RebuildCommonClasses (36ms)
	RebuildNativeTypeToScriptingClass (13ms)
	initialDomainReloadingComplete (24ms)
	LoadAllAssembliesAndSetupDomain (360ms)
		LoadAssemblies (288ms)
		RebuildTransferFunctionScriptingTraits (0ms)
		AnalyzeDomain (161ms)
			TypeCache.Refresh (7ms)
				TypeCache.ScanAssembly (0ms)
			BuildScriptInfoCaches (145ms)
			ResolveRequiredComponents (4ms)
	FinalizeReload (693ms)
		ReleaseScriptCaches (0ms)
		RebuildScriptCaches (0ms)
		SetupLoadedEditorAssemblies (558ms)
			LogAssemblyErrors (0ms)
			InitializePlatformSupportModulesInManaged (3ms)
			SetLoadedEditorAssemblies (6ms)
			BeforeProcessingInitializeOnLoad (132ms)
			ProcessInitializeOnLoadAttributes (384ms)
			ProcessInitializeOnLoadMethodAttributes (26ms)
			AfterProcessingInitializeOnLoad (7ms)
			EditorAssembliesLoaded (0ms)
		ExecutionOrderSort2 (0ms)
		AwakeInstancesAfterBackupRestoration (8ms)
Refreshing native plugins compatible for Editor in 1.25 ms, found 3 plugins.
Preloading 0 native plugins for Editor in 0.00 ms.
Unloading 0 Unused Serialized files (Serialized files now loaded: 0)
Unloading 3745 unused Assets / (0.9 MB). Loaded Objects now: 4311.
Memory consumption went from 98.2 MB to 97.3 MB.
Total: 7.137400 ms (FindLiveObjects: 0.371600 ms CreateObjectMapping: 0.155000 ms MarkObjects: 5.082800 ms  DeleteObjects: 1.526600 ms)

Prepare: number of updated asset objects reloaded= 0
========================================================================
Received Prepare
Begin MonoManager ReloadAssembly
- Loaded All Assemblies, in  0.626 seconds
Refreshing native plugins compatible for Editor in 1.03 ms, found 3 plugins.
Native extension for WindowsStandalone target not found
Native extension for WebGL target not found
Mono: successfully reloaded assembly
- Finished resetting the current domain, in  0.713 seconds
Domain Reload Profiling: 1339ms
	BeginReloadAssembly (183ms)
		ExecutionOrderSort (0ms)
		DisableScriptedObjects (5ms)
		BackupInstance (0ms)
		ReleaseScriptingObjects (0ms)
		CreateAndSetChildDomain (46ms)
	RebuildCommonClasses (38ms)
	RebuildNativeTypeToScriptingClass (14ms)
	initialDomainReloadingComplete (24ms)
	LoadAllAssembliesAndSetupDomain (367ms)
		LoadAssemblies (294ms)
		RebuildTransferFunctionScriptingTraits (0ms)
		AnalyzeDomain (164ms)
			TypeCache.Refresh (7ms)
				TypeCache.ScanAssembly (0ms)
			BuildScriptInfoCaches (147ms)
			ResolveRequiredComponents (4ms)
	FinalizeReload (714ms)
		ReleaseScriptCaches (0ms)
		RebuildScriptCaches (0ms)
		SetupLoadedEditorAssemblies (566ms)
			LogAssemblyErrors (0ms)
			InitializePlatformSupportModulesInManaged (3ms)
			SetLoadedEditorAssemblies (6ms)
			BeforeProcessingInitializeOnLoad (125ms)
			ProcessInitializeOnLoadAttributes (382ms)
			ProcessInitializeOnLoadMethodAttributes (38ms)
			AfterProcessingInitializeOnLoad (12ms)
			EditorAssembliesLoaded (0ms)
		ExecutionOrderSort2 (0ms)
		AwakeInstancesAfterBackupRestoration (12ms)
Refreshing native plugins compatible for Editor in 2.10 ms, found 3 plugins.
Preloading 0 native plugins for Editor in 0.00 ms.
Unloading 0 Unused Serialized files (Serialized files now loaded: 0)
Unloading 3745 unused Assets / (0.5 MB). Loaded Objects now: 4311.
Memory consumption went from 98.2 MB to 97.6 MB.
Total: 10.152500 ms (FindLiveObjects: 0.440000 ms CreateObjectMapping: 0.323800 ms MarkObjects: 6.639900 ms  DeleteObjects: 2.747200 ms)

Prepare: number of updated asset objects reloaded= 0
========================================================================
Received Import Request.
  Time since last request: 300.038723 seconds.
  path: Assets/DesksCollection-Mavi3D/Textures/Desk04Textures
  artifactKey: Guid(0e1eae2398552474d8fde9c4381c9c2c) Importer(815301076,1909f56bfc062723c751e8b465ee728b)
Start importing Assets/DesksCollection-Mavi3D/Textures/Desk04Textures using Guid(0e1eae2398552474d8fde9c4381c9c2c) Importer(815301076,1909f56bfc062723c751e8b465ee728b) (PreviewImporter) -> (artifact id: 'dc1013d777d52f40472a913bcc6ea6de') in 0.0024561 seconds
Number of updated asset objects reloaded before import = 0Number of asset objects unloaded after import = 0

========================================================================
Received Import Request.
  Time since last request: 0.071203 seconds.
  path: Assets/DesksCollection-Mavi3D/Textures/Desk04Textures/Desk04Albedo.tga
  artifactKey: Guid(abadade81f808034da8ca06a61a87f57) Importer(815301076,1909f56bfc062723c751e8b465ee728b)
Start importing Assets/DesksCollection-Mavi3D/Textures/Desk04Textures/Desk04Albedo.tga using Guid(abadade81f808034da8ca06a61a87f57) Importer(815301076,1909f56bfc062723c751e8b465ee728b) (PreviewImporter) -> (artifact id: '5bab5cc5adcbdebccf3f5dcc5ecc49f9') in 0.1208805 seconds
Number of updated asset objects reloaded before import = 0Number of asset objects unloaded after import = 2

========================================================================
Received Import Request.
  Time since last request: 0.000027 seconds.
  path: Assets/DesksCollection-Mavi3D/Textures/Desk04Textures/Desk04Roughness.tga
  artifactKey: Guid(131b012f44ecde0479738af0a6259c8a) Importer(815301076,1909f56bfc062723c751e8b465ee728b)
Start importing Assets/DesksCollection-Mavi3D/Textures/Desk04Textures/Desk04Roughness.tga using Guid(131b012f44ecde0479738af0a6259c8a) Importer(815301076,1909f56bfc062723c751e8b465ee728b) (PreviewImporter) -> (artifact id: '6a9c711d8a64dd6164a4d71617488281') in 0.0296251 seconds
Number of updated asset objects reloaded before import = 0Number of asset objects unloaded after import = 2

========================================================================
Received Import Request.
  Time since last request: 0.000077 seconds.
  path: Assets/DesksCollection-Mavi3D/Textures/Desk04Textures/Desk04Metallic.tga
  artifactKey: Guid(d889e7e9f3519a248b81e49c6023a35f) Importer(815301076,1909f56bfc062723c751e8b465ee728b)
Start importing Assets/DesksCollection-Mavi3D/Textures/Desk04Textures/Desk04Metallic.tga using Guid(d889e7e9f3519a248b81e49c6023a35f) Importer(815301076,1909f56bfc062723c751e8b465ee728b) (PreviewImporter) -> (artifact id: '08a5928740e3d013c09572aaaa259373') in 0.0288845 seconds
Number of updated asset objects reloaded before import = 0Number of asset objects unloaded after import = 2

========================================================================
Received Import Request.
  Time since last request: 11.445679 seconds.
  path: Assets/DesksCollection-Mavi3D/Textures/Desk04Textures/Materials
  artifactKey: Guid(b91dfc2d22346e442b72e5f2034c7588) Importer(815301076,1909f56bfc062723c751e8b465ee728b)
Start importing Assets/DesksCollection-Mavi3D/Textures/Desk04Textures/Materials using Guid(b91dfc2d22346e442b72e5f2034c7588) Importer(815301076,1909f56bfc062723c751e8b465ee728b) (PreviewImporter) -> (artifact id: 'b0225df769a82331da294f9548330fee') in 0.0023744 seconds
Number of updated asset objects reloaded before import = 0Number of asset objects unloaded after import = 0

========================================================================
Received Import Request.
  Time since last request: 0.079836 seconds.
  path: Assets/DesksCollection-Mavi3D/Textures/Desk04Textures/Materials/Desk04Albedo.mat
  artifactKey: Guid(e119c1d8474c03640beb3a35c2876428) Importer(815301076,1909f56bfc062723c751e8b465ee728b)
Start importing Assets/DesksCollection-Mavi3D/Textures/Desk04Textures/Materials/Desk04Albedo.mat using Guid(e119c1d8474c03640beb3a35c2876428) Importer(815301076,1909f56bfc062723c751e8b465ee728b) (PreviewImporter) -> (artifact id: '1360e3a197c8bf397793184ec79caf6d') in 0.1731523 seconds
Number of updated asset objects reloaded before import = 0Number of asset objects unloaded after import = 2

========================================================================
Received Import Request.
  Time since last request: 7.536173 seconds.
  path: Assets/DesksCollection-Mavi3D/Materials
  artifactKey: Guid(c598814326fc0744f8c3d0aa6b04e8e9) Importer(815301076,1909f56bfc062723c751e8b465ee728b)
Start importing Assets/DesksCollection-Mavi3D/Materials using Guid(c598814326fc0744f8c3d0aa6b04e8e9) Importer(815301076,1909f56bfc062723c751e8b465ee728b) (PreviewImporter) -> (artifact id: '833903ba5cfe23a803f8365b13cf06ef') in 0.0013196 seconds
Number of updated asset objects reloaded before import = 0Number of asset objects unloaded after import = 0

========================================================================
Received Import Request.
  Time since last request: 18.921420 seconds.
  path: Assets/DesksCollection-Mavi3D/Textures
  artifactKey: Guid(aa8a28353d7611b44bab815c2957b307) Importer(815301076,1909f56bfc062723c751e8b465ee728b)
Start importing Assets/DesksCollection-Mavi3D/Textures using Guid(aa8a28353d7611b44bab815c2957b307) Importer(815301076,1909f56bfc062723c751e8b465ee728b) (PreviewImporter) -> (artifact id: '84da2cb274d639d2409b8cc65125fb51') in 0.0011186 seconds
Number of updated asset objects reloaded before import = 0Number of asset objects unloaded after import = 0

========================================================================
Received Import Request.
  Time since last request: 11.830544 seconds.
  path: Assets/DesksCollection-Mavi3D/Textures/Desk01Textures
  artifactKey: Guid(5200beb25cc75624b9c41e2176b7c403) Importer(815301076,1909f56bfc062723c751e8b465ee728b)
Start importing Assets/DesksCollection-Mavi3D/Textures/Desk01Textures using Guid(5200beb25cc75624b9c41e2176b7c403) Importer(815301076,1909f56bfc062723c751e8b465ee728b) (PreviewImporter) -> (artifact id: 'f5f33aa48ce019092b99c46a45f2609a') in 0.0010321 seconds
Number of updated asset objects reloaded before import = 0Number of asset objects unloaded after import = 0

========================================================================
Received Import Request.
  Time since last request: 0.076835 seconds.
  path: Assets/DesksCollection-Mavi3D/Textures/Desk01Textures/Desk01Albedo.tga
  artifactKey: Guid(4cdc8892828f65a4fb97496f3ac58500) Importer(815301076,1909f56bfc062723c751e8b465ee728b)
Start importing Assets/DesksCollection-Mavi3D/Textures/Desk01Textures/Desk01Albedo.tga using Guid(4cdc8892828f65a4fb97496f3ac58500) Importer(815301076,1909f56bfc062723c751e8b465ee728b) (PreviewImporter) -> (artifact id: '5c650708892f344f83c0bf58dc2136ea') in 0.0350553 seconds
Number of updated asset objects reloaded before import = 0Number of asset objects unloaded after import = 2

========================================================================
Received Import Request.
  Time since last request: 0.000022 seconds.
  path: Assets/DesksCollection-Mavi3D/Textures/Desk01Textures/Desk01Roughness.tga
  artifactKey: Guid(65fb842d855452b4bbfd0b898c05e5ab) Importer(815301076,1909f56bfc062723c751e8b465ee728b)
Start importing Assets/DesksCollection-Mavi3D/Textures/Desk01Textures/Desk01Roughness.tga using Guid(65fb842d855452b4bbfd0b898c05e5ab) Importer(815301076,1909f56bfc062723c751e8b465ee728b) (PreviewImporter) -> (artifact id: 'd86fb5408538d290a9d27b7f3c0db97c') in 0.0281688 seconds
Number of updated asset objects reloaded before import = 0Number of asset objects unloaded after import = 2

========================================================================
Received Import Request.
  Time since last request: 17.474911 seconds.
  path: Assets/DesksCollection-Mavi3D/Textures/Desk06Textures
  artifactKey: Guid(4c435a5c7c949f142ab3329dc2b99e19) Importer(815301076,1909f56bfc062723c751e8b465ee728b)
Start importing Assets/DesksCollection-Mavi3D/Textures/Desk06Textures using Guid(4c435a5c7c949f142ab3329dc2b99e19) Importer(815301076,1909f56bfc062723c751e8b465ee728b) (PreviewImporter) -> (artifact id: '08de0dbc62bc3320df6c1fd624c10d86') in 0.0012647 seconds
Number of updated asset objects reloaded before import = 0Number of asset objects unloaded after import = 0

========================================================================
Received Import Request.
  Time since last request: 0.084186 seconds.
  path: Assets/DesksCollection-Mavi3D/Textures/Desk06Textures/Desk06Albedo.tga
  artifactKey: Guid(724a95bea4e3aa241bf12bc472b9580d) Importer(815301076,1909f56bfc062723c751e8b465ee728b)
Start importing Assets/DesksCollection-Mavi3D/Textures/Desk06Textures/Desk06Albedo.tga using Guid(724a95bea4e3aa241bf12bc472b9580d) Importer(815301076,1909f56bfc062723c751e8b465ee728b) (PreviewImporter) -> (artifact id: 'adcf4d9dc64e67ac01d614fb5856dd30') in 0.0334864 seconds
Number of updated asset objects reloaded before import = 0Number of asset objects unloaded after import = 2

========================================================================
Received Import Request.
  Time since last request: 0.000134 seconds.
  path: Assets/DesksCollection-Mavi3D/Textures/Desk06Textures/Desk06Roughness.tga
  artifactKey: Guid(5f1a015b5fdf2cd4c896ea6dc13223a8) Importer(815301076,1909f56bfc062723c751e8b465ee728b)
Start importing Assets/DesksCollection-Mavi3D/Textures/Desk06Textures/Desk06Roughness.tga using Guid(5f1a015b5fdf2cd4c896ea6dc13223a8) Importer(815301076,1909f56bfc062723c751e8b465ee728b) (PreviewImporter) -> (artifact id: '4a1821f9985079b8db5a4ee8fffd8e9b') in 0.0422482 seconds
Number of updated asset objects reloaded before import = 0Number of asset objects unloaded after import = 2

========================================================================
Received Import Request.
  Time since last request: 17.171561 seconds.
  path: Assets/DesksCollection-Mavi3D/Textures/Desk09Textures
  artifactKey: Guid(e336f5faf0bf984459e9e3030df26789) Importer(815301076,1909f56bfc062723c751e8b465ee728b)
Start importing Assets/DesksCollection-Mavi3D/Textures/Desk09Textures using Guid(e336f5faf0bf984459e9e3030df26789) Importer(815301076,1909f56bfc062723c751e8b465ee728b) (PreviewImporter) -> (artifact id: '619abee5deae4edc918e5f8897fa365a') in 0.0009775 seconds
Number of updated asset objects reloaded before import = 0Number of asset objects unloaded after import = 0

========================================================================
Received Import Request.
  Time since last request: 0.047857 seconds.
  path: Assets/DesksCollection-Mavi3D/Textures/Desk09Textures/Desk09Albedo.tga
  artifactKey: Guid(c3fdbaa68c3f07245b2d3603dd4f3c73) Importer(815301076,1909f56bfc062723c751e8b465ee728b)
Start importing Assets/DesksCollection-Mavi3D/Textures/Desk09Textures/Desk09Albedo.tga using Guid(c3fdbaa68c3f07245b2d3603dd4f3c73) Importer(815301076,1909f56bfc062723c751e8b465ee728b) (PreviewImporter) -> (artifact id: '5881e748219f5a5accd5f3a61e7e9bf1') in 0.0387341 seconds
Number of updated asset objects reloaded before import = 0Number of asset objects unloaded after import = 2

========================================================================
Received Import Request.
  Time since last request: 0.000016 seconds.
  path: Assets/DesksCollection-Mavi3D/Textures/Desk09Textures/Desk09Occlusion.tga
  artifactKey: Guid(688ec09a5f168cc4ab7efaf22f4dc916) Importer(815301076,1909f56bfc062723c751e8b465ee728b)
Start importing Assets/DesksCollection-Mavi3D/Textures/Desk09Textures/Desk09Occlusion.tga using Guid(688ec09a5f168cc4ab7efaf22f4dc916) Importer(815301076,1909f56bfc062723c751e8b465ee728b) (PreviewImporter) -> (artifact id: '35bf89d969a38343c402e45948d58740') in 0.0273691 seconds
Number of updated asset objects reloaded before import = 0Number of asset objects unloaded after import = 2

========================================================================
Received Import Request.
  Time since last request: 8.936204 seconds.
  path: Assets/DesksCollection-Mavi3D/Textures/Desk10Textures
  artifactKey: Guid(bb8a4f09a528cb240802ddb2eeb57845) Importer(815301076,1909f56bfc062723c751e8b465ee728b)
Start importing Assets/DesksCollection-Mavi3D/Textures/Desk10Textures using Guid(bb8a4f09a528cb240802ddb2eeb57845) Importer(815301076,1909f56bfc062723c751e8b465ee728b) (PreviewImporter) -> (artifact id: '499c1172dcefab635a253c951d8ff06a') in 0.0009052 seconds
Number of updated asset objects reloaded before import = 0Number of asset objects unloaded after import = 0

========================================================================
Received Import Request.
  Time since last request: 0.033734 seconds.
  path: Assets/DesksCollection-Mavi3D/Textures/Desk10Textures/Desk10Albedo.tga
  artifactKey: Guid(d09d546aaf5908a44ad96cb1e80c8db5) Importer(815301076,1909f56bfc062723c751e8b465ee728b)
Start importing Assets/DesksCollection-Mavi3D/Textures/Desk10Textures/Desk10Albedo.tga using Guid(d09d546aaf5908a44ad96cb1e80c8db5) Importer(815301076,1909f56bfc062723c751e8b465ee728b) (PreviewImporter) -> (artifact id: '8b91dd055becbb9542e07d0746c4f737') in 0.0243527 seconds
Number of updated asset objects reloaded before import = 0Number of asset objects unloaded after import = 2

========================================================================
Received Import Request.
  Time since last request: 0.000021 seconds.
  path: Assets/DesksCollection-Mavi3D/Textures/Desk10Textures/Desk10Roughness.tga
  artifactKey: Guid(0e6e97621354a464fa7a81279413fbe6) Importer(815301076,1909f56bfc062723c751e8b465ee728b)
Start importing Assets/DesksCollection-Mavi3D/Textures/Desk10Textures/Desk10Roughness.tga using Guid(0e6e97621354a464fa7a81279413fbe6) Importer(815301076,1909f56bfc062723c751e8b465ee728b) (PreviewImporter) -> (artifact id: '8459ca8a395f4dd5fbe864e6bb1ae2f1') in 0.0404314 seconds
Number of updated asset objects reloaded before import = 0Number of asset objects unloaded after import = 2

========================================================================
Received Import Request.
  Time since last request: 26.610261 seconds.
  path: Assets/DesksCollection-Mavi3D/Textures/NewB
  artifactKey: Guid(a843f8762c10e714c9bf631a25e4f5c1) Importer(815301076,1909f56bfc062723c751e8b465ee728b)
Start importing Assets/DesksCollection-Mavi3D/Textures/NewB using Guid(a843f8762c10e714c9bf631a25e4f5c1) Importer(815301076,1909f56bfc062723c751e8b465ee728b) (PreviewImporter) -> (artifact id: 'bbd68b232403cb36547375673ebc4c58') in 0.001136 seconds
Number of updated asset objects reloaded before import = 0Number of asset objects unloaded after import = 0

========================================================================
Received Import Request.
  Time since last request: 0.047617 seconds.
  path: Assets/DesksCollection-Mavi3D/Textures/NewB/Desk01Mask.tif
  artifactKey: Guid(55e4b7e816fcffe4f8ed5f894689bc65) Importer(815301076,1909f56bfc062723c751e8b465ee728b)
Start importing Assets/DesksCollection-Mavi3D/Textures/NewB/Desk01Mask.tif using Guid(55e4b7e816fcffe4f8ed5f894689bc65) Importer(815301076,1909f56bfc062723c751e8b465ee728b) (PreviewImporter) -> (artifact id: 'f44a37385ab68dbcb03562578b04c526') in 0.0335536 seconds
Number of updated asset objects reloaded before import = 0Number of asset objects unloaded after import = 2

========================================================================
Received Import Request.
  Time since last request: 0.000020 seconds.
  path: Assets/DesksCollection-Mavi3D/Textures/NewB/Desk06Mask.tif
  artifactKey: Guid(9250d26086a6bc64194bd27e154adbdd) Importer(815301076,1909f56bfc062723c751e8b465ee728b)
Start importing Assets/DesksCollection-Mavi3D/Textures/NewB/Desk06Mask.tif using Guid(9250d26086a6bc64194bd27e154adbdd) Importer(815301076,1909f56bfc062723c751e8b465ee728b) (PreviewImporter) -> (artifact id: '2fb0d6f528b32996225357729ff7cab4') in 0.0438545 seconds
Number of updated asset objects reloaded before import = 0Number of asset objects unloaded after import = 2

========================================================================
Received Import Request.
  Time since last request: 0.000034 seconds.
  path: Assets/DesksCollection-Mavi3D/Textures/NewB/Desk010Mask.tif
  artifactKey: Guid(665a893582eede74397d62a20ba27e3f) Importer(815301076,1909f56bfc062723c751e8b465ee728b)
Start importing Assets/DesksCollection-Mavi3D/Textures/NewB/Desk010Mask.tif using Guid(665a893582eede74397d62a20ba27e3f) Importer(815301076,1909f56bfc062723c751e8b465ee728b) (PreviewImporter) -> (artifact id: '945797211632a6e976c13cb5b0519e3d') in 0.0414566 seconds
Number of updated asset objects reloaded before import = 0Number of asset objects unloaded after import = 2

========================================================================
Received Import Request.
  Time since last request: 1.177499 seconds.
  path: Assets/DesksCollection-Mavi3D/Textures/NewB/DeskO2
  artifactKey: Guid(7df521d5b2538574e83bb57b1b3364c3) Importer(815301076,1909f56bfc062723c751e8b465ee728b)
Start importing Assets/DesksCollection-Mavi3D/Textures/NewB/DeskO2 using Guid(7df521d5b2538574e83bb57b1b3364c3) Importer(815301076,1909f56bfc062723c751e8b465ee728b) (PreviewImporter) -> (artifact id: '186edde0be425f2de9c01f4686dd2494') in 0.0011269 seconds
Number of updated asset objects reloaded before import = 0Number of asset objects unloaded after import = 0

========================================================================
Received Import Request.
  Time since last request: 0.085208 seconds.
  path: Assets/DesksCollection-Mavi3D/Textures/NewB/DeskO2/Desk02DrawerMask.tif
  artifactKey: Guid(1a6e24982d0050948abeaef8bcdd5ab5) Importer(815301076,1909f56bfc062723c751e8b465ee728b)
Start importing Assets/DesksCollection-Mavi3D/Textures/NewB/DeskO2/Desk02DrawerMask.tif using Guid(1a6e24982d0050948abeaef8bcdd5ab5) Importer(815301076,1909f56bfc062723c751e8b465ee728b) (PreviewImporter) -> (artifact id: '14ab88f4113ca1e666d15668e3f6c0cd') in 0.0305897 seconds
Number of updated asset objects reloaded before import = 0Number of asset objects unloaded after import = 2

========================================================================
Received Import Request.
  Time since last request: 14.475250 seconds.
  path: Assets/DesksCollection-Mavi3D/Textures/Desk02Textures
  artifactKey: Guid(2cdc4942995b08b40a14b2a8eff2f19a) Importer(815301076,1909f56bfc062723c751e8b465ee728b)
Start importing Assets/DesksCollection-Mavi3D/Textures/Desk02Textures using Guid(2cdc4942995b08b40a14b2a8eff2f19a) Importer(815301076,1909f56bfc062723c751e8b465ee728b) (PreviewImporter) -> (artifact id: 'dbf3c343f3f4670791b90cd3170c507e') in 0.0010751 seconds
Number of updated asset objects reloaded before import = 0Number of asset objects unloaded after import = 0

========================================================================
Received Import Request.
  Time since last request: 1.085133 seconds.
  path: Assets/DesksCollection-Mavi3D/Textures/Desk02Textures/Desk
  artifactKey: Guid(13e4ce8bcf23bd94db86a71904e20757) Importer(815301076,1909f56bfc062723c751e8b465ee728b)
Start importing Assets/DesksCollection-Mavi3D/Textures/Desk02Textures/Desk using Guid(13e4ce8bcf23bd94db86a71904e20757) Importer(815301076,1909f56bfc062723c751e8b465ee728b) (PreviewImporter) -> (artifact id: 'c3fa89d44a80cbc9c8fa8b85db7b74e8') in 0.0008267 seconds
Number of updated asset objects reloaded before import = 0Number of asset objects unloaded after import = 0

========================================================================
Received Import Request.
  Time since last request: 0.061542 seconds.
  path: Assets/DesksCollection-Mavi3D/Textures/Desk02Textures/Desk/Desk02Albedo.tga
  artifactKey: Guid(d3d2036086d4f1e46a2987d177a5c46f) Importer(815301076,1909f56bfc062723c751e8b465ee728b)
Start importing Assets/DesksCollection-Mavi3D/Textures/Desk02Textures/Desk/Desk02Albedo.tga using Guid(d3d2036086d4f1e46a2987d177a5c46f) Importer(815301076,1909f56bfc062723c751e8b465ee728b) (PreviewImporter) -> (artifact id: 'bfd62fbf00f529122581fbbb52a1c5e9') in 0.0380089 seconds
Number of updated asset objects reloaded before import = 0Number of asset objects unloaded after import = 2

========================================================================
Received Import Request.
  Time since last request: 2.786084 seconds.
  path: Assets/DesksCollection-Mavi3D/Textures/Desk02Textures/Drawer
  artifactKey: Guid(70c9ead59c46b974f993585268233682) Importer(815301076,1909f56bfc062723c751e8b465ee728b)
Start importing Assets/DesksCollection-Mavi3D/Textures/Desk02Textures/Drawer using Guid(70c9ead59c46b974f993585268233682) Importer(815301076,1909f56bfc062723c751e8b465ee728b) (PreviewImporter) -> (artifact id: 'cfedfbaf29df93aa6c362ad1ebf1f639') in 0.0010361 seconds
Number of updated asset objects reloaded before import = 0Number of asset objects unloaded after import = 0

========================================================================
Received Import Request.
  Time since last request: 0.103040 seconds.
  path: Assets/DesksCollection-Mavi3D/Textures/Desk02Textures/Drawer/DrawerOcclusion.tga
  artifactKey: Guid(ab9ad75b9f679a549a9e1b7189131a63) Importer(815301076,1909f56bfc062723c751e8b465ee728b)
Start importing Assets/DesksCollection-Mavi3D/Textures/Desk02Textures/Drawer/DrawerOcclusion.tga using Guid(ab9ad75b9f679a549a9e1b7189131a63) Importer(815301076,1909f56bfc062723c751e8b465ee728b) (PreviewImporter) -> (artifact id: '6d6a5ea3a571e39dcdfb88c8398d7dc1') in 0.0468274 seconds
Number of updated asset objects reloaded before import = 0Number of asset objects unloaded after import = 2

========================================================================
Received Import Request.
  Time since last request: 6.057290 seconds.
  path: Assets/DesksCollection-Mavi3D/Textures/Desk03Textures
  artifactKey: Guid(fb13dc79bd8dd0440902bf793e526025) Importer(815301076,1909f56bfc062723c751e8b465ee728b)
Start importing Assets/DesksCollection-Mavi3D/Textures/Desk03Textures using Guid(fb13dc79bd8dd0440902bf793e526025) Importer(815301076,1909f56bfc062723c751e8b465ee728b) (PreviewImporter) -> (artifact id: 'd547c814cb1bcd9be531284bf3f1c8a1') in 0.0008942 seconds
Number of updated asset objects reloaded before import = 0Number of asset objects unloaded after import = 0

========================================================================
Received Import Request.
  Time since last request: 0.089871 seconds.
  path: Assets/DesksCollection-Mavi3D/Textures/Desk03Textures/Desk03Albedo.tga
  artifactKey: Guid(b5dba2a3c670b164186fd42a576f10ce) Importer(815301076,1909f56bfc062723c751e8b465ee728b)
Start importing Assets/DesksCollection-Mavi3D/Textures/Desk03Textures/Desk03Albedo.tga using Guid(b5dba2a3c670b164186fd42a576f10ce) Importer(815301076,1909f56bfc062723c751e8b465ee728b) (PreviewImporter) -> (artifact id: 'fddb58289a2d2b7ceb9f6047075abe6a') in 0.0553161 seconds
Number of updated asset objects reloaded before import = 0Number of asset objects unloaded after import = 2

========================================================================
Received Import Request.
  Time since last request: 0.000117 seconds.
  path: Assets/DesksCollection-Mavi3D/Textures/Desk03Textures/Desk03Occlusion.tga
  artifactKey: Guid(18de98315002c6547ac2785ad67b0392) Importer(815301076,1909f56bfc062723c751e8b465ee728b)
Start importing Assets/DesksCollection-Mavi3D/Textures/Desk03Textures/Desk03Occlusion.tga using Guid(18de98315002c6547ac2785ad67b0392) Importer(815301076,1909f56bfc062723c751e8b465ee728b) (PreviewImporter) -> (artifact id: 'ce51f8653ebf488b05ec20461e8c3326') in 0.0568131 seconds
Number of updated asset objects reloaded before import = 0Number of asset objects unloaded after import = 2

========================================================================
Received Import Request.
  Time since last request: 3.493349 seconds.
  path: Assets/DesksCollection-Mavi3D/Textures/Desk07Textures
  artifactKey: Guid(0a6392f782d3c8a4aa1ddeb842c95130) Importer(815301076,1909f56bfc062723c751e8b465ee728b)
Start importing Assets/DesksCollection-Mavi3D/Textures/Desk07Textures using Guid(0a6392f782d3c8a4aa1ddeb842c95130) Importer(815301076,1909f56bfc062723c751e8b465ee728b) (PreviewImporter) -> (artifact id: '1cccbbd3a09e87688bdec324974718b1') in 0.0009436 seconds
Number of updated asset objects reloaded before import = 0Number of asset objects unloaded after import = 0

========================================================================
Received Import Request.
  Time since last request: 0.097081 seconds.
  path: Assets/DesksCollection-Mavi3D/Textures/Desk07Textures/Desk07Albedo.tga
  artifactKey: Guid(5f86bd9d804ada14d9ef59012f5c4a9e) Importer(815301076,1909f56bfc062723c751e8b465ee728b)
Start importing Assets/DesksCollection-Mavi3D/Textures/Desk07Textures/Desk07Albedo.tga using Guid(5f86bd9d804ada14d9ef59012f5c4a9e) Importer(815301076,1909f56bfc062723c751e8b465ee728b) (PreviewImporter) -> (artifact id: '487d7a7c3f763fc7a0dede9babb70837') in 0.0565773 seconds
Number of updated asset objects reloaded before import = 0Number of asset objects unloaded after import = 2

========================================================================
Received Import Request.
  Time since last request: 0.000026 seconds.
  path: Assets/DesksCollection-Mavi3D/Textures/Desk07Textures/Desk07Occlusion.tga
  artifactKey: Guid(6d15bdec348b86847b020162faf7de70) Importer(815301076,1909f56bfc062723c751e8b465ee728b)
Start importing Assets/DesksCollection-Mavi3D/Textures/Desk07Textures/Desk07Occlusion.tga using Guid(6d15bdec348b86847b020162faf7de70) Importer(815301076,1909f56bfc062723c751e8b465ee728b) (PreviewImporter) -> (artifact id: 'e3bde049940e05f6343b6fb4e8be05f8') in 0.0246733 seconds
Number of updated asset objects reloaded before import = 0Number of asset objects unloaded after import = 2

========================================================================
Received Import Request.
  Time since last request: 4.102485 seconds.
  path: Assets/DesksCollection-Mavi3D/Textures/Desk08Textures
  artifactKey: Guid(7edc1b8ee34d5f540a3825f1f6749fe9) Importer(815301076,1909f56bfc062723c751e8b465ee728b)
Start importing Assets/DesksCollection-Mavi3D/Textures/Desk08Textures using Guid(7edc1b8ee34d5f540a3825f1f6749fe9) Importer(815301076,1909f56bfc062723c751e8b465ee728b) (PreviewImporter) -> (artifact id: '01b414e64832384cd2c39c74c2087627') in 0.0014558 seconds
Number of updated asset objects reloaded before import = 0Number of asset objects unloaded after import = 0

========================================================================
Received Import Request.
  Time since last request: 0.040362 seconds.
  path: Assets/DesksCollection-Mavi3D/Textures/Desk08Textures/Desk08Albedo.tga
  artifactKey: Guid(2c2c84fa170fdc743b8427f9248928f4) Importer(815301076,1909f56bfc062723c751e8b465ee728b)
Start importing Assets/DesksCollection-Mavi3D/Textures/Desk08Textures/Desk08Albedo.tga using Guid(2c2c84fa170fdc743b8427f9248928f4) Importer(815301076,1909f56bfc062723c751e8b465ee728b) (PreviewImporter) -> (artifact id: 'e7d133f4ec1de2d8d7be03c39da5e21d') in 0.0469291 seconds
Number of updated asset objects reloaded before import = 0Number of asset objects unloaded after import = 2

========================================================================
Received Import Request.
  Time since last request: 0.000019 seconds.
  path: Assets/DesksCollection-Mavi3D/Textures/Desk08Textures/Desk08Occlusion.tga
  artifactKey: Guid(3b4bc3f7e4c5cc54c8dbdb8e830d3400) Importer(815301076,1909f56bfc062723c751e8b465ee728b)
Start importing Assets/DesksCollection-Mavi3D/Textures/Desk08Textures/Desk08Occlusion.tga using Guid(3b4bc3f7e4c5cc54c8dbdb8e830d3400) Importer(815301076,1909f56bfc062723c751e8b465ee728b) (PreviewImporter) -> (artifact id: '3a42820dc684d2ec13902df3cee5c339') in 0.0360132 seconds
Number of updated asset objects reloaded before import = 0Number of asset objects unloaded after import = 2

========================================================================
Received Import Request.
  Time since last request: 149.282658 seconds.
  path: Assets/Stylized Wood Textures/Textures
  artifactKey: Guid(1936428fe564a324f849422d248400de) Importer(815301076,1909f56bfc062723c751e8b465ee728b)
Start importing Assets/Stylized Wood Textures/Textures using Guid(1936428fe564a324f849422d248400de) Importer(815301076,1909f56bfc062723c751e8b465ee728b) (PreviewImporter) -> (artifact id: '9871107cc0df5590fb07381f8146d4ae') in 0.0016325 seconds
Number of updated asset objects reloaded before import = 0Number of asset objects unloaded after import = 0

========================================================================
Received Import Request.
  Time since last request: 1.362689 seconds.
  path: Assets/Stylized Wood Textures/Textures/Chevron
  artifactKey: Guid(49c277aab562bdc4292f057c334a86a4) Importer(815301076,1909f56bfc062723c751e8b465ee728b)
Start importing Assets/Stylized Wood Textures/Textures/Chevron using Guid(49c277aab562bdc4292f057c334a86a4) Importer(815301076,1909f56bfc062723c751e8b465ee728b) (PreviewImporter) -> (artifact id: 'a75c33a3811ea34fcc9040b4b6001ed2') in 0.0009858 seconds
Number of updated asset objects reloaded before import = 0Number of asset objects unloaded after import = 0

========================================================================
Received Import Request.
  Time since last request: 0.077114 seconds.
  path: Assets/Stylized Wood Textures/Textures/Chevron/Wood_Chevron_ambientocclusion.png
  artifactKey: Guid(8dd9c2bc57ce783439889e0202d79d61) Importer(815301076,1909f56bfc062723c751e8b465ee728b)
Start importing Assets/Stylized Wood Textures/Textures/Chevron/Wood_Chevron_ambientocclusion.png using Guid(8dd9c2bc57ce783439889e0202d79d61) Importer(815301076,1909f56bfc062723c751e8b465ee728b) (PreviewImporter) -> (artifact id: 'c05b7286a525e78a3bdb0d389fe6efa5') in 0.0261123 seconds
Number of updated asset objects reloaded before import = 0Number of asset objects unloaded after import = 2

========================================================================
Received Import Request.
  Time since last request: 0.000021 seconds.
  path: Assets/Stylized Wood Textures/Textures/Chevron/Wood_Chevron_metallic.png
  artifactKey: Guid(57d94ae7b197caf49b442cd728891118) Importer(815301076,1909f56bfc062723c751e8b465ee728b)
Start importing Assets/Stylized Wood Textures/Textures/Chevron/Wood_Chevron_metallic.png using Guid(57d94ae7b197caf49b442cd728891118) Importer(815301076,1909f56bfc062723c751e8b465ee728b) (PreviewImporter) -> (artifact id: '9afdff9d73fbb8aad41cf7b8fe5b8409') in 0.0171739 seconds
Number of updated asset objects reloaded before import = 0Number of asset objects unloaded after import = 2

========================================================================
Received Import Request.
  Time since last request: 0.000107 seconds.
  path: Assets/Stylized Wood Textures/Textures/Chevron/Wood_Chevron_normal.png
  artifactKey: Guid(2ea7b72f85db9b14090108a266c32dc2) Importer(815301076,1909f56bfc062723c751e8b465ee728b)
Start importing Assets/Stylized Wood Textures/Textures/Chevron/Wood_Chevron_normal.png using Guid(2ea7b72f85db9b14090108a266c32dc2) Importer(815301076,1909f56bfc062723c751e8b465ee728b) (PreviewImporter) -> (artifact id: '596e02f34134cc979c16b834a5ae999a') in 0.0756451 seconds
Number of updated asset objects reloaded before import = 0Number of asset objects unloaded after import = 2

========================================================================
Received Import Request.
  Time since last request: 12.341416 seconds.
  path: Assets/Stylized Wood Textures/Textures/Planks
  artifactKey: Guid(e8848719f26cec34b8ce87026931f7ae) Importer(815301076,1909f56bfc062723c751e8b465ee728b)
Start importing Assets/Stylized Wood Textures/Textures/Planks using Guid(e8848719f26cec34b8ce87026931f7ae) Importer(815301076,1909f56bfc062723c751e8b465ee728b) (PreviewImporter) -> (artifact id: '4ccbb097bac07baeeb2474a36ef0f329') in 0.0014821 seconds
Number of updated asset objects reloaded before import = 0Number of asset objects unloaded after import = 0

========================================================================
Received Import Request.
  Time since last request: 0.052165 seconds.
  path: Assets/Stylized Wood Textures/Textures/Planks/Wood_Planks_ambientocclusion.png
  artifactKey: Guid(85a567c972364f747b395624dd04d027) Importer(815301076,1909f56bfc062723c751e8b465ee728b)
Start importing Assets/Stylized Wood Textures/Textures/Planks/Wood_Planks_ambientocclusion.png using Guid(85a567c972364f747b395624dd04d027) Importer(815301076,1909f56bfc062723c751e8b465ee728b) (PreviewImporter) -> (artifact id: '0f6c58e99de15218c4d9fad3d0efcf50') in 0.0414321 seconds
Number of updated asset objects reloaded before import = 0Number of asset objects unloaded after import = 2

========================================================================
Received Import Request.
  Time since last request: 0.000099 seconds.
  path: Assets/Stylized Wood Textures/Textures/Planks/Wood_Planks_normal.png
  artifactKey: Guid(741c8af1a7ae1f34dae1e370d8b60933) Importer(815301076,1909f56bfc062723c751e8b465ee728b)
Start importing Assets/Stylized Wood Textures/Textures/Planks/Wood_Planks_normal.png using Guid(741c8af1a7ae1f34dae1e370d8b60933) Importer(815301076,1909f56bfc062723c751e8b465ee728b) (PreviewImporter) -> (artifact id: 'b7ae3825e3177d20ab2f081d896e7833') in 0.0310696 seconds
Number of updated asset objects reloaded before import = 0Number of asset objects unloaded after import = 2

========================================================================
Received Import Request.
  Time since last request: 18.490807 seconds.
  path: Assets/Stylized Wood Textures/Textures/Square
  artifactKey: Guid(1921100782edf7c4fbffb93f88cbe417) Importer(815301076,1909f56bfc062723c751e8b465ee728b)
Start importing Assets/Stylized Wood Textures/Textures/Square using Guid(1921100782edf7c4fbffb93f88cbe417) Importer(815301076,1909f56bfc062723c751e8b465ee728b) (PreviewImporter) -> (artifact id: 'c4af583020377b804784313ff0a9f999') in 0.0007742 seconds
Number of updated asset objects reloaded before import = 0Number of asset objects unloaded after import = 0

========================================================================
Received Import Request.
  Time since last request: 0.066120 seconds.
  path: Assets/Stylized Wood Textures/Textures/Square/Wood_Square_ambientocclusion.png
  artifactKey: Guid(e1e643f0d6c45aa468e85ba5c885d7ff) Importer(815301076,1909f56bfc062723c751e8b465ee728b)
Start importing Assets/Stylized Wood Textures/Textures/Square/Wood_Square_ambientocclusion.png using Guid(e1e643f0d6c45aa468e85ba5c885d7ff) Importer(815301076,1909f56bfc062723c751e8b465ee728b) (PreviewImporter) -> (artifact id: 'daae133db85955100070d55b8d1d4b81') in 0.0441214 seconds
Number of updated asset objects reloaded before import = 0Number of asset objects unloaded after import = 2

========================================================================
Received Prepare
Begin MonoManager ReloadAssembly
- Loaded All Assemblies, in  1.104 seconds
Refreshing native plugins compatible for Editor in 1.00 ms, found 3 plugins.
Native extension for WindowsStandalone target not found
Native extension for WebGL target not found
Mono: successfully reloaded assembly
- Finished resetting the current domain, in  0.750 seconds
Domain Reload Profiling: 1858ms
	BeginReloadAssembly (324ms)
		ExecutionOrderSort (0ms)
		DisableScriptedObjects (10ms)
		BackupInstance (0ms)
		ReleaseScriptingObjects (1ms)
		CreateAndSetChildDomain (111ms)
	RebuildCommonClasses (62ms)
	RebuildNativeTypeToScriptingClass (15ms)
	initialDomainReloadingComplete (35ms)
	LoadAllAssembliesAndSetupDomain (672ms)
		LoadAssemblies (510ms)
		RebuildTransferFunctionScriptingTraits (0ms)
		AnalyzeDomain (301ms)
			TypeCache.Refresh (12ms)
				TypeCache.ScanAssembly (0ms)
			BuildScriptInfoCaches (274ms)
			ResolveRequiredComponents (5ms)
	FinalizeReload (750ms)
		ReleaseScriptCaches (0ms)
		RebuildScriptCaches (0ms)
		SetupLoadedEditorAssemblies (593ms)
			LogAssemblyErrors (0ms)
			InitializePlatformSupportModulesInManaged (4ms)
			SetLoadedEditorAssemblies (6ms)
			BeforeProcessingInitializeOnLoad (121ms)
			ProcessInitializeOnLoadAttributes (424ms)
			ProcessInitializeOnLoadMethodAttributes (31ms)
			AfterProcessingInitializeOnLoad (6ms)
			EditorAssembliesLoaded (0ms)
		ExecutionOrderSort2 (0ms)
		AwakeInstancesAfterBackupRestoration (9ms)
Refreshing native plugins compatible for Editor in 1.31 ms, found 3 plugins.
Preloading 0 native plugins for Editor in 0.00 ms.
Unloading 0 Unused Serialized files (Serialized files now loaded: 0)
Unloading 3745 unused Assets / (0.7 MB). Loaded Objects now: 4315.
Memory consumption went from 98.2 MB to 97.6 MB.
Total: 7.487800 ms (FindLiveObjects: 0.379600 ms CreateObjectMapping: 0.174300 ms MarkObjects: 4.959000 ms  DeleteObjects: 1.973000 ms)

Prepare: number of updated asset objects reloaded= 0
Editor requested this worker to shutdown with reason: Scaling down because of idle timeout
AssetImportWorkerClient::OnTransportError - code=2 error=End of file
AssetImportWorker is now disconnected from the server
Process exiting
Exiting without the bug reporter. Application will terminate with return code 0