Using pre-set license
Built from '6000.0/staging' branch; Version is '6000.0.33f1 (433b0a79340b) revision 4406026'; Using compiler version '193933523'; Build Type 'Release'
OS: 'Windows 11  (10.0.26100) 64bit Core' Language: 'en' Physical Memory: 15973 MB
BatchMode: 1, IsHumanControllingUs: 0, StartBugReporterOnCrash: 0, Is64bit: 1, IsPro: 1

COMMAND LINE ARGUMENTS:
C:\Program Files\Unity\Hub\Editor\6000.0.33f1\Editor\Unity.exe
-adb2
-batchMode
-noUpm
-name
AssetImportWorker3
-projectPath
C:/Users/ethan/My project
-logFile
Logs/AssetImportWorker3.log
-srvPort
58437
-job-worker-count
5
-background-job-worker-count
8
-gc-helper-count
1
Successfully changed project path to: C:/Users/ethan/My project
C:/Users/ethan/My project
[UnityMemory] Configuration Parameters - Can be set up in boot.config
    "memorysetup-bucket-allocator-granularity=16"
    "memorysetup-bucket-allocator-bucket-count=8"
    "memorysetup-bucket-allocator-block-size=33554432"
    "memorysetup-bucket-allocator-block-count=8"
    "memorysetup-main-allocator-block-size=16777216"
    "memorysetup-thread-allocator-block-size=16777216"
    "memorysetup-gfx-main-allocator-block-size=16777216"
    "memorysetup-gfx-thread-allocator-block-size=16777216"
    "memorysetup-cache-allocator-block-size=4194304"
    "memorysetup-typetree-allocator-block-size=2097152"
    "memorysetup-profiler-bucket-allocator-granularity=16"
    "memorysetup-profiler-bucket-allocator-bucket-count=8"
    "memorysetup-profiler-bucket-allocator-block-size=33554432"
    "memorysetup-profiler-bucket-allocator-block-count=8"
    "memorysetup-profiler-allocator-block-size=16777216"
    "memorysetup-profiler-editor-allocator-block-size=1048576"
    "memorysetup-temp-allocator-size-main=16777216"
    "memorysetup-job-temp-allocator-block-size=2097152"
    "memorysetup-job-temp-allocator-block-size-background=1048576"
    "memorysetup-job-temp-allocator-reduction-small-platforms=262144"
    "memorysetup-allocator-temp-initial-block-size-main=262144"
    "memorysetup-allocator-temp-initial-block-size-worker=262144"
    "memorysetup-temp-allocator-size-background-worker=32768"
    "memorysetup-temp-allocator-size-job-worker=262144"
    "memorysetup-temp-allocator-size-preload-manager=33554432"
    "memorysetup-temp-allocator-size-nav-mesh-worker=65536"
    "memorysetup-temp-allocator-size-audio-worker=65536"
    "memorysetup-temp-allocator-size-cloud-worker=32768"
    "memorysetup-temp-allocator-size-gi-baking-worker=262144"
    "memorysetup-temp-allocator-size-gi-baking-worker=262144"
    "memorysetup-temp-allocator-size-gi-baking-worker=262144"
    "memorysetup-temp-allocator-size-gi-baking-worker=262144"
    "memorysetup-temp-allocator-size-gi-baking-worker=262144"
    "memorysetup-temp-allocator-size-gfx=262144"
Player connection [76328]  Target information:

Player connection [76328]  * "[IP] 142.3.80.56 [Port] 0 [Flags] 2 [Guid] 1540233094 [EditorId] 1540233094 [Version] 1048832 [Id] WindowsEditor(7,BOOK-G8AA279PT7) [Debug] 1 [PackageName] WindowsEditor [ProjectName] Editor" 

Player connection [76328] Host joined multi-casting on [225.0.0.222:54997]...
Player connection [76328] Host joined alternative multi-casting on [225.0.0.222:34997]...
JobSystem: Creating JobQueue using job-worker-count value 5
[Physics::Module] Initialized fallback backend.
[Physics::Module] Id: 0xdecafbad
Library Redirect Path: Library/
[Physics::Module] Selected backend.
[Physics::Module] Name: PhysX
[Physics::Module] Id: 0xf2b8ea05
[Physics::Module] SDK Version: 4.1.2
[Physics::Module] Integration Version: 1.0.0
[Physics::Module] Threading Mode: Multi-Threaded
Refreshing native plugins compatible for Editor in 4.49 ms, found 3 plugins.
Preloading 0 native plugins for Editor in 0.00 ms.
Initialize engine version: 6000.0.33f1 (433b0a79340b)
[Subsystems] Discovering subsystems at path C:/Program Files/Unity/Hub/Editor/6000.0.33f1/Editor/Data/Resources/UnitySubsystems
[Subsystems] Discovering subsystems at path C:/Users/ethan/My project/Assets
GfxDevice: creating device client; kGfxThreadingModeNonThreaded
Direct3D:
    Version:  Direct3D 11.0 [level 11.1]
    Renderer: Qualcomm(R) Adreno(TM) X1-85 GPU (ID=0x36334330)
    Vendor:   Qualcomm
    VRAM:     7986 MB
Initialize mono
Mono path[0] = 'C:/Program Files/Unity/Hub/Editor/6000.0.33f1/Editor/Data/Managed'
Mono path[1] = 'C:/Program Files/Unity/Hub/Editor/6000.0.33f1/Editor/Data/MonoBleedingEdge/lib/mono/unityjit-win32'
Mono config path = 'C:/Program Files/Unity/Hub/Editor/6000.0.33f1/Editor/Data/MonoBleedingEdge/etc'
Using monoOptions --debugger-agent=transport=dt_socket,embedding=1,server=y,suspend=n,address=127.0.0.1:56200
Begin MonoManager ReloadAssembly
Registering precompiled unity dll's ...
Register platform support module: C:/Program Files/Unity/Hub/Editor/6000.0.33f1/Editor/Data/PlaybackEngines/WebGLSupport/UnityEditor.WebGL.Extensions.dll
Register platform support module: C:/Program Files/Unity/Hub/Editor/6000.0.33f1/Editor/Data/PlaybackEngines/WindowsStandaloneSupport/UnityEditor.WindowsStandalone.Extensions.dll
Registered in 0.006729 seconds.
- Loaded All Assemblies, in  0.448 seconds
Native extension for WindowsStandalone target not found
Native extension for WebGL target not found
Mono: successfully reloaded assembly
- Finished resetting the current domain, in  0.400 seconds
Domain Reload Profiling: 846ms
	BeginReloadAssembly (160ms)
		ExecutionOrderSort (0ms)
		DisableScriptedObjects (0ms)
		BackupInstance (0ms)
		ReleaseScriptingObjects (0ms)
		CreateAndSetChildDomain (1ms)
	RebuildCommonClasses (36ms)
	RebuildNativeTypeToScriptingClass (13ms)
	initialDomainReloadingComplete (51ms)
	LoadAllAssembliesAndSetupDomain (186ms)
		LoadAssemblies (157ms)
		RebuildTransferFunctionScriptingTraits (0ms)
		AnalyzeDomain (182ms)
			TypeCache.Refresh (180ms)
				TypeCache.ScanAssembly (161ms)
			BuildScriptInfoCaches (0ms)
			ResolveRequiredComponents (0ms)
	FinalizeReload (400ms)
		ReleaseScriptCaches (0ms)
		RebuildScriptCaches (0ms)
		SetupLoadedEditorAssemblies (355ms)
			LogAssemblyErrors (0ms)
			InitializePlatformSupportModulesInManaged (23ms)
			SetLoadedEditorAssemblies (5ms)
			BeforeProcessingInitializeOnLoad (72ms)
			ProcessInitializeOnLoadAttributes (200ms)
			ProcessInitializeOnLoadMethodAttributes (54ms)
			AfterProcessingInitializeOnLoad (0ms)
			EditorAssembliesLoaded (0ms)
		ExecutionOrderSort2 (0ms)
		AwakeInstancesAfterBackupRestoration (0ms)
========================================================================
Worker process is ready to serve import requests
Import Worker Mode flag is 0x00
Begin MonoManager ReloadAssembly
- Loaded All Assemblies, in  0.744 seconds
Refreshing native plugins compatible for Editor in 0.81 ms, found 3 plugins.
Native extension for WindowsStandalone target not found
Native extension for WebGL target not found
Mono: successfully reloaded assembly
- Finished resetting the current domain, in  0.555 seconds
Domain Reload Profiling: 1296ms
	BeginReloadAssembly (182ms)
		ExecutionOrderSort (0ms)
		DisableScriptedObjects (8ms)
		BackupInstance (0ms)
		ReleaseScriptingObjects (0ms)
		CreateAndSetChildDomain (41ms)
	RebuildCommonClasses (36ms)
	RebuildNativeTypeToScriptingClass (12ms)
	initialDomainReloadingComplete (33ms)
	LoadAllAssembliesAndSetupDomain (477ms)
		LoadAssemblies (370ms)
		RebuildTransferFunctionScriptingTraits (0ms)
		AnalyzeDomain (206ms)
			TypeCache.Refresh (157ms)
				TypeCache.ScanAssembly (139ms)
			BuildScriptInfoCaches (42ms)
			ResolveRequiredComponents (4ms)
	FinalizeReload (556ms)
		ReleaseScriptCaches (0ms)
		RebuildScriptCaches (0ms)
		SetupLoadedEditorAssemblies (452ms)
			LogAssemblyErrors (0ms)
			InitializePlatformSupportModulesInManaged (3ms)
			SetLoadedEditorAssemblies (5ms)
			BeforeProcessingInitializeOnLoad (90ms)
			ProcessInitializeOnLoadAttributes (324ms)
			ProcessInitializeOnLoadMethodAttributes (24ms)
			AfterProcessingInitializeOnLoad (6ms)
			EditorAssembliesLoaded (0ms)
		ExecutionOrderSort2 (0ms)
		AwakeInstancesAfterBackupRestoration (7ms)
Launched and connected shader compiler UnityShaderCompiler.exe after 0.03 seconds
Refreshing native plugins compatible for Editor in 0.93 ms, found 3 plugins.
Preloading 0 native plugins for Editor in 0.00 ms.
Unloading 22 Unused Serialized files (Serialized files now loaded: 0)
Unloading 3747 unused Assets / (0.9 MB). Loaded Objects now: 4267.
Memory consumption went from 97.5 MB to 96.6 MB.
Total: 6.702400 ms (FindLiveObjects: 0.305100 ms CreateObjectMapping: 0.155000 ms MarkObjects: 4.491700 ms  DeleteObjects: 1.749000 ms)

========================================================================
Received Prepare
Begin MonoManager ReloadAssembly
- Loaded All Assemblies, in  0.690 seconds
Refreshing native plugins compatible for Editor in 0.99 ms, found 3 plugins.
Native extension for WindowsStandalone target not found
Native extension for WebGL target not found
Mono: successfully reloaded assembly
- Finished resetting the current domain, in  0.747 seconds
Domain Reload Profiling: 1435ms
	BeginReloadAssembly (195ms)
		ExecutionOrderSort (0ms)
		DisableScriptedObjects (8ms)
		BackupInstance (0ms)
		ReleaseScriptingObjects (0ms)
		CreateAndSetChildDomain (48ms)
	RebuildCommonClasses (46ms)
	RebuildNativeTypeToScriptingClass (13ms)
	initialDomainReloadingComplete (26ms)
	LoadAllAssembliesAndSetupDomain (408ms)
		LoadAssemblies (331ms)
		RebuildTransferFunctionScriptingTraits (0ms)
		AnalyzeDomain (174ms)
			TypeCache.Refresh (7ms)
				TypeCache.ScanAssembly (0ms)
			BuildScriptInfoCaches (158ms)
			ResolveRequiredComponents (4ms)
	FinalizeReload (747ms)
		ReleaseScriptCaches (0ms)
		RebuildScriptCaches (0ms)
		SetupLoadedEditorAssemblies (616ms)
			LogAssemblyErrors (0ms)
			InitializePlatformSupportModulesInManaged (4ms)
			SetLoadedEditorAssemblies (6ms)
			BeforeProcessingInitializeOnLoad (122ms)
			ProcessInitializeOnLoadAttributes (453ms)
			ProcessInitializeOnLoadMethodAttributes (26ms)
			AfterProcessingInitializeOnLoad (6ms)
			EditorAssembliesLoaded (0ms)
		ExecutionOrderSort2 (0ms)
		AwakeInstancesAfterBackupRestoration (7ms)
Refreshing native plugins compatible for Editor in 1.10 ms, found 3 plugins.
Preloading 0 native plugins for Editor in 0.00 ms.
Unloading 1 Unused Serialized files (Serialized files now loaded: 0)
Unloading 3745 unused Assets / (0.6 MB). Loaded Objects now: 4268.
Memory consumption went from 93.3 MB to 92.7 MB.
Total: 9.306900 ms (FindLiveObjects: 1.182000 ms CreateObjectMapping: 0.597700 ms MarkObjects: 6.228000 ms  DeleteObjects: 1.297600 ms)

Prepare: number of updated asset objects reloaded= 0
========================================================================
Received Import Request.
  Time since last request: 1785114.126801 seconds.
  path: Assets/DesksCollection-Mavi3D/Materials/Built-In/Desk01Mat/Desk01Mat.mat
  artifactKey: Guid(def6744928a87824d96d64e1f469828b) Importer(815301076,1909f56bfc062723c751e8b465ee728b)
Start importing Assets/DesksCollection-Mavi3D/Materials/Built-In/Desk01Mat/Desk01Mat.mat using Guid(def6744928a87824d96d64e1f469828b) Importer(815301076,1909f56bfc062723c751e8b465ee728b) (PreviewImporter) -> (artifact id: 'f7966cd1ed762ebbcb4dfa378d031754') in 0.3614679 seconds
Number of updated asset objects reloaded before import = 0Number of asset objects unloaded after import = 5

========================================================================
Received Import Request.
  Time since last request: 0.000030 seconds.
  path: Assets/DesksCollection-Mavi3D/Materials/Built-In/Desk03Mat/Desk/Desk03Mat01.mat
  artifactKey: Guid(631e345644a3e8643b9ced34d7f5f74e) Importer(815301076,1909f56bfc062723c751e8b465ee728b)
Start importing Assets/DesksCollection-Mavi3D/Materials/Built-In/Desk03Mat/Desk/Desk03Mat01.mat using Guid(631e345644a3e8643b9ced34d7f5f74e) Importer(815301076,1909f56bfc062723c751e8b465ee728b) (PreviewImporter) -> (artifact id: '89058b1bbcfc30e603b1dad48a7e6a66') in 0.0695314 seconds
Number of updated asset objects reloaded before import = 0Number of asset objects unloaded after import = 5

========================================================================
Received Import Request.
  Time since last request: 0.000054 seconds.
  path: Assets/DesksCollection-Mavi3D/Materials/HDRP/Desk03/Desk03Mat01.mat
  artifactKey: Guid(5cdba90b5b460f742868a52ef3e386c0) Importer(815301076,1909f56bfc062723c751e8b465ee728b)
Start importing Assets/DesksCollection-Mavi3D/Materials/HDRP/Desk03/Desk03Mat01.mat using Guid(5cdba90b5b460f742868a52ef3e386c0) Importer(815301076,1909f56bfc062723c751e8b465ee728b) (PreviewImporter) -> (artifact id: '337f3df643626913e499e891b15e563e') in 0.03145 seconds
Number of updated asset objects reloaded before import = 0Number of asset objects unloaded after import = 4

========================================================================
Received Import Request.
  Time since last request: 0.000017 seconds.
  path: Assets/DesksCollection-Mavi3D/Materials/URP/Desk03Mat/Desk/Desk03Mat02.mat
  artifactKey: Guid(83202e4fe9de3694c932787a52197a95) Importer(815301076,1909f56bfc062723c751e8b465ee728b)
Start importing Assets/DesksCollection-Mavi3D/Materials/URP/Desk03Mat/Desk/Desk03Mat02.mat using Guid(83202e4fe9de3694c932787a52197a95) Importer(815301076,1909f56bfc062723c751e8b465ee728b) (PreviewImporter) -> (artifact id: 'f45c87a0fe7a253b573aac23281423ee') in 0.031596 seconds
Number of updated asset objects reloaded before import = 0Number of asset objects unloaded after import = 2

========================================================================
Received Import Request.
  Time since last request: 0.000019 seconds.
  path: Assets/DesksCollection-Mavi3D/Materials/Built-In/Desk03Mat/Desk/Desk03Mat02.mat
  artifactKey: Guid(9576a1fdf8ebc3948ba9fe5f8d221d15) Importer(815301076,1909f56bfc062723c751e8b465ee728b)
Start importing Assets/DesksCollection-Mavi3D/Materials/Built-In/Desk03Mat/Desk/Desk03Mat02.mat using Guid(9576a1fdf8ebc3948ba9fe5f8d221d15) Importer(815301076,1909f56bfc062723c751e8b465ee728b) (PreviewImporter) -> (artifact id: '4e568b8dc1e2d4621ea2008d797c5c5c') in 0.1043291 seconds
Number of updated asset objects reloaded before import = 0Number of asset objects unloaded after import = 2

========================================================================
Received Import Request.
  Time since last request: 0.000020 seconds.
  path: Assets/DesksCollection-Mavi3D/Materials/Built-In/Desk05Mat/Desk05Mat02.mat
  artifactKey: Guid(292589c75e02cc841b630d89195a2898) Importer(815301076,1909f56bfc062723c751e8b465ee728b)
Start importing Assets/DesksCollection-Mavi3D/Materials/Built-In/Desk05Mat/Desk05Mat02.mat using Guid(292589c75e02cc841b630d89195a2898) Importer(815301076,1909f56bfc062723c751e8b465ee728b) (PreviewImporter) -> (artifact id: '3b54de232ef3057fefdedb2b7187c47b') in 0.1007949 seconds
Number of updated asset objects reloaded before import = 0Number of asset objects unloaded after import = 3

========================================================================
Received Import Request.
  Time since last request: 0.000033 seconds.
  path: Assets/DesksCollection-Mavi3D/Materials/URP/Desk05Mat/Desk05Mat02.mat
  artifactKey: Guid(2d1e44a2ecce873459a18f557a840f01) Importer(815301076,1909f56bfc062723c751e8b465ee728b)
Start importing Assets/DesksCollection-Mavi3D/Materials/URP/Desk05Mat/Desk05Mat02.mat using Guid(2d1e44a2ecce873459a18f557a840f01) Importer(815301076,1909f56bfc062723c751e8b465ee728b) (PreviewImporter) -> (artifact id: '1e2c725c44a2da772d164343d75b4235') in 0.0152168 seconds
Number of updated asset objects reloaded before import = 0Number of asset objects unloaded after import = 3

========================================================================
Received Import Request.
  Time since last request: 0.000016 seconds.
  path: Assets/DesksCollection-Mavi3D/Materials/HDRP/Desk02/Drawers/Desk02DrawerInside.mat
  artifactKey: Guid(dc4037be67dc6ea4e9cbf319954f8eda) Importer(815301076,1909f56bfc062723c751e8b465ee728b)
Start importing Assets/DesksCollection-Mavi3D/Materials/HDRP/Desk02/Drawers/Desk02DrawerInside.mat using Guid(dc4037be67dc6ea4e9cbf319954f8eda) Importer(815301076,1909f56bfc062723c751e8b465ee728b) (PreviewImporter) -> (artifact id: 'dbec8cfed4a0e37bb3c6da40aa23bd5b') in 0.0126803 seconds
Number of updated asset objects reloaded before import = 0Number of asset objects unloaded after import = 1

========================================================================
Received Import Request.
  Time since last request: 0.000017 seconds.
  path: Assets/DesksCollection-Mavi3D/Materials/Built-In/Desk05Mat/Desk05Mat03.mat
  artifactKey: Guid(a90f6ad6e35573547a1abdab937b375d) Importer(815301076,1909f56bfc062723c751e8b465ee728b)
Start importing Assets/DesksCollection-Mavi3D/Materials/Built-In/Desk05Mat/Desk05Mat03.mat using Guid(a90f6ad6e35573547a1abdab937b375d) Importer(815301076,1909f56bfc062723c751e8b465ee728b) (PreviewImporter) -> (artifact id: 'bca56ff30d628f246ccc605d3e251085') in 0.039283 seconds
Number of updated asset objects reloaded before import = 0Number of asset objects unloaded after import = 4

========================================================================
Received Import Request.
  Time since last request: 0.000021 seconds.
  path: Assets/DesksCollection-Mavi3D/Materials/HDRP/Desk05/Desk05Mat01.mat
  artifactKey: Guid(826441eeeb6b8df45a81b573df10d309) Importer(815301076,1909f56bfc062723c751e8b465ee728b)
Start importing Assets/DesksCollection-Mavi3D/Materials/HDRP/Desk05/Desk05Mat01.mat using Guid(826441eeeb6b8df45a81b573df10d309) Importer(815301076,1909f56bfc062723c751e8b465ee728b) (PreviewImporter) -> (artifact id: '40324a7c1a2f5875e5f67c54b0e2ead5') in 0.0292495 seconds
Number of updated asset objects reloaded before import = 0Number of asset objects unloaded after import = 4

========================================================================
Received Import Request.
  Time since last request: 0.000015 seconds.
  path: Assets/DesksCollection-Mavi3D/Materials/HDRP/Desk05/Desk05Mat03.mat
  artifactKey: Guid(d7ee2a1f7e27a044681b09961ad9b2fb) Importer(815301076,1909f56bfc062723c751e8b465ee728b)
Start importing Assets/DesksCollection-Mavi3D/Materials/HDRP/Desk05/Desk05Mat03.mat using Guid(d7ee2a1f7e27a044681b09961ad9b2fb) Importer(815301076,1909f56bfc062723c751e8b465ee728b) (PreviewImporter) -> (artifact id: '10c38a11b1ced3af1dd25ed867e6864b') in 0.0104036 seconds
Number of updated asset objects reloaded before import = 0Number of asset objects unloaded after import = 1

========================================================================
Received Import Request.
  Time since last request: 0.000082 seconds.
  path: Assets/DesksCollection-Mavi3D/Materials/HDRP/Desk02/Drawers/Desk02Mat.mat
  artifactKey: Guid(7559d8e81897cce4ba4a373c97357edf) Importer(815301076,1909f56bfc062723c751e8b465ee728b)
Start importing Assets/DesksCollection-Mavi3D/Materials/HDRP/Desk02/Drawers/Desk02Mat.mat using Guid(7559d8e81897cce4ba4a373c97357edf) Importer(815301076,1909f56bfc062723c751e8b465ee728b) (PreviewImporter) -> (artifact id: '81aba39843043701a736adf277a6c38e') in 0.0152761 seconds
Number of updated asset objects reloaded before import = 0Number of asset objects unloaded after import = 3

========================================================================
Received Import Request.
  Time since last request: 0.000018 seconds.
  path: Assets/DesksCollection-Mavi3D/Materials/HDRP/Desk03/Drawers/Desk03Drawer02.mat
  artifactKey: Guid(ca3773a852cd6a449ad8d64f26cd23ec) Importer(815301076,1909f56bfc062723c751e8b465ee728b)
Start importing Assets/DesksCollection-Mavi3D/Materials/HDRP/Desk03/Drawers/Desk03Drawer02.mat using Guid(ca3773a852cd6a449ad8d64f26cd23ec) Importer(815301076,1909f56bfc062723c751e8b465ee728b) (PreviewImporter) -> (artifact id: '3d854dc1b06cbaa9e08ac3ec92c5fd64') in 0.0262585 seconds
Number of updated asset objects reloaded before import = 0Number of asset objects unloaded after import = 4

========================================================================
Received Import Request.
  Time since last request: 0.000017 seconds.
  path: Assets/DesksCollection-Mavi3D/Materials/HDRP/Desk06/Desk06Emission.mat
  artifactKey: Guid(583da52d4f6ec1d4cb2487038010b9bd) Importer(815301076,1909f56bfc062723c751e8b465ee728b)
Start importing Assets/DesksCollection-Mavi3D/Materials/HDRP/Desk06/Desk06Emission.mat using Guid(583da52d4f6ec1d4cb2487038010b9bd) Importer(815301076,1909f56bfc062723c751e8b465ee728b) (PreviewImporter) -> (artifact id: '328e698be0e7eed8b824a14e6e99a89a') in 0.0182114 seconds
Number of updated asset objects reloaded before import = 0Number of asset objects unloaded after import = 2

========================================================================
Received Import Request.
  Time since last request: 0.000020 seconds.
  path: Assets/DesksCollection-Mavi3D/Materials/HDRP/Desk03/Desk03Mat02.mat
  artifactKey: Guid(dd597576653b58c4cb880f0c404a4343) Importer(815301076,1909f56bfc062723c751e8b465ee728b)
Start importing Assets/DesksCollection-Mavi3D/Materials/HDRP/Desk03/Desk03Mat02.mat using Guid(dd597576653b58c4cb880f0c404a4343) Importer(815301076,1909f56bfc062723c751e8b465ee728b) (PreviewImporter) -> (artifact id: 'aa6264e4a400c8a3d0c8a40f24b2ea71') in 0.0155435 seconds
Number of updated asset objects reloaded before import = 0Number of asset objects unloaded after import = 2

========================================================================
Received Import Request.
  Time since last request: 0.000013 seconds.
  path: Assets/DesksCollection-Mavi3D/Materials/URP/Desk06Mat/Desk06EmissionMat.mat
  artifactKey: Guid(bf6f89a4a63c050458bf6a6eab0a4643) Importer(815301076,1909f56bfc062723c751e8b465ee728b)
Start importing Assets/DesksCollection-Mavi3D/Materials/URP/Desk06Mat/Desk06EmissionMat.mat using Guid(bf6f89a4a63c050458bf6a6eab0a4643) Importer(815301076,1909f56bfc062723c751e8b465ee728b) (PreviewImporter) -> (artifact id: '9c9aa1792af02ecb10bf1806c261058c') in 0.0127031 seconds
Number of updated asset objects reloaded before import = 0Number of asset objects unloaded after import = 2

========================================================================
Received Import Request.
  Time since last request: 0.000027 seconds.
  path: Assets/DesksCollection-Mavi3D/Materials/HDRP/Desk02/Drawers/Desk02Metallic.mat
  artifactKey: Guid(016ad537aeaf81f4999667095a9b3f38) Importer(815301076,1909f56bfc062723c751e8b465ee728b)
Start importing Assets/DesksCollection-Mavi3D/Materials/HDRP/Desk02/Drawers/Desk02Metallic.mat using Guid(016ad537aeaf81f4999667095a9b3f38) Importer(815301076,1909f56bfc062723c751e8b465ee728b) (PreviewImporter) -> (artifact id: '2c15f9d0a393ef0b71ccf1e8cc9c6b06') in 0.0130341 seconds
Number of updated asset objects reloaded before import = 0Number of asset objects unloaded after import = 4

========================================================================
Received Import Request.
  Time since last request: 0.000024 seconds.
  path: Assets/DesksCollection-Mavi3D/Materials/HDRP/Desk06/Desk06Mat01.mat
  artifactKey: Guid(b87d3b45fd34b7d48a703f2eddb8b57c) Importer(815301076,1909f56bfc062723c751e8b465ee728b)
Start importing Assets/DesksCollection-Mavi3D/Materials/HDRP/Desk06/Desk06Mat01.mat using Guid(b87d3b45fd34b7d48a703f2eddb8b57c) Importer(815301076,1909f56bfc062723c751e8b465ee728b) (PreviewImporter) -> (artifact id: '539e93e07e051264b472381c1e8bdf60') in 0.0347934 seconds
Number of updated asset objects reloaded before import = 0Number of asset objects unloaded after import = 4

========================================================================
Received Import Request.
  Time since last request: 0.000073 seconds.
  path: Assets/DesksCollection-Mavi3D/Materials/Built-In/Desk06Mat/Desk06EmissionMat.mat
  artifactKey: Guid(2b65f9adcafb44e49a92ebb82399902f) Importer(815301076,1909f56bfc062723c751e8b465ee728b)
Start importing Assets/DesksCollection-Mavi3D/Materials/Built-In/Desk06Mat/Desk06EmissionMat.mat using Guid(2b65f9adcafb44e49a92ebb82399902f) Importer(815301076,1909f56bfc062723c751e8b465ee728b) (PreviewImporter) -> (artifact id: '48dbf54c2852e2400a9e22ec2c6883a8') in 0.0633607 seconds
Number of updated asset objects reloaded before import = 0Number of asset objects unloaded after import = 2

========================================================================
Received Import Request.
  Time since last request: 0.000019 seconds.
  path: Assets/DesksCollection-Mavi3D/Materials/HDRP/Desk03/Drawers/Desk03Drawer03.mat
  artifactKey: Guid(23f0662857184474c80dc5ef29a23b5b) Importer(815301076,1909f56bfc062723c751e8b465ee728b)
Start importing Assets/DesksCollection-Mavi3D/Materials/HDRP/Desk03/Drawers/Desk03Drawer03.mat using Guid(23f0662857184474c80dc5ef29a23b5b) Importer(815301076,1909f56bfc062723c751e8b465ee728b) (PreviewImporter) -> (artifact id: 'ac78e440ab06024d56c7f082bbfebc9f') in 0.0112786 seconds
Number of updated asset objects reloaded before import = 0Number of asset objects unloaded after import = 2

========================================================================
Received Import Request.
  Time since last request: 0.000018 seconds.
  path: Assets/DesksCollection-Mavi3D/Materials/HDRP/Desk05/Desk05Mat02.mat
  artifactKey: Guid(6c98f275532a45e42a7ae9f6c90a4c95) Importer(815301076,1909f56bfc062723c751e8b465ee728b)
Start importing Assets/DesksCollection-Mavi3D/Materials/HDRP/Desk05/Desk05Mat02.mat using Guid(6c98f275532a45e42a7ae9f6c90a4c95) Importer(815301076,1909f56bfc062723c751e8b465ee728b) (PreviewImporter) -> (artifact id: 'a9176c09e055241ee98adb1b06efe951') in 0.0153596 seconds
Number of updated asset objects reloaded before import = 0Number of asset objects unloaded after import = 3

========================================================================
Received Import Request.
  Time since last request: 0.000021 seconds.
  path: Assets/DesksCollection-Mavi3D/Materials/HDRP/Desk04/Desk04Emission.mat
  artifactKey: Guid(6314c1837d11558478ce58e7a94d5a43) Importer(815301076,1909f56bfc062723c751e8b465ee728b)
Start importing Assets/DesksCollection-Mavi3D/Materials/HDRP/Desk04/Desk04Emission.mat using Guid(6314c1837d11558478ce58e7a94d5a43) Importer(815301076,1909f56bfc062723c751e8b465ee728b) (PreviewImporter) -> (artifact id: '826bd30144e63caa02f8f376b57e1454') in 0.0150209 seconds
Number of updated asset objects reloaded before import = 0Number of asset objects unloaded after import = 2

========================================================================
Received Import Request.
  Time since last request: 0.000018 seconds.
  path: Assets/DesksCollection-Mavi3D/Materials/HDRP/Desk03/Drawers/Desk03DrawerMetallic.mat
  artifactKey: Guid(2ca79b5e71941e2439cebd374c80be8e) Importer(815301076,1909f56bfc062723c751e8b465ee728b)
Start importing Assets/DesksCollection-Mavi3D/Materials/HDRP/Desk03/Drawers/Desk03DrawerMetallic.mat using Guid(2ca79b5e71941e2439cebd374c80be8e) Importer(815301076,1909f56bfc062723c751e8b465ee728b) (PreviewImporter) -> (artifact id: '48d52dc4cb2ce3f55a85ea492d5ba93c') in 0.0108787 seconds
Number of updated asset objects reloaded before import = 0Number of asset objects unloaded after import = 1

========================================================================
Received Import Request.
  Time since last request: 0.000027 seconds.
  path: Assets/DesksCollection-Mavi3D/Materials/URP/Desk01Mat/Desk01Mat.mat
  artifactKey: Guid(23457bc6f82ea9143a81a5b2bd27b648) Importer(815301076,1909f56bfc062723c751e8b465ee728b)
Start importing Assets/DesksCollection-Mavi3D/Materials/URP/Desk01Mat/Desk01Mat.mat using Guid(23457bc6f82ea9143a81a5b2bd27b648) Importer(815301076,1909f56bfc062723c751e8b465ee728b) (PreviewImporter) -> (artifact id: 'd09974d557cad2f84cd367e366f8e5b5') in 0.022054 seconds
Number of updated asset objects reloaded before import = 0Number of asset objects unloaded after import = 5

========================================================================
Received Prepare
Begin MonoManager ReloadAssembly
- Loaded All Assemblies, in  0.817 seconds
Refreshing native plugins compatible for Editor in 1.29 ms, found 3 plugins.
Native extension for WindowsStandalone target not found
Native extension for WebGL target not found
Mono: successfully reloaded assembly
- Finished resetting the current domain, in  0.939 seconds
Domain Reload Profiling: 1755ms
	BeginReloadAssembly (237ms)
		ExecutionOrderSort (0ms)
		DisableScriptedObjects (9ms)
		BackupInstance (0ms)
		ReleaseScriptingObjects (0ms)
		CreateAndSetChildDomain (63ms)
	RebuildCommonClasses (90ms)
	RebuildNativeTypeToScriptingClass (18ms)
	initialDomainReloadingComplete (33ms)
	LoadAllAssembliesAndSetupDomain (438ms)
		LoadAssemblies (369ms)
		RebuildTransferFunctionScriptingTraits (0ms)
		AnalyzeDomain (181ms)
			TypeCache.Refresh (9ms)
				TypeCache.ScanAssembly (0ms)
			BuildScriptInfoCaches (163ms)
			ResolveRequiredComponents (5ms)
	FinalizeReload (940ms)
		ReleaseScriptCaches (0ms)
		RebuildScriptCaches (0ms)
		SetupLoadedEditorAssemblies (780ms)
			LogAssemblyErrors (0ms)
			InitializePlatformSupportModulesInManaged (6ms)
			SetLoadedEditorAssemblies (10ms)
			BeforeProcessingInitializeOnLoad (172ms)
			ProcessInitializeOnLoadAttributes (555ms)
			ProcessInitializeOnLoadMethodAttributes (30ms)
			AfterProcessingInitializeOnLoad (8ms)
			EditorAssembliesLoaded (0ms)
		ExecutionOrderSort2 (0ms)
		AwakeInstancesAfterBackupRestoration (9ms)
Refreshing native plugins compatible for Editor in 1.81 ms, found 3 plugins.
Preloading 0 native plugins for Editor in 0.00 ms.
Unloading 0 Unused Serialized files (Serialized files now loaded: 0)
Unloading 3745 unused Assets / (0.8 MB). Loaded Objects now: 4311.
Memory consumption went from 98.2 MB to 97.5 MB.
Total: 8.106000 ms (FindLiveObjects: 0.519800 ms CreateObjectMapping: 0.344800 ms MarkObjects: 5.378000 ms  DeleteObjects: 1.861300 ms)

Prepare: number of updated asset objects reloaded= 0
Editor requested this worker to shutdown with reason: Scaling down because of idle timeout
AssetImportWorkerClient::OnTransportError - code=2 error=End of file
AssetImportWorker is now disconnected from the server
Process exiting
Exiting without the bug reporter. Application will terminate with return code 0