Using pre-set license
Built from '6000.0/staging' branch; Version is '6000.0.33f1 (433b0a79340b) revision 4406026'; Using compiler version '193933523'; Build Type 'Release'
OS: 'Windows 11  (10.0.26100) 64bit Core' Language: 'en' Physical Memory: 15973 MB
BatchMode: 1, IsHumanControllingUs: 0, StartBugReporterOnCrash: 0, Is64bit: 1, IsPro: 1

COMMAND LINE ARGUMENTS:
C:\Program Files\Unity\Hub\Editor\6000.0.33f1\Editor\Unity.exe
-adb2
-batchMode
-noUpm
-name
AssetImportWorker2
-projectPath
C:/Users/ethan/My project
-logFile
Logs/AssetImportWorker2.log
-srvPort
58437
-job-worker-count
5
-background-job-worker-count
8
-gc-helper-count
1
Successfully changed project path to: C:/Users/ethan/My project
C:/Users/ethan/My project
[UnityMemory] Configuration Parameters - Can be set up in boot.config
    "memorysetup-bucket-allocator-granularity=16"
    "memorysetup-bucket-allocator-bucket-count=8"
    "memorysetup-bucket-allocator-block-size=33554432"
    "memorysetup-bucket-allocator-block-count=8"
    "memorysetup-main-allocator-block-size=16777216"
    "memorysetup-thread-allocator-block-size=16777216"
    "memorysetup-gfx-main-allocator-block-size=16777216"
    "memorysetup-gfx-thread-allocator-block-size=16777216"
    "memorysetup-cache-allocator-block-size=4194304"
    "memorysetup-typetree-allocator-block-size=2097152"
    "memorysetup-profiler-bucket-allocator-granularity=16"
    "memorysetup-profiler-bucket-allocator-bucket-count=8"
    "memorysetup-profiler-bucket-allocator-block-size=33554432"
    "memorysetup-profiler-bucket-allocator-block-count=8"
    "memorysetup-profiler-allocator-block-size=16777216"
    "memorysetup-profiler-editor-allocator-block-size=1048576"
    "memorysetup-temp-allocator-size-main=16777216"
    "memorysetup-job-temp-allocator-block-size=2097152"
    "memorysetup-job-temp-allocator-block-size-background=1048576"
    "memorysetup-job-temp-allocator-reduction-small-platforms=262144"
    "memorysetup-allocator-temp-initial-block-size-main=262144"
    "memorysetup-allocator-temp-initial-block-size-worker=262144"
    "memorysetup-temp-allocator-size-background-worker=32768"
    "memorysetup-temp-allocator-size-job-worker=262144"
    "memorysetup-temp-allocator-size-preload-manager=33554432"
    "memorysetup-temp-allocator-size-nav-mesh-worker=65536"
    "memorysetup-temp-allocator-size-audio-worker=65536"
    "memorysetup-temp-allocator-size-cloud-worker=32768"
    "memorysetup-temp-allocator-size-gi-baking-worker=262144"
    "memorysetup-temp-allocator-size-gi-baking-worker=262144"
    "memorysetup-temp-allocator-size-gi-baking-worker=262144"
    "memorysetup-temp-allocator-size-gi-baking-worker=262144"
    "memorysetup-temp-allocator-size-gi-baking-worker=262144"
    "memorysetup-temp-allocator-size-gfx=262144"
Player connection [85652]  Target information:

Player connection [85652]  * "[IP] 142.3.80.56 [Port] 0 [Flags] 2 [Guid] 2697598984 [EditorId] 2697598984 [Version] 1048832 [Id] WindowsEditor(7,BOOK-G8AA279PT7) [Debug] 1 [PackageName] WindowsEditor [ProjectName] Editor" 

Player connection [85652] Host joined multi-casting on [225.0.0.222:54997]...
Player connection [85652] Host joined alternative multi-casting on [225.0.0.222:34997]...
JobSystem: Creating JobQueue using job-worker-count value 5
[Physics::Module] Initialized fallback backend.
[Physics::Module] Id: 0xdecafbad
Library Redirect Path: Library/
[Physics::Module] Selected backend.
[Physics::Module] Name: PhysX
[Physics::Module] Id: 0xf2b8ea05
[Physics::Module] SDK Version: 4.1.2
[Physics::Module] Integration Version: 1.0.0
[Physics::Module] Threading Mode: Multi-Threaded
Refreshing native plugins compatible for Editor in 6.44 ms, found 3 plugins.
Preloading 0 native plugins for Editor in 0.00 ms.
Initialize engine version: 6000.0.33f1 (433b0a79340b)
[Subsystems] Discovering subsystems at path C:/Program Files/Unity/Hub/Editor/6000.0.33f1/Editor/Data/Resources/UnitySubsystems
[Subsystems] Discovering subsystems at path C:/Users/ethan/My project/Assets
GfxDevice: creating device client; kGfxThreadingModeNonThreaded
Direct3D:
    Version:  Direct3D 11.0 [level 11.1]
    Renderer: Qualcomm(R) Adreno(TM) X1-85 GPU (ID=0x36334330)
    Vendor:   Qualcomm
    VRAM:     7986 MB
Initialize mono
Mono path[0] = 'C:/Program Files/Unity/Hub/Editor/6000.0.33f1/Editor/Data/Managed'
Mono path[1] = 'C:/Program Files/Unity/Hub/Editor/6000.0.33f1/Editor/Data/MonoBleedingEdge/lib/mono/unityjit-win32'
Mono config path = 'C:/Program Files/Unity/Hub/Editor/6000.0.33f1/Editor/Data/MonoBleedingEdge/etc'
Using monoOptions --debugger-agent=transport=dt_socket,embedding=1,server=y,suspend=n,address=127.0.0.1:56332
Begin MonoManager ReloadAssembly
Registering precompiled unity dll's ...
Register platform support module: C:/Program Files/Unity/Hub/Editor/6000.0.33f1/Editor/Data/PlaybackEngines/WebGLSupport/UnityEditor.WebGL.Extensions.dll
Register platform support module: C:/Program Files/Unity/Hub/Editor/6000.0.33f1/Editor/Data/PlaybackEngines/WindowsStandaloneSupport/UnityEditor.WindowsStandalone.Extensions.dll
Registered in 0.004731 seconds.
- Loaded All Assemblies, in  0.407 seconds
Native extension for WindowsStandalone target not found
Native extension for WebGL target not found
Mono: successfully reloaded assembly
- Finished resetting the current domain, in  0.384 seconds
Domain Reload Profiling: 789ms
	BeginReloadAssembly (123ms)
		ExecutionOrderSort (0ms)
		DisableScriptedObjects (0ms)
		BackupInstance (0ms)
		ReleaseScriptingObjects (0ms)
		CreateAndSetChildDomain (1ms)
	RebuildCommonClasses (38ms)
	RebuildNativeTypeToScriptingClass (12ms)
	initialDomainReloadingComplete (49ms)
	LoadAllAssembliesAndSetupDomain (181ms)
		LoadAssemblies (121ms)
		RebuildTransferFunctionScriptingTraits (0ms)
		AnalyzeDomain (177ms)
			TypeCache.Refresh (175ms)
				TypeCache.ScanAssembly (161ms)
			BuildScriptInfoCaches (0ms)
			ResolveRequiredComponents (1ms)
	FinalizeReload (385ms)
		ReleaseScriptCaches (0ms)
		RebuildScriptCaches (0ms)
		SetupLoadedEditorAssemblies (343ms)
			LogAssemblyErrors (0ms)
			InitializePlatformSupportModulesInManaged (21ms)
			SetLoadedEditorAssemblies (4ms)
			BeforeProcessingInitializeOnLoad (68ms)
			ProcessInitializeOnLoadAttributes (198ms)
			ProcessInitializeOnLoadMethodAttributes (50ms)
			AfterProcessingInitializeOnLoad (0ms)
			EditorAssembliesLoaded (0ms)
		ExecutionOrderSort2 (0ms)
		AwakeInstancesAfterBackupRestoration (0ms)
========================================================================
Worker process is ready to serve import requests
Import Worker Mode flag is 0x00
Begin MonoManager ReloadAssembly
- Loaded All Assemblies, in  0.672 seconds
Refreshing native plugins compatible for Editor in 0.84 ms, found 3 plugins.
Native extension for WindowsStandalone target not found
Native extension for WebGL target not found
Mono: successfully reloaded assembly
- Finished resetting the current domain, in  0.602 seconds
Domain Reload Profiling: 1271ms
	BeginReloadAssembly (164ms)
		ExecutionOrderSort (0ms)
		DisableScriptedObjects (7ms)
		BackupInstance (0ms)
		ReleaseScriptingObjects (0ms)
		CreateAndSetChildDomain (29ms)
	RebuildCommonClasses (38ms)
	RebuildNativeTypeToScriptingClass (12ms)
	initialDomainReloadingComplete (36ms)
	LoadAllAssembliesAndSetupDomain (418ms)
		LoadAssemblies (297ms)
		RebuildTransferFunctionScriptingTraits (0ms)
		AnalyzeDomain (218ms)
			TypeCache.Refresh (164ms)
				TypeCache.ScanAssembly (146ms)
			BuildScriptInfoCaches (45ms)
			ResolveRequiredComponents (4ms)
	FinalizeReload (602ms)
		ReleaseScriptCaches (0ms)
		RebuildScriptCaches (0ms)
		SetupLoadedEditorAssemblies (491ms)
			LogAssemblyErrors (0ms)
			InitializePlatformSupportModulesInManaged (3ms)
			SetLoadedEditorAssemblies (5ms)
			BeforeProcessingInitializeOnLoad (102ms)
			ProcessInitializeOnLoadAttributes (352ms)
			ProcessInitializeOnLoadMethodAttributes (24ms)
			AfterProcessingInitializeOnLoad (5ms)
			EditorAssembliesLoaded (0ms)
		ExecutionOrderSort2 (0ms)
		AwakeInstancesAfterBackupRestoration (7ms)
Launched and connected shader compiler UnityShaderCompiler.exe after 0.03 seconds
Refreshing native plugins compatible for Editor in 1.22 ms, found 3 plugins.
Preloading 0 native plugins for Editor in 0.00 ms.
Unloading 22 Unused Serialized files (Serialized files now loaded: 0)
Unloading 3747 unused Assets / (0.9 MB). Loaded Objects now: 4267.
Memory consumption went from 97.2 MB to 96.3 MB.
Total: 8.723900 ms (FindLiveObjects: 1.216800 ms CreateObjectMapping: 0.262600 ms MarkObjects: 5.336300 ms  DeleteObjects: 1.907500 ms)

========================================================================
Received Prepare
Begin MonoManager ReloadAssembly
- Loaded All Assemblies, in  0.712 seconds
Refreshing native plugins compatible for Editor in 1.18 ms, found 3 plugins.
Native extension for WindowsStandalone target not found
Native extension for WebGL target not found
Mono: successfully reloaded assembly
- Finished resetting the current domain, in  0.718 seconds
Domain Reload Profiling: 1430ms
	BeginReloadAssembly (210ms)
		ExecutionOrderSort (0ms)
		DisableScriptedObjects (8ms)
		BackupInstance (0ms)
		ReleaseScriptingObjects (0ms)
		CreateAndSetChildDomain (52ms)
	RebuildCommonClasses (43ms)
	RebuildNativeTypeToScriptingClass (13ms)
	initialDomainReloadingComplete (26ms)
	LoadAllAssembliesAndSetupDomain (420ms)
		LoadAssemblies (363ms)
		RebuildTransferFunctionScriptingTraits (0ms)
		AnalyzeDomain (164ms)
			TypeCache.Refresh (8ms)
				TypeCache.ScanAssembly (0ms)
			BuildScriptInfoCaches (147ms)
			ResolveRequiredComponents (4ms)
	FinalizeReload (719ms)
		ReleaseScriptCaches (0ms)
		RebuildScriptCaches (0ms)
		SetupLoadedEditorAssemblies (584ms)
			LogAssemblyErrors (0ms)
			InitializePlatformSupportModulesInManaged (3ms)
			SetLoadedEditorAssemblies (6ms)
			BeforeProcessingInitializeOnLoad (116ms)
			ProcessInitializeOnLoadAttributes (423ms)
			ProcessInitializeOnLoadMethodAttributes (31ms)
			AfterProcessingInitializeOnLoad (6ms)
			EditorAssembliesLoaded (0ms)
		ExecutionOrderSort2 (0ms)
		AwakeInstancesAfterBackupRestoration (7ms)
Refreshing native plugins compatible for Editor in 1.20 ms, found 3 plugins.
Preloading 0 native plugins for Editor in 0.00 ms.
Unloading 1 Unused Serialized files (Serialized files now loaded: 0)
Unloading 3745 unused Assets / (0.7 MB). Loaded Objects now: 4268.
Memory consumption went from 93.0 MB to 92.3 MB.
Total: 7.569100 ms (FindLiveObjects: 0.412500 ms CreateObjectMapping: 0.184300 ms MarkObjects: 4.944600 ms  DeleteObjects: 2.025800 ms)

Prepare: number of updated asset objects reloaded= 0
========================================================================
Received Prepare
Begin MonoManager ReloadAssembly
- Loaded All Assemblies, in  0.637 seconds
Refreshing native plugins compatible for Editor in 0.88 ms, found 3 plugins.
Native extension for WindowsStandalone target not found
Native extension for WebGL target not found
Mono: successfully reloaded assembly
- Finished resetting the current domain, in  0.701 seconds
Domain Reload Profiling: 1335ms
	BeginReloadAssembly (189ms)
		ExecutionOrderSort (0ms)
		DisableScriptedObjects (5ms)
		BackupInstance (0ms)
		ReleaseScriptingObjects (0ms)
		CreateAndSetChildDomain (43ms)
	RebuildCommonClasses (42ms)
	RebuildNativeTypeToScriptingClass (13ms)
	initialDomainReloadingComplete (28ms)
	LoadAllAssembliesAndSetupDomain (361ms)
		LoadAssemblies (297ms)
		RebuildTransferFunctionScriptingTraits (0ms)
		AnalyzeDomain (165ms)
			TypeCache.Refresh (7ms)
				TypeCache.ScanAssembly (0ms)
			BuildScriptInfoCaches (149ms)
			ResolveRequiredComponents (4ms)
	FinalizeReload (701ms)
		ReleaseScriptCaches (0ms)
		RebuildScriptCaches (0ms)
		SetupLoadedEditorAssemblies (555ms)
			LogAssemblyErrors (0ms)
			InitializePlatformSupportModulesInManaged (3ms)
			SetLoadedEditorAssemblies (7ms)
			BeforeProcessingInitializeOnLoad (128ms)
			ProcessInitializeOnLoadAttributes (384ms)
			ProcessInitializeOnLoadMethodAttributes (28ms)
			AfterProcessingInitializeOnLoad (5ms)
			EditorAssembliesLoaded (0ms)
		ExecutionOrderSort2 (0ms)
		AwakeInstancesAfterBackupRestoration (9ms)
Refreshing native plugins compatible for Editor in 1.16 ms, found 3 plugins.
Preloading 0 native plugins for Editor in 0.00 ms.
Unloading 0 Unused Serialized files (Serialized files now loaded: 0)
Unloading 3745 unused Assets / (1.2 MB). Loaded Objects now: 4268.
Memory consumption went from 92.9 MB to 91.7 MB.
Total: 10.959700 ms (FindLiveObjects: 0.385600 ms CreateObjectMapping: 0.203600 ms MarkObjects: 4.881000 ms  DeleteObjects: 5.488100 ms)

Prepare: number of updated asset objects reloaded= 0
========================================================================
Received Prepare
Begin MonoManager ReloadAssembly
- Loaded All Assemblies, in  0.617 seconds
Refreshing native plugins compatible for Editor in 0.83 ms, found 3 plugins.
Native extension for WindowsStandalone target not found
Native extension for WebGL target not found
Mono: successfully reloaded assembly
- Finished resetting the current domain, in  0.679 seconds
Domain Reload Profiling: 1297ms
	BeginReloadAssembly (185ms)
		ExecutionOrderSort (0ms)
		DisableScriptedObjects (6ms)
		BackupInstance (0ms)
		ReleaseScriptingObjects (0ms)
		CreateAndSetChildDomain (45ms)
	RebuildCommonClasses (39ms)
	RebuildNativeTypeToScriptingClass (13ms)
	initialDomainReloadingComplete (23ms)
	LoadAllAssembliesAndSetupDomain (357ms)
		LoadAssemblies (293ms)
		RebuildTransferFunctionScriptingTraits (0ms)
		AnalyzeDomain (157ms)
			TypeCache.Refresh (6ms)
				TypeCache.ScanAssembly (0ms)
			BuildScriptInfoCaches (142ms)
			ResolveRequiredComponents (4ms)
	FinalizeReload (679ms)
		ReleaseScriptCaches (0ms)
		RebuildScriptCaches (0ms)
		SetupLoadedEditorAssemblies (542ms)
			LogAssemblyErrors (0ms)
			InitializePlatformSupportModulesInManaged (4ms)
			SetLoadedEditorAssemblies (7ms)
			BeforeProcessingInitializeOnLoad (124ms)
			ProcessInitializeOnLoadAttributes (373ms)
			ProcessInitializeOnLoadMethodAttributes (27ms)
			AfterProcessingInitializeOnLoad (6ms)
			EditorAssembliesLoaded (0ms)
		ExecutionOrderSort2 (0ms)
		AwakeInstancesAfterBackupRestoration (8ms)
Refreshing native plugins compatible for Editor in 1.07 ms, found 3 plugins.
Preloading 0 native plugins for Editor in 0.00 ms.
Unloading 0 Unused Serialized files (Serialized files now loaded: 0)
Unloading 3745 unused Assets / (0.6 MB). Loaded Objects now: 4268.
Memory consumption went from 92.9 MB to 92.3 MB.
Total: 7.549300 ms (FindLiveObjects: 0.428300 ms CreateObjectMapping: 0.205300 ms MarkObjects: 5.654400 ms  DeleteObjects: 1.260300 ms)

Prepare: number of updated asset objects reloaded= 0
========================================================================
Received Prepare
Begin MonoManager ReloadAssembly
- Loaded All Assemblies, in  0.628 seconds
Refreshing native plugins compatible for Editor in 1.14 ms, found 3 plugins.
Native extension for WindowsStandalone target not found
Native extension for WebGL target not found
Mono: successfully reloaded assembly
- Finished resetting the current domain, in  0.736 seconds
Domain Reload Profiling: 1363ms
	BeginReloadAssembly (187ms)
		ExecutionOrderSort (0ms)
		DisableScriptedObjects (6ms)
		BackupInstance (0ms)
		ReleaseScriptingObjects (0ms)
		CreateAndSetChildDomain (49ms)
	RebuildCommonClasses (36ms)
	RebuildNativeTypeToScriptingClass (16ms)
	initialDomainReloadingComplete (26ms)
	LoadAllAssembliesAndSetupDomain (362ms)
		LoadAssemblies (283ms)
		RebuildTransferFunctionScriptingTraits (0ms)
		AnalyzeDomain (168ms)
			TypeCache.Refresh (7ms)
				TypeCache.ScanAssembly (0ms)
			BuildScriptInfoCaches (152ms)
			ResolveRequiredComponents (4ms)
	FinalizeReload (737ms)
		ReleaseScriptCaches (0ms)
		RebuildScriptCaches (0ms)
		SetupLoadedEditorAssemblies (594ms)
			LogAssemblyErrors (0ms)
			InitializePlatformSupportModulesInManaged (4ms)
			SetLoadedEditorAssemblies (6ms)
			BeforeProcessingInitializeOnLoad (134ms)
			ProcessInitializeOnLoadAttributes (414ms)
			ProcessInitializeOnLoadMethodAttributes (28ms)
			AfterProcessingInitializeOnLoad (6ms)
			EditorAssembliesLoaded (0ms)
		ExecutionOrderSort2 (0ms)
		AwakeInstancesAfterBackupRestoration (7ms)
Refreshing native plugins compatible for Editor in 0.98 ms, found 3 plugins.
Preloading 0 native plugins for Editor in 0.00 ms.
Unloading 0 Unused Serialized files (Serialized files now loaded: 0)
Unloading 3745 unused Assets / (0.6 MB). Loaded Objects now: 4268.
Memory consumption went from 92.9 MB to 92.3 MB.
Total: 7.219800 ms (FindLiveObjects: 0.464500 ms CreateObjectMapping: 0.189200 ms MarkObjects: 5.416800 ms  DeleteObjects: 1.148200 ms)

Prepare: number of updated asset objects reloaded= 0
========================================================================
Received Prepare
Begin MonoManager ReloadAssembly
- Loaded All Assemblies, in  0.656 seconds
Refreshing native plugins compatible for Editor in 1.19 ms, found 3 plugins.
Native extension for WindowsStandalone target not found
Native extension for WebGL target not found
Mono: successfully reloaded assembly
- Finished resetting the current domain, in  0.651 seconds
Domain Reload Profiling: 1307ms
	BeginReloadAssembly (195ms)
		ExecutionOrderSort (0ms)
		DisableScriptedObjects (6ms)
		BackupInstance (0ms)
		ReleaseScriptingObjects (0ms)
		CreateAndSetChildDomain (47ms)
	RebuildCommonClasses (42ms)
	RebuildNativeTypeToScriptingClass (13ms)
	initialDomainReloadingComplete (28ms)
	LoadAllAssembliesAndSetupDomain (377ms)
		LoadAssemblies (310ms)
		RebuildTransferFunctionScriptingTraits (0ms)
		AnalyzeDomain (163ms)
			TypeCache.Refresh (8ms)
				TypeCache.ScanAssembly (0ms)
			BuildScriptInfoCaches (146ms)
			ResolveRequiredComponents (5ms)
	FinalizeReload (651ms)
		ReleaseScriptCaches (0ms)
		RebuildScriptCaches (0ms)
		SetupLoadedEditorAssemblies (527ms)
			LogAssemblyErrors (0ms)
			InitializePlatformSupportModulesInManaged (4ms)
			SetLoadedEditorAssemblies (6ms)
			BeforeProcessingInitializeOnLoad (119ms)
			ProcessInitializeOnLoadAttributes (366ms)
			ProcessInitializeOnLoadMethodAttributes (27ms)
			AfterProcessingInitializeOnLoad (5ms)
			EditorAssembliesLoaded (0ms)
		ExecutionOrderSort2 (0ms)
		AwakeInstancesAfterBackupRestoration (8ms)
Refreshing native plugins compatible for Editor in 1.02 ms, found 3 plugins.
Preloading 0 native plugins for Editor in 0.00 ms.
Unloading 0 Unused Serialized files (Serialized files now loaded: 0)
Unloading 3745 unused Assets / (0.7 MB). Loaded Objects now: 4268.
Memory consumption went from 92.9 MB to 92.2 MB.
Total: 7.519700 ms (FindLiveObjects: 0.691200 ms CreateObjectMapping: 0.453300 ms MarkObjects: 4.988600 ms  DeleteObjects: 1.385500 ms)

Prepare: number of updated asset objects reloaded= 0
========================================================================
Received Import Request.
  Time since last request: 1783795.819388 seconds.
  path: Assets/Materials/Rock.mat
  artifactKey: Guid(1009645817bc74f4fb1afb5f5e1318cd) Importer(815301076,1909f56bfc062723c751e8b465ee728b)
Start importing Assets/Materials/Rock.mat using Guid(1009645817bc74f4fb1afb5f5e1318cd) Importer(815301076,1909f56bfc062723c751e8b465ee728b) (PreviewImporter) -> (artifact id: '3330574617678db4006d94b70a0759f3') in 0.2690368 seconds
Number of updated asset objects reloaded before import = 0Number of asset objects unloaded after import = 1

========================================================================
Received Prepare
Begin MonoManager ReloadAssembly
- Loaded All Assemblies, in  0.635 seconds
Refreshing native plugins compatible for Editor in 0.83 ms, found 3 plugins.
Native extension for WindowsStandalone target not found
Native extension for WebGL target not found
Mono: successfully reloaded assembly
- Finished resetting the current domain, in  0.672 seconds
Domain Reload Profiling: 1308ms
	BeginReloadAssembly (186ms)
		ExecutionOrderSort (0ms)
		DisableScriptedObjects (5ms)
		BackupInstance (0ms)
		ReleaseScriptingObjects (0ms)
		CreateAndSetChildDomain (48ms)
	RebuildCommonClasses (43ms)
	RebuildNativeTypeToScriptingClass (15ms)
	initialDomainReloadingComplete (26ms)
	LoadAllAssembliesAndSetupDomain (366ms)
		LoadAssemblies (294ms)
		RebuildTransferFunctionScriptingTraits (0ms)
		AnalyzeDomain (164ms)
			TypeCache.Refresh (6ms)
				TypeCache.ScanAssembly (0ms)
			BuildScriptInfoCaches (148ms)
			ResolveRequiredComponents (6ms)
	FinalizeReload (673ms)
		ReleaseScriptCaches (0ms)
		RebuildScriptCaches (0ms)
		SetupLoadedEditorAssemblies (540ms)
			LogAssemblyErrors (0ms)
			InitializePlatformSupportModulesInManaged (4ms)
			SetLoadedEditorAssemblies (8ms)
			BeforeProcessingInitializeOnLoad (116ms)
			ProcessInitializeOnLoadAttributes (378ms)
			ProcessInitializeOnLoadMethodAttributes (28ms)
			AfterProcessingInitializeOnLoad (6ms)
			EditorAssembliesLoaded (0ms)
		ExecutionOrderSort2 (0ms)
		AwakeInstancesAfterBackupRestoration (8ms)
Refreshing native plugins compatible for Editor in 1.03 ms, found 3 plugins.
Preloading 0 native plugins for Editor in 0.00 ms.
Unloading 0 Unused Serialized files (Serialized files now loaded: 0)
Unloading 3745 unused Assets / (0.6 MB). Loaded Objects now: 4311.
Memory consumption went from 97.9 MB to 97.3 MB.
Total: 7.498900 ms (FindLiveObjects: 0.391400 ms CreateObjectMapping: 0.187800 ms MarkObjects: 5.503400 ms  DeleteObjects: 1.415000 ms)

Prepare: number of updated asset objects reloaded= 0
========================================================================
Received Prepare
Begin MonoManager ReloadAssembly
- Loaded All Assemblies, in  0.634 seconds
Refreshing native plugins compatible for Editor in 1.42 ms, found 3 plugins.
Native extension for WindowsStandalone target not found
Native extension for WebGL target not found
Mono: successfully reloaded assembly
- Finished resetting the current domain, in  0.665 seconds
Domain Reload Profiling: 1299ms
	BeginReloadAssembly (192ms)
		ExecutionOrderSort (0ms)
		DisableScriptedObjects (6ms)
		BackupInstance (0ms)
		ReleaseScriptingObjects (0ms)
		CreateAndSetChildDomain (46ms)
	RebuildCommonClasses (37ms)
	RebuildNativeTypeToScriptingClass (14ms)
	initialDomainReloadingComplete (23ms)
	LoadAllAssembliesAndSetupDomain (369ms)
		LoadAssemblies (290ms)
		RebuildTransferFunctionScriptingTraits (0ms)
		AnalyzeDomain (174ms)
			TypeCache.Refresh (7ms)
				TypeCache.ScanAssembly (0ms)
			BuildScriptInfoCaches (158ms)
			ResolveRequiredComponents (4ms)
	FinalizeReload (666ms)
		ReleaseScriptCaches (0ms)
		RebuildScriptCaches (0ms)
		SetupLoadedEditorAssemblies (534ms)
			LogAssemblyErrors (0ms)
			InitializePlatformSupportModulesInManaged (3ms)
			SetLoadedEditorAssemblies (4ms)
			BeforeProcessingInitializeOnLoad (118ms)
			ProcessInitializeOnLoadAttributes (378ms)
			ProcessInitializeOnLoadMethodAttributes (26ms)
			AfterProcessingInitializeOnLoad (5ms)
			EditorAssembliesLoaded (0ms)
		ExecutionOrderSort2 (0ms)
		AwakeInstancesAfterBackupRestoration (7ms)
Refreshing native plugins compatible for Editor in 1.35 ms, found 3 plugins.
Preloading 0 native plugins for Editor in 0.00 ms.
Unloading 0 Unused Serialized files (Serialized files now loaded: 0)
Unloading 3745 unused Assets / (341.2 KB). Loaded Objects now: 4311.
Memory consumption went from 97.9 MB to 97.5 MB.
Total: 6.894900 ms (FindLiveObjects: 0.400700 ms CreateObjectMapping: 0.204000 ms MarkObjects: 5.091000 ms  DeleteObjects: 1.197600 ms)

Prepare: number of updated asset objects reloaded= 0
========================================================================
Received Prepare
Begin MonoManager ReloadAssembly
- Loaded All Assemblies, in  0.864 seconds
Refreshing native plugins compatible for Editor in 1.50 ms, found 3 plugins.
Native extension for WindowsStandalone target not found
Native extension for WebGL target not found
Mono: successfully reloaded assembly
- Finished resetting the current domain, in  0.707 seconds
Domain Reload Profiling: 1571ms
	BeginReloadAssembly (301ms)
		ExecutionOrderSort (0ms)
		DisableScriptedObjects (19ms)
		BackupInstance (0ms)
		ReleaseScriptingObjects (0ms)
		CreateAndSetChildDomain (88ms)
	RebuildCommonClasses (46ms)
	RebuildNativeTypeToScriptingClass (13ms)
	initialDomainReloadingComplete (29ms)
	LoadAllAssembliesAndSetupDomain (474ms)
		LoadAssemblies (392ms)
		RebuildTransferFunctionScriptingTraits (0ms)
		AnalyzeDomain (200ms)
			TypeCache.Refresh (10ms)
				TypeCache.ScanAssembly (0ms)
			BuildScriptInfoCaches (177ms)
			ResolveRequiredComponents (6ms)
	FinalizeReload (708ms)
		ReleaseScriptCaches (0ms)
		RebuildScriptCaches (0ms)
		SetupLoadedEditorAssemblies (556ms)
			LogAssemblyErrors (0ms)
			InitializePlatformSupportModulesInManaged (4ms)
			SetLoadedEditorAssemblies (8ms)
			BeforeProcessingInitializeOnLoad (120ms)
			ProcessInitializeOnLoadAttributes (387ms)
			ProcessInitializeOnLoadMethodAttributes (30ms)
			AfterProcessingInitializeOnLoad (6ms)
			EditorAssembliesLoaded (0ms)
		ExecutionOrderSort2 (0ms)
		AwakeInstancesAfterBackupRestoration (10ms)
Refreshing native plugins compatible for Editor in 2.04 ms, found 3 plugins.
Preloading 0 native plugins for Editor in 0.00 ms.
Unloading 0 Unused Serialized files (Serialized files now loaded: 0)
Unloading 3745 unused Assets / (467.6 KB). Loaded Objects now: 4311.
Memory consumption went from 97.9 MB to 97.4 MB.
Total: 10.274000 ms (FindLiveObjects: 1.525000 ms CreateObjectMapping: 1.140300 ms MarkObjects: 6.163900 ms  DeleteObjects: 1.442400 ms)

Prepare: number of updated asset objects reloaded= 0
========================================================================
Received Prepare
Begin MonoManager ReloadAssembly
- Loaded All Assemblies, in  0.666 seconds
Refreshing native plugins compatible for Editor in 0.80 ms, found 3 plugins.
Native extension for WindowsStandalone target not found
Native extension for WebGL target not found
Mono: successfully reloaded assembly
- Finished resetting the current domain, in  0.676 seconds
Domain Reload Profiling: 1341ms
	BeginReloadAssembly (198ms)
		ExecutionOrderSort (0ms)
		DisableScriptedObjects (7ms)
		BackupInstance (0ms)
		ReleaseScriptingObjects (0ms)
		CreateAndSetChildDomain (53ms)
	RebuildCommonClasses (43ms)
	RebuildNativeTypeToScriptingClass (14ms)
	initialDomainReloadingComplete (27ms)
	LoadAllAssembliesAndSetupDomain (382ms)
		LoadAssemblies (296ms)
		RebuildTransferFunctionScriptingTraits (0ms)
		AnalyzeDomain (177ms)
			TypeCache.Refresh (13ms)
				TypeCache.ScanAssembly (0ms)
			BuildScriptInfoCaches (153ms)
			ResolveRequiredComponents (4ms)
	FinalizeReload (677ms)
		ReleaseScriptCaches (0ms)
		RebuildScriptCaches (0ms)
		SetupLoadedEditorAssemblies (538ms)
			LogAssemblyErrors (0ms)
			InitializePlatformSupportModulesInManaged (4ms)
			SetLoadedEditorAssemblies (7ms)
			BeforeProcessingInitializeOnLoad (121ms)
			ProcessInitializeOnLoadAttributes (374ms)
			ProcessInitializeOnLoadMethodAttributes (28ms)
			AfterProcessingInitializeOnLoad (5ms)
			EditorAssembliesLoaded (0ms)
		ExecutionOrderSort2 (0ms)
		AwakeInstancesAfterBackupRestoration (8ms)
Refreshing native plugins compatible for Editor in 1.06 ms, found 3 plugins.
Preloading 0 native plugins for Editor in 0.00 ms.
Unloading 0 Unused Serialized files (Serialized files now loaded: 0)
Unloading 3745 unused Assets / (0.6 MB). Loaded Objects now: 4311.
Memory consumption went from 97.9 MB to 97.3 MB.
Total: 9.098500 ms (FindLiveObjects: 0.434900 ms CreateObjectMapping: 0.244400 ms MarkObjects: 7.076400 ms  DeleteObjects: 1.341200 ms)

Prepare: number of updated asset objects reloaded= 0
========================================================================
Received Import Request.
  Time since last request: 377.089757 seconds.
  path: Assets/Scripts/PlayerMovement.cs
  artifactKey: Guid(129f2ec3499a81a429364ac8bbc49cfb) Importer(815301076,1909f56bfc062723c751e8b465ee728b)
Start importing Assets/Scripts/PlayerMovement.cs using Guid(129f2ec3499a81a429364ac8bbc49cfb) Importer(815301076,1909f56bfc062723c751e8b465ee728b) (PreviewImporter) -> (artifact id: '00ec40618e26574910fa9fafdbdf75cc') in 0.0041585 seconds
Number of updated asset objects reloaded before import = 0Number of asset objects unloaded after import = 0

========================================================================
Received Prepare
Begin MonoManager ReloadAssembly
- Loaded All Assemblies, in  0.664 seconds
Refreshing native plugins compatible for Editor in 0.84 ms, found 3 plugins.
Native extension for WindowsStandalone target not found
Native extension for WebGL target not found
Mono: successfully reloaded assembly
- Finished resetting the current domain, in  0.684 seconds
Domain Reload Profiling: 1348ms
	BeginReloadAssembly (192ms)
		ExecutionOrderSort (0ms)
		DisableScriptedObjects (7ms)
		BackupInstance (0ms)
		ReleaseScriptingObjects (0ms)
		CreateAndSetChildDomain (47ms)
	RebuildCommonClasses (44ms)
	RebuildNativeTypeToScriptingClass (15ms)
	initialDomainReloadingComplete (26ms)
	LoadAllAssembliesAndSetupDomain (387ms)
		LoadAssemblies (305ms)
		RebuildTransferFunctionScriptingTraits (0ms)
		AnalyzeDomain (179ms)
			TypeCache.Refresh (8ms)
				TypeCache.ScanAssembly (0ms)
			BuildScriptInfoCaches (162ms)
			ResolveRequiredComponents (5ms)
	FinalizeReload (685ms)
		ReleaseScriptCaches (0ms)
		RebuildScriptCaches (0ms)
		SetupLoadedEditorAssemblies (548ms)
			LogAssemblyErrors (0ms)
			InitializePlatformSupportModulesInManaged (3ms)
			SetLoadedEditorAssemblies (7ms)
			BeforeProcessingInitializeOnLoad (121ms)
			ProcessInitializeOnLoadAttributes (383ms)
			ProcessInitializeOnLoadMethodAttributes (28ms)
			AfterProcessingInitializeOnLoad (6ms)
			EditorAssembliesLoaded (0ms)
		ExecutionOrderSort2 (0ms)
		AwakeInstancesAfterBackupRestoration (7ms)
Refreshing native plugins compatible for Editor in 1.50 ms, found 3 plugins.
Preloading 0 native plugins for Editor in 0.00 ms.
Unloading 0 Unused Serialized files (Serialized files now loaded: 0)
Unloading 3745 unused Assets / (0.5 MB). Loaded Objects now: 4311.
Memory consumption went from 97.9 MB to 97.4 MB.
Total: 8.611800 ms (FindLiveObjects: 0.450800 ms CreateObjectMapping: 0.196000 ms MarkObjects: 6.319400 ms  DeleteObjects: 1.644400 ms)

Prepare: number of updated asset objects reloaded= 0
========================================================================
Received Prepare
Begin MonoManager ReloadAssembly
- Loaded All Assemblies, in  0.768 seconds
Refreshing native plugins compatible for Editor in 0.87 ms, found 3 plugins.
Native extension for WindowsStandalone target not found
Native extension for WebGL target not found
Mono: successfully reloaded assembly
- Finished resetting the current domain, in  0.673 seconds
Domain Reload Profiling: 1440ms
	BeginReloadAssembly (220ms)
		ExecutionOrderSort (0ms)
		DisableScriptedObjects (7ms)
		BackupInstance (0ms)
		ReleaseScriptingObjects (0ms)
		CreateAndSetChildDomain (56ms)
	RebuildCommonClasses (46ms)
	RebuildNativeTypeToScriptingClass (16ms)
	initialDomainReloadingComplete (32ms)
	LoadAllAssembliesAndSetupDomain (452ms)
		LoadAssemblies (348ms)
		RebuildTransferFunctionScriptingTraits (0ms)
		AnalyzeDomain (213ms)
			TypeCache.Refresh (13ms)
				TypeCache.ScanAssembly (0ms)
			BuildScriptInfoCaches (186ms)
			ResolveRequiredComponents (7ms)
	FinalizeReload (673ms)
		ReleaseScriptCaches (0ms)
		RebuildScriptCaches (0ms)
		SetupLoadedEditorAssemblies (538ms)
			LogAssemblyErrors (0ms)
			InitializePlatformSupportModulesInManaged (4ms)
			SetLoadedEditorAssemblies (6ms)
			BeforeProcessingInitializeOnLoad (125ms)
			ProcessInitializeOnLoadAttributes (378ms)
			ProcessInitializeOnLoadMethodAttributes (21ms)
			AfterProcessingInitializeOnLoad (5ms)
			EditorAssembliesLoaded (0ms)
		ExecutionOrderSort2 (0ms)
		AwakeInstancesAfterBackupRestoration (6ms)
Refreshing native plugins compatible for Editor in 0.94 ms, found 3 plugins.
Preloading 0 native plugins for Editor in 0.00 ms.
Unloading 0 Unused Serialized files (Serialized files now loaded: 0)
Unloading 3745 unused Assets / (511.5 KB). Loaded Objects now: 4311.
Memory consumption went from 97.9 MB to 97.4 MB.
Total: 5.174100 ms (FindLiveObjects: 0.305300 ms CreateObjectMapping: 0.159500 ms MarkObjects: 3.883200 ms  DeleteObjects: 0.824400 ms)

Prepare: number of updated asset objects reloaded= 0
========================================================================
Received Import Request.
  Time since last request: 46.785161 seconds.
  path: Assets/Scripts/PlayerMovement.cs
  artifactKey: Guid(129f2ec3499a81a429364ac8bbc49cfb) Importer(815301076,1909f56bfc062723c751e8b465ee728b)
Start importing Assets/Scripts/PlayerMovement.cs using Guid(129f2ec3499a81a429364ac8bbc49cfb) Importer(815301076,1909f56bfc062723c751e8b465ee728b) (PreviewImporter) -> (artifact id: '0b05c0927dcb7e5399e729fcf22a902d') in 0.0029908 seconds
Number of updated asset objects reloaded before import = 0Number of asset objects unloaded after import = 0

========================================================================
Received Prepare
Begin MonoManager ReloadAssembly
- Loaded All Assemblies, in  0.621 seconds
Refreshing native plugins compatible for Editor in 1.66 ms, found 3 plugins.
Native extension for WindowsStandalone target not found
Native extension for WebGL target not found
Mono: successfully reloaded assembly
- Finished resetting the current domain, in  0.638 seconds
Domain Reload Profiling: 1262ms
	BeginReloadAssembly (180ms)
		ExecutionOrderSort (0ms)
		DisableScriptedObjects (7ms)
		BackupInstance (0ms)
		ReleaseScriptingObjects (0ms)
		CreateAndSetChildDomain (45ms)
	RebuildCommonClasses (37ms)
	RebuildNativeTypeToScriptingClass (13ms)
	initialDomainReloadingComplete (23ms)
	LoadAllAssembliesAndSetupDomain (372ms)
		LoadAssemblies (272ms)
		RebuildTransferFunctionScriptingTraits (0ms)
		AnalyzeDomain (185ms)
			TypeCache.Refresh (7ms)
				TypeCache.ScanAssembly (0ms)
			BuildScriptInfoCaches (169ms)
			ResolveRequiredComponents (4ms)
	FinalizeReload (638ms)
		ReleaseScriptCaches (0ms)
		RebuildScriptCaches (0ms)
		SetupLoadedEditorAssemblies (520ms)
			LogAssemblyErrors (0ms)
			InitializePlatformSupportModulesInManaged (4ms)
			SetLoadedEditorAssemblies (6ms)
			BeforeProcessingInitializeOnLoad (114ms)
			ProcessInitializeOnLoadAttributes (365ms)
			ProcessInitializeOnLoadMethodAttributes (25ms)
			AfterProcessingInitializeOnLoad (6ms)
			EditorAssembliesLoaded (0ms)
		ExecutionOrderSort2 (0ms)
		AwakeInstancesAfterBackupRestoration (7ms)
Refreshing native plugins compatible for Editor in 1.02 ms, found 3 plugins.
Preloading 0 native plugins for Editor in 0.00 ms.
Unloading 0 Unused Serialized files (Serialized files now loaded: 0)
Unloading 3745 unused Assets / (0.7 MB). Loaded Objects now: 4311.
Memory consumption went from 97.9 MB to 97.2 MB.
Total: 7.046600 ms (FindLiveObjects: 0.556700 ms CreateObjectMapping: 0.574200 ms MarkObjects: 4.766600 ms  DeleteObjects: 1.146900 ms)

Prepare: number of updated asset objects reloaded= 0
========================================================================
Received Prepare
Begin MonoManager ReloadAssembly
- Loaded All Assemblies, in  0.698 seconds
Refreshing native plugins compatible for Editor in 1.08 ms, found 3 plugins.
Native extension for WindowsStandalone target not found
Native extension for WebGL target not found
Mono: successfully reloaded assembly
- Finished resetting the current domain, in  0.685 seconds
Domain Reload Profiling: 1385ms
	BeginReloadAssembly (199ms)
		ExecutionOrderSort (0ms)
		DisableScriptedObjects (6ms)
		BackupInstance (0ms)
		ReleaseScriptingObjects (0ms)
		CreateAndSetChildDomain (48ms)
	RebuildCommonClasses (40ms)
	RebuildNativeTypeToScriptingClass (14ms)
	initialDomainReloadingComplete (28ms)
	LoadAllAssembliesAndSetupDomain (417ms)
		LoadAssemblies (312ms)
		RebuildTransferFunctionScriptingTraits (0ms)
		AnalyzeDomain (205ms)
			TypeCache.Refresh (11ms)
				TypeCache.ScanAssembly (0ms)
			BuildScriptInfoCaches (178ms)
			ResolveRequiredComponents (7ms)
	FinalizeReload (686ms)
		ReleaseScriptCaches (0ms)
		RebuildScriptCaches (0ms)
		SetupLoadedEditorAssemblies (535ms)
			LogAssemblyErrors (0ms)
			InitializePlatformSupportModulesInManaged (4ms)
			SetLoadedEditorAssemblies (7ms)
			BeforeProcessingInitializeOnLoad (128ms)
			ProcessInitializeOnLoadAttributes (368ms)
			ProcessInitializeOnLoadMethodAttributes (22ms)
			AfterProcessingInitializeOnLoad (6ms)
			EditorAssembliesLoaded (0ms)
		ExecutionOrderSort2 (0ms)
		AwakeInstancesAfterBackupRestoration (7ms)
Refreshing native plugins compatible for Editor in 0.93 ms, found 3 plugins.
Preloading 0 native plugins for Editor in 0.00 ms.
Unloading 0 Unused Serialized files (Serialized files now loaded: 0)
Unloading 3745 unused Assets / (0.5 MB). Loaded Objects now: 4311.
Memory consumption went from 97.9 MB to 97.4 MB.
Total: 5.999200 ms (FindLiveObjects: 0.322600 ms CreateObjectMapping: 0.187100 ms MarkObjects: 4.613300 ms  DeleteObjects: 0.875000 ms)

Prepare: number of updated asset objects reloaded= 0
========================================================================
Received Import Request.
  Time since last request: 89.109032 seconds.
  path: Assets/Scripts/PlayerCollision.cs
  artifactKey: Guid(e73867074fdf73844a5a1b5ff848128e) Importer(815301076,1909f56bfc062723c751e8b465ee728b)
Start importing Assets/Scripts/PlayerCollision.cs using Guid(e73867074fdf73844a5a1b5ff848128e) Importer(815301076,1909f56bfc062723c751e8b465ee728b) (PreviewImporter) -> (artifact id: '6a3318bd7d17a8de96dbcc7044d0987a') in 0.0031403 seconds
Number of updated asset objects reloaded before import = 0Number of asset objects unloaded after import = 0

========================================================================
Received Prepare
Begin MonoManager ReloadAssembly
- Loaded All Assemblies, in  0.645 seconds
Refreshing native plugins compatible for Editor in 0.92 ms, found 3 plugins.
Native extension for WindowsStandalone target not found
Native extension for WebGL target not found
Mono: successfully reloaded assembly
- Finished resetting the current domain, in  0.675 seconds
Domain Reload Profiling: 1319ms
	BeginReloadAssembly (181ms)
		ExecutionOrderSort (0ms)
		DisableScriptedObjects (7ms)
		BackupInstance (0ms)
		ReleaseScriptingObjects (0ms)
		CreateAndSetChildDomain (44ms)
	RebuildCommonClasses (40ms)
	RebuildNativeTypeToScriptingClass (12ms)
	initialDomainReloadingComplete (25ms)
	LoadAllAssembliesAndSetupDomain (384ms)
		LoadAssemblies (292ms)
		RebuildTransferFunctionScriptingTraits (0ms)
		AnalyzeDomain (175ms)
			TypeCache.Refresh (11ms)
				TypeCache.ScanAssembly (0ms)
			BuildScriptInfoCaches (154ms)
			ResolveRequiredComponents (4ms)
	FinalizeReload (677ms)
		ReleaseScriptCaches (0ms)
		RebuildScriptCaches (0ms)
		SetupLoadedEditorAssemblies (533ms)
			LogAssemblyErrors (0ms)
			InitializePlatformSupportModulesInManaged (5ms)
			SetLoadedEditorAssemblies (6ms)
			BeforeProcessingInitializeOnLoad (113ms)
			ProcessInitializeOnLoadAttributes (368ms)
			ProcessInitializeOnLoadMethodAttributes (34ms)
			AfterProcessingInitializeOnLoad (6ms)
			EditorAssembliesLoaded (0ms)
		ExecutionOrderSort2 (0ms)
		AwakeInstancesAfterBackupRestoration (11ms)
Refreshing native plugins compatible for Editor in 1.00 ms, found 3 plugins.
Preloading 0 native plugins for Editor in 0.00 ms.
Unloading 0 Unused Serialized files (Serialized files now loaded: 0)
Unloading 3745 unused Assets / (0.6 MB). Loaded Objects now: 4311.
Memory consumption went from 97.9 MB to 97.3 MB.
Total: 9.395100 ms (FindLiveObjects: 0.524500 ms CreateObjectMapping: 0.178800 ms MarkObjects: 5.743500 ms  DeleteObjects: 2.947300 ms)

Prepare: number of updated asset objects reloaded= 0
========================================================================
Received Import Request.
  Time since last request: 161.082151 seconds.
  path: ProjectSettings/TagManager.asset
  artifactKey: Guid(00000000000000003000000000000000) Importer(815301076,1909f56bfc062723c751e8b465ee728b)
Start importing ProjectSettings/TagManager.asset using Guid(00000000000000003000000000000000) Importer(815301076,1909f56bfc062723c751e8b465ee728b) (PreviewImporter) -> (artifact id: 'dcafbf43aa1c4fb6decf2db52e84ddca') in 0.0263831 seconds
Number of updated asset objects reloaded before import = 0Number of asset objects unloaded after import = 0

========================================================================
Received Import Request.
  Time since last request: 486.016057 seconds.
  path: Assets/DesksCollection-Mavi3D/Models
  artifactKey: Guid(e078970a9e49fc44eb752a27e76e7ffc) Importer(815301076,1909f56bfc062723c751e8b465ee728b)
Start importing Assets/DesksCollection-Mavi3D/Models using Guid(e078970a9e49fc44eb752a27e76e7ffc) Importer(815301076,1909f56bfc062723c751e8b465ee728b) (PreviewImporter) -> (artifact id: '55038f3fba553e00555dba2de1ce0cc1') in 0.001001 seconds
Number of updated asset objects reloaded before import = 0Number of asset objects unloaded after import = 0

========================================================================
Received Import Request.
  Time since last request: 0.104525 seconds.
  path: Assets/DesksCollection-Mavi3D/Models/Desk01.fbx
  artifactKey: Guid(4ea77433cb609694baf5b9427552c931) Importer(815301076,1909f56bfc062723c751e8b465ee728b)
Start importing Assets/DesksCollection-Mavi3D/Models/Desk01.fbx using Guid(4ea77433cb609694baf5b9427552c931) Importer(815301076,1909f56bfc062723c751e8b465ee728b) (PreviewImporter) -> (artifact id: '1070877ffc8a86e981628cd16fda3f27') in 0.303396 seconds
Number of updated asset objects reloaded before import = 0Number of asset objects unloaded after import = 8

========================================================================
Received Import Request.
  Time since last request: 0.000018 seconds.
  path: Assets/DesksCollection-Mavi3D/Models/Desk09.fbx
  artifactKey: Guid(488cba6cfd6867b43912206239da9c79) Importer(815301076,1909f56bfc062723c751e8b465ee728b)
Start importing Assets/DesksCollection-Mavi3D/Models/Desk09.fbx using Guid(488cba6cfd6867b43912206239da9c79) Importer(815301076,1909f56bfc062723c751e8b465ee728b) (PreviewImporter) -> (artifact id: '931e7f3c60481dd5aa53dcd9661c8bd2') in 0.0484552 seconds
Number of updated asset objects reloaded before import = 0Number of asset objects unloaded after import = 9

========================================================================
Received Import Request.
  Time since last request: 0.000099 seconds.
  path: Assets/DesksCollection-Mavi3D/Models/Desk08.fbx
  artifactKey: Guid(f7bb32abe39d1f8439d359d0378e3d2a) Importer(815301076,1909f56bfc062723c751e8b465ee728b)
Start importing Assets/DesksCollection-Mavi3D/Models/Desk08.fbx using Guid(f7bb32abe39d1f8439d359d0378e3d2a) Importer(815301076,1909f56bfc062723c751e8b465ee728b) (PreviewImporter) -> (artifact id: 'c72a5a31063ba73313b123c63344d847') in 0.0589356 seconds
Number of updated asset objects reloaded before import = 0Number of asset objects unloaded after import = 10

========================================================================
Received Import Request.
  Time since last request: 0.000199 seconds.
  path: Assets/DesksCollection-Mavi3D/Models/Desk10.fbx
  artifactKey: Guid(27527320cd20aeb49b7855dc558f5812) Importer(815301076,1909f56bfc062723c751e8b465ee728b)
Start importing Assets/DesksCollection-Mavi3D/Models/Desk10.fbx using Guid(27527320cd20aeb49b7855dc558f5812) Importer(815301076,1909f56bfc062723c751e8b465ee728b) (PreviewImporter) -> (artifact id: '47b4d05ab3b7bf6c8455447b0c88d6f3') in 0.0835482 seconds
Number of updated asset objects reloaded before import = 0Number of asset objects unloaded after import = 17

========================================================================
Received Import Request.
  Time since last request: 0.000020 seconds.
  path: Assets/DesksCollection-Mavi3D/Models/Desk03.fbx
  artifactKey: Guid(0e3154eda23152341bf9433a9277269e) Importer(815301076,1909f56bfc062723c751e8b465ee728b)
Start importing Assets/DesksCollection-Mavi3D/Models/Desk03.fbx using Guid(0e3154eda23152341bf9433a9277269e) Importer(815301076,1909f56bfc062723c751e8b465ee728b) (PreviewImporter) -> (artifact id: 'ac0452f5339b8de4acf9825aed705874') in 0.1205549 seconds
Number of updated asset objects reloaded before import = 0Number of asset objects unloaded after import = 24

========================================================================
Received Prepare
Begin MonoManager ReloadAssembly
- Loaded All Assemblies, in  0.818 seconds
Refreshing native plugins compatible for Editor in 1.38 ms, found 3 plugins.
Native extension for WindowsStandalone target not found
Native extension for WebGL target not found
Mono: successfully reloaded assembly
- Finished resetting the current domain, in  0.746 seconds
Domain Reload Profiling: 1566ms
	BeginReloadAssembly (251ms)
		ExecutionOrderSort (0ms)
		DisableScriptedObjects (6ms)
		BackupInstance (0ms)
		ReleaseScriptingObjects (0ms)
		CreateAndSetChildDomain (90ms)
	RebuildCommonClasses (43ms)
	RebuildNativeTypeToScriptingClass (17ms)
	initialDomainReloadingComplete (38ms)
	LoadAllAssembliesAndSetupDomain (469ms)
		LoadAssemblies (391ms)
		RebuildTransferFunctionScriptingTraits (0ms)
		AnalyzeDomain (183ms)
			TypeCache.Refresh (8ms)
				TypeCache.ScanAssembly (0ms)
			BuildScriptInfoCaches (165ms)
			ResolveRequiredComponents (5ms)
	FinalizeReload (747ms)
		ReleaseScriptCaches (0ms)
		RebuildScriptCaches (0ms)
		SetupLoadedEditorAssemblies (573ms)
			LogAssemblyErrors (0ms)
			InitializePlatformSupportModulesInManaged (3ms)
			SetLoadedEditorAssemblies (9ms)
			BeforeProcessingInitializeOnLoad (171ms)
			ProcessInitializeOnLoadAttributes (360ms)
			ProcessInitializeOnLoadMethodAttributes (24ms)
			AfterProcessingInitializeOnLoad (6ms)
			EditorAssembliesLoaded (0ms)
		ExecutionOrderSort2 (0ms)
		AwakeInstancesAfterBackupRestoration (7ms)
Refreshing native plugins compatible for Editor in 1.15 ms, found 3 plugins.
Preloading 0 native plugins for Editor in 0.00 ms.
Unloading 0 Unused Serialized files (Serialized files now loaded: 0)
Unloading 3746 unused Assets / (0.6 MB). Loaded Objects now: 4314.
Memory consumption went from 98.1 MB to 97.5 MB.
Total: 6.606200 ms (FindLiveObjects: 0.404900 ms CreateObjectMapping: 0.167500 ms MarkObjects: 4.764300 ms  DeleteObjects: 1.267700 ms)

Prepare: number of updated asset objects reloaded= 0
========================================================================
Received Import Request.
  Time since last request: 157.169133 seconds.
  path: Assets/school/material/Materials/1.mat
  artifactKey: Guid(30b92673b9b7ef44c9c11a474d9910c9) Importer(815301076,1909f56bfc062723c751e8b465ee728b)
Start importing Assets/school/material/Materials/1.mat using Guid(30b92673b9b7ef44c9c11a474d9910c9) Importer(815301076,1909f56bfc062723c751e8b465ee728b) (PreviewImporter) -> (artifact id: '6586f8d420f055fdf8a32b97ffc114c2') in 0.2035933 seconds
Number of updated asset objects reloaded before import = 0Number of asset objects unloaded after import = 2

========================================================================
Received Import Request.
  Time since last request: 0.000019 seconds.
  path: Assets/DesksCollection-Mavi3D/Materials/HDRP/Desk01/Desk01Mat.mat
  artifactKey: Guid(85e78832642349640ac48ba94b0904ae) Importer(815301076,1909f56bfc062723c751e8b465ee728b)
Start importing Assets/DesksCollection-Mavi3D/Materials/HDRP/Desk01/Desk01Mat.mat using Guid(85e78832642349640ac48ba94b0904ae) Importer(815301076,1909f56bfc062723c751e8b465ee728b) (PreviewImporter) -> (artifact id: 'e0dbfe845b1877f46ae41a18be708f23') in 0.0640237 seconds
Number of updated asset objects reloaded before import = 0Number of asset objects unloaded after import = 4

========================================================================
Received Import Request.
  Time since last request: 0.000026 seconds.
  path: Assets/DesksCollection-Mavi3D/Materials/URP/Desk03Mat/Desk/Desk03Mat01.mat
  artifactKey: Guid(cd9a145585d7fb04db061b010aa96dad) Importer(815301076,1909f56bfc062723c751e8b465ee728b)
Start importing Assets/DesksCollection-Mavi3D/Materials/URP/Desk03Mat/Desk/Desk03Mat01.mat using Guid(cd9a145585d7fb04db061b010aa96dad) Importer(815301076,1909f56bfc062723c751e8b465ee728b) (PreviewImporter) -> (artifact id: '6a0842961b0d2cdc4d261233af4244d5') in 0.0736749 seconds
Number of updated asset objects reloaded before import = 0Number of asset objects unloaded after import = 5

========================================================================
Received Import Request.
  Time since last request: 0.000019 seconds.
  path: Assets/DesksCollection-Mavi3D/Materials/URP/Desk05Mat/Desk05Mat01.mat
  artifactKey: Guid(16376cf450b7e804f86fd848c8017fca) Importer(815301076,1909f56bfc062723c751e8b465ee728b)
Start importing Assets/DesksCollection-Mavi3D/Materials/URP/Desk05Mat/Desk05Mat01.mat using Guid(16376cf450b7e804f86fd848c8017fca) Importer(815301076,1909f56bfc062723c751e8b465ee728b) (PreviewImporter) -> (artifact id: '25c7e4d6f82313af1d5358693cffa382') in 0.0362125 seconds
Number of updated asset objects reloaded before import = 0Number of asset objects unloaded after import = 5

========================================================================
Received Import Request.
  Time since last request: 0.000035 seconds.
  path: Assets/DesksCollection-Mavi3D/Materials/URP/Desk04Mat/Desk04EmissionMat.mat
  artifactKey: Guid(674703078de3fca4e821800b1178e074) Importer(815301076,1909f56bfc062723c751e8b465ee728b)
Start importing Assets/DesksCollection-Mavi3D/Materials/URP/Desk04Mat/Desk04EmissionMat.mat using Guid(674703078de3fca4e821800b1178e074) Importer(815301076,1909f56bfc062723c751e8b465ee728b) (PreviewImporter) -> (artifact id: '2579d399b4997ef0cd1e44da8f07dfe6') in 0.0155525 seconds
Number of updated asset objects reloaded before import = 0Number of asset objects unloaded after import = 2

========================================================================
Received Import Request.
  Time since last request: 0.000044 seconds.
  path: Assets/DesksCollection-Mavi3D/Materials/Built-In/Desk02Mat/Desk/Desk02Mat.mat
  artifactKey: Guid(7ff7bd8eb27285d49837e99aac789400) Importer(815301076,1909f56bfc062723c751e8b465ee728b)
Start importing Assets/DesksCollection-Mavi3D/Materials/Built-In/Desk02Mat/Desk/Desk02Mat.mat using Guid(7ff7bd8eb27285d49837e99aac789400) Importer(815301076,1909f56bfc062723c751e8b465ee728b) (PreviewImporter) -> (artifact id: 'a0608f75ccd54a87ca4b13ca1e2ba8da') in 0.1451532 seconds
Number of updated asset objects reloaded before import = 0Number of asset objects unloaded after import = 4

========================================================================
Received Import Request.
  Time since last request: 0.000054 seconds.
  path: Assets/DesksCollection-Mavi3D/Materials/HDRP/Desk04/Desk04Mat.mat
  artifactKey: Guid(eab6067f525fe7841b05e47ccab815f9) Importer(815301076,1909f56bfc062723c751e8b465ee728b)
Start importing Assets/DesksCollection-Mavi3D/Materials/HDRP/Desk04/Desk04Mat.mat using Guid(eab6067f525fe7841b05e47ccab815f9) Importer(815301076,1909f56bfc062723c751e8b465ee728b) (PreviewImporter) -> (artifact id: '9238241783d74f2d9291a36ea3d727fa') in 0.0320345 seconds
Number of updated asset objects reloaded before import = 0Number of asset objects unloaded after import = 4

========================================================================
Received Import Request.
  Time since last request: 0.000018 seconds.
  path: Assets/DesksCollection-Mavi3D/Materials/Built-In/Desk04Mat/Desk04Mat01.mat
  artifactKey: Guid(9f98765de74ac2c4584ecfad2974da2b) Importer(815301076,1909f56bfc062723c751e8b465ee728b)
Start importing Assets/DesksCollection-Mavi3D/Materials/Built-In/Desk04Mat/Desk04Mat01.mat using Guid(9f98765de74ac2c4584ecfad2974da2b) Importer(815301076,1909f56bfc062723c751e8b465ee728b) (PreviewImporter) -> (artifact id: '91903232b1631e84e48ed2cf991aa0d5') in 0.1108235 seconds
Number of updated asset objects reloaded before import = 0Number of asset objects unloaded after import = 6

========================================================================
Received Import Request.
  Time since last request: 0.000015 seconds.
  path: Assets/DesksCollection-Mavi3D/Materials/HDRP/Desk02/Desk02Mat.mat
  artifactKey: Guid(6efe920de3ef8a1499ac5d1c583a81ed) Importer(815301076,1909f56bfc062723c751e8b465ee728b)
Start importing Assets/DesksCollection-Mavi3D/Materials/HDRP/Desk02/Desk02Mat.mat using Guid(6efe920de3ef8a1499ac5d1c583a81ed) Importer(815301076,1909f56bfc062723c751e8b465ee728b) (PreviewImporter) -> (artifact id: '6fb7abac509d9c3e6f2ec7345b9874c8') in 0.0206043 seconds
Number of updated asset objects reloaded before import = 0Number of asset objects unloaded after import = 3

========================================================================
Received Import Request.
  Time since last request: 0.000014 seconds.
  path: Assets/DesksCollection-Mavi3D/Materials/URP/Desk04Mat/Desk04Mat02.mat
  artifactKey: Guid(714a9a9ed46d5944c860bc0159659764) Importer(815301076,1909f56bfc062723c751e8b465ee728b)
Start importing Assets/DesksCollection-Mavi3D/Materials/URP/Desk04Mat/Desk04Mat02.mat using Guid(714a9a9ed46d5944c860bc0159659764) Importer(815301076,1909f56bfc062723c751e8b465ee728b) (PreviewImporter) -> (artifact id: 'ef0bf4b93cdda1f3e99aa8acb7a89c8f') in 0.0130099 seconds
Number of updated asset objects reloaded before import = 0Number of asset objects unloaded after import = 2

========================================================================
Received Import Request.
  Time since last request: 0.000061 seconds.
  path: Assets/DesksCollection-Mavi3D/Materials/Built-In/Desk04Mat/Desk04Mat02.mat
  artifactKey: Guid(4a30fdd5371668448a96de6b2c932868) Importer(815301076,1909f56bfc062723c751e8b465ee728b)
Start importing Assets/DesksCollection-Mavi3D/Materials/Built-In/Desk04Mat/Desk04Mat02.mat using Guid(4a30fdd5371668448a96de6b2c932868) Importer(815301076,1909f56bfc062723c751e8b465ee728b) (PreviewImporter) -> (artifact id: '12a3b9e7fa820f54d363681ae766d70d') in 0.02742 seconds
Number of updated asset objects reloaded before import = 0Number of asset objects unloaded after import = 2

========================================================================
Received Import Request.
  Time since last request: 0.000107 seconds.
  path: Assets/DesksCollection-Mavi3D/Materials/Built-In/Desk05Mat/Desk05Mat01.mat
  artifactKey: Guid(3155936ca22af6749a1d5557aa1fff26) Importer(815301076,1909f56bfc062723c751e8b465ee728b)
Start importing Assets/DesksCollection-Mavi3D/Materials/Built-In/Desk05Mat/Desk05Mat01.mat using Guid(3155936ca22af6749a1d5557aa1fff26) Importer(815301076,1909f56bfc062723c751e8b465ee728b) (PreviewImporter) -> (artifact id: '64fb6077601bdf6a25b63d4fb1aa483c') in 0.0456773 seconds
Number of updated asset objects reloaded before import = 0Number of asset objects unloaded after import = 5

========================================================================
Received Import Request.
  Time since last request: 0.000024 seconds.
  path: Assets/DesksCollection-Mavi3D/Materials/HDRP/Desk04/Desk04MatTop.mat
  artifactKey: Guid(0bf7d1d667b785146be728e66ecc7ddb) Importer(815301076,1909f56bfc062723c751e8b465ee728b)
Start importing Assets/DesksCollection-Mavi3D/Materials/HDRP/Desk04/Desk04MatTop.mat using Guid(0bf7d1d667b785146be728e66ecc7ddb) Importer(815301076,1909f56bfc062723c751e8b465ee728b) (PreviewImporter) -> (artifact id: 'bf4c7cac928e5710c130b9fefa724efa') in 0.013681 seconds
Number of updated asset objects reloaded before import = 0Number of asset objects unloaded after import = 1

========================================================================
Received Import Request.
  Time since last request: 0.000076 seconds.
  path: Assets/DesksCollection-Mavi3D/Materials/URP/Desk03Mat/Desk/Desk03Mat03.mat
  artifactKey: Guid(02dc216f9a267a84a8a597d095e8e9d3) Importer(815301076,1909f56bfc062723c751e8b465ee728b)
Start importing Assets/DesksCollection-Mavi3D/Materials/URP/Desk03Mat/Desk/Desk03Mat03.mat using Guid(02dc216f9a267a84a8a597d095e8e9d3) Importer(815301076,1909f56bfc062723c751e8b465ee728b) (PreviewImporter) -> (artifact id: '0cabf0e2567c0979416bd47ddcb015c1') in 0.0424506 seconds
Number of updated asset objects reloaded before import = 0Number of asset objects unloaded after import = 3

========================================================================
Received Import Request.
  Time since last request: 0.000020 seconds.
  path: Assets/DesksCollection-Mavi3D/Materials/HDRP/Desk03/Desk03Mat03.mat
  artifactKey: Guid(494c4aea674519743b7c1d9c5e9a2c71) Importer(815301076,1909f56bfc062723c751e8b465ee728b)
Start importing Assets/DesksCollection-Mavi3D/Materials/HDRP/Desk03/Desk03Mat03.mat using Guid(494c4aea674519743b7c1d9c5e9a2c71) Importer(815301076,1909f56bfc062723c751e8b465ee728b) (PreviewImporter) -> (artifact id: 'c416ca0be687654a191b0776105cf89a') in 0.0176269 seconds
Number of updated asset objects reloaded before import = 0Number of asset objects unloaded after import = 2

========================================================================
Received Import Request.
  Time since last request: 0.000019 seconds.
  path: Assets/DesksCollection-Mavi3D/Materials/URP/Desk02Mat/Desk/Desk02Mat.mat
  artifactKey: Guid(e28e14bd8d207674db7d0e24f862e22f) Importer(815301076,1909f56bfc062723c751e8b465ee728b)
Start importing Assets/DesksCollection-Mavi3D/Materials/URP/Desk02Mat/Desk/Desk02Mat.mat using Guid(e28e14bd8d207674db7d0e24f862e22f) Importer(815301076,1909f56bfc062723c751e8b465ee728b) (PreviewImporter) -> (artifact id: '4227304f3eb6b4db26df0f0e3c6c440e') in 0.0217314 seconds
Number of updated asset objects reloaded before import = 0Number of asset objects unloaded after import = 4

========================================================================
Received Import Request.
  Time since last request: 0.000018 seconds.
  path: Assets/DesksCollection-Mavi3D/Materials/Built-In/Desk04Mat/Desk04EmissionMat.mat
  artifactKey: Guid(39706171dabcfcc4b91ae570f3a07589) Importer(815301076,1909f56bfc062723c751e8b465ee728b)
Start importing Assets/DesksCollection-Mavi3D/Materials/Built-In/Desk04Mat/Desk04EmissionMat.mat using Guid(39706171dabcfcc4b91ae570f3a07589) Importer(815301076,1909f56bfc062723c751e8b465ee728b) (PreviewImporter) -> (artifact id: '5c060ee3a805fa9f0522a5af0fc6111c') in 0.0684599 seconds
Number of updated asset objects reloaded before import = 0Number of asset objects unloaded after import = 2

========================================================================
Received Import Request.
  Time since last request: 0.000019 seconds.
  path: Assets/DesksCollection-Mavi3D/Materials/URP/Desk05Mat/Desk05Mat03.mat
  artifactKey: Guid(d3016e796f0b4cb409228b497343eac4) Importer(815301076,1909f56bfc062723c751e8b465ee728b)
Start importing Assets/DesksCollection-Mavi3D/Materials/URP/Desk05Mat/Desk05Mat03.mat using Guid(d3016e796f0b4cb409228b497343eac4) Importer(815301076,1909f56bfc062723c751e8b465ee728b) (PreviewImporter) -> (artifact id: '0f3aeb12798037f41f2217a6a7682f67') in 0.0174512 seconds
Number of updated asset objects reloaded before import = 0Number of asset objects unloaded after import = 4

========================================================================
Received Import Request.
  Time since last request: 0.000037 seconds.
  path: Assets/DesksCollection-Mavi3D/Materials/Built-In/Desk03Mat/Desk/Desk03Mat03.mat
  artifactKey: Guid(80346194e8a71f047ad0e4010b95c208) Importer(815301076,1909f56bfc062723c751e8b465ee728b)
Start importing Assets/DesksCollection-Mavi3D/Materials/Built-In/Desk03Mat/Desk/Desk03Mat03.mat using Guid(80346194e8a71f047ad0e4010b95c208) Importer(815301076,1909f56bfc062723c751e8b465ee728b) (PreviewImporter) -> (artifact id: '4ad919a5ce32c4d7b111f7ec7922d5d3') in 0.1191092 seconds
Number of updated asset objects reloaded before import = 0Number of asset objects unloaded after import = 3

========================================================================
Received Import Request.
  Time since last request: 0.000021 seconds.
  path: Assets/DesksCollection-Mavi3D/Materials/URP/Desk04Mat/Desk04Mat01.mat
  artifactKey: Guid(a305bc165b803bf4d83ffe5f3c3bafe1) Importer(815301076,1909f56bfc062723c751e8b465ee728b)
Start importing Assets/DesksCollection-Mavi3D/Materials/URP/Desk04Mat/Desk04Mat01.mat using Guid(a305bc165b803bf4d83ffe5f3c3bafe1) Importer(815301076,1909f56bfc062723c751e8b465ee728b) (PreviewImporter) -> (artifact id: '55f51d4f937fb8384842ce2841262571') in 0.0237262 seconds
Number of updated asset objects reloaded before import = 0Number of asset objects unloaded after import = 6

========================================================================
Received Prepare
Begin MonoManager ReloadAssembly
- Loaded All Assemblies, in  0.841 seconds
Refreshing native plugins compatible for Editor in 1.60 ms, found 3 plugins.
Native extension for WindowsStandalone target not found
Native extension for WebGL target not found
Mono: successfully reloaded assembly
- Finished resetting the current domain, in  0.916 seconds
Domain Reload Profiling: 1757ms
	BeginReloadAssembly (245ms)
		ExecutionOrderSort (0ms)
		DisableScriptedObjects (10ms)
		BackupInstance (0ms)
		ReleaseScriptingObjects (0ms)
		CreateAndSetChildDomain (63ms)
	RebuildCommonClasses (84ms)
	RebuildNativeTypeToScriptingClass (14ms)
	initialDomainReloadingComplete (32ms)
	LoadAllAssembliesAndSetupDomain (465ms)
		LoadAssemblies (395ms)
		RebuildTransferFunctionScriptingTraits (0ms)
		AnalyzeDomain (185ms)
			TypeCache.Refresh (8ms)
				TypeCache.ScanAssembly (0ms)
			BuildScriptInfoCaches (164ms)
			ResolveRequiredComponents (8ms)
	FinalizeReload (917ms)
		ReleaseScriptCaches (0ms)
		RebuildScriptCaches (0ms)
		SetupLoadedEditorAssemblies (680ms)
			LogAssemblyErrors (0ms)
			InitializePlatformSupportModulesInManaged (9ms)
			SetLoadedEditorAssemblies (13ms)
			BeforeProcessingInitializeOnLoad (177ms)
			ProcessInitializeOnLoadAttributes (445ms)
			ProcessInitializeOnLoadMethodAttributes (29ms)
			AfterProcessingInitializeOnLoad (6ms)
			EditorAssembliesLoaded (0ms)
		ExecutionOrderSort2 (0ms)
		AwakeInstancesAfterBackupRestoration (12ms)
Refreshing native plugins compatible for Editor in 1.06 ms, found 3 plugins.
Preloading 0 native plugins for Editor in 0.00 ms.
Unloading 0 Unused Serialized files (Serialized files now loaded: 0)
Unloading 3745 unused Assets / (0.8 MB). Loaded Objects now: 4314.
Memory consumption went from 98.2 MB to 97.4 MB.
Total: 7.670100 ms (FindLiveObjects: 0.428800 ms CreateObjectMapping: 0.201000 ms MarkObjects: 5.733600 ms  DeleteObjects: 1.305200 ms)

Prepare: number of updated asset objects reloaded= 0
========================================================================
Received Import Request.
  Time since last request: 274.806889 seconds.
  path: Assets/FREE_Cartoon_Halloween_Pack/Materials/MoonShine Skybox.mat
  artifactKey: Guid(5ba172cd3918d7c44aa6d04446119a00) Importer(815301076,1909f56bfc062723c751e8b465ee728b)
Start importing Assets/FREE_Cartoon_Halloween_Pack/Materials/MoonShine Skybox.mat using Guid(5ba172cd3918d7c44aa6d04446119a00) Importer(815301076,1909f56bfc062723c751e8b465ee728b) (PreviewImporter) -> (artifact id: '0e08f8e662a73ae784ee5c476cf49302') in 0.3628247 seconds
Number of updated asset objects reloaded before import = 0Number of asset objects unloaded after import = 7

========================================================================
Received Prepare
Begin MonoManager ReloadAssembly
- Loaded All Assemblies, in  0.740 seconds
Refreshing native plugins compatible for Editor in 1.39 ms, found 3 plugins.
Native extension for WindowsStandalone target not found
Native extension for WebGL target not found
Mono: successfully reloaded assembly
- Finished resetting the current domain, in  0.749 seconds
Domain Reload Profiling: 1488ms
	BeginReloadAssembly (210ms)
		ExecutionOrderSort (0ms)
		DisableScriptedObjects (6ms)
		BackupInstance (0ms)
		ReleaseScriptingObjects (0ms)
		CreateAndSetChildDomain (56ms)
	RebuildCommonClasses (44ms)
	RebuildNativeTypeToScriptingClass (16ms)
	initialDomainReloadingComplete (31ms)
	LoadAllAssembliesAndSetupDomain (438ms)
		LoadAssemblies (353ms)
		RebuildTransferFunctionScriptingTraits (0ms)
		AnalyzeDomain (186ms)
			TypeCache.Refresh (13ms)
				TypeCache.ScanAssembly (0ms)
			BuildScriptInfoCaches (161ms)
			ResolveRequiredComponents (6ms)
	FinalizeReload (749ms)
		ReleaseScriptCaches (0ms)
		RebuildScriptCaches (0ms)
		SetupLoadedEditorAssemblies (596ms)
			LogAssemblyErrors (0ms)
			InitializePlatformSupportModulesInManaged (5ms)
			SetLoadedEditorAssemblies (16ms)
			BeforeProcessingInitializeOnLoad (187ms)
			ProcessInitializeOnLoadAttributes (360ms)
			ProcessInitializeOnLoadMethodAttributes (22ms)
			AfterProcessingInitializeOnLoad (6ms)
			EditorAssembliesLoaded (0ms)
		ExecutionOrderSort2 (0ms)
		AwakeInstancesAfterBackupRestoration (6ms)
Refreshing native plugins compatible for Editor in 1.24 ms, found 3 plugins.
Preloading 0 native plugins for Editor in 0.00 ms.
Unloading 0 Unused Serialized files (Serialized files now loaded: 0)
Unloading 3745 unused Assets / (0.7 MB). Loaded Objects now: 4315.
Memory consumption went from 98.3 MB to 97.6 MB.
Total: 6.736600 ms (FindLiveObjects: 0.479400 ms CreateObjectMapping: 0.206200 ms MarkObjects: 4.698300 ms  DeleteObjects: 1.351300 ms)

Prepare: number of updated asset objects reloaded= 0
========================================================================
Received Import Request.
  Time since last request: 58.338178 seconds.
  path: Assets/Scripts/PlayerMovement.cs
  artifactKey: Guid(129f2ec3499a81a429364ac8bbc49cfb) Importer(815301076,1909f56bfc062723c751e8b465ee728b)
Start importing Assets/Scripts/PlayerMovement.cs using Guid(129f2ec3499a81a429364ac8bbc49cfb) Importer(815301076,1909f56bfc062723c751e8b465ee728b) (PreviewImporter) -> (artifact id: '917b8459ee3c4c1be7663cd9c33dc058') in 0.003984 seconds
Number of updated asset objects reloaded before import = 0Number of asset objects unloaded after import = 0

========================================================================
Received Prepare
Begin MonoManager ReloadAssembly
- Loaded All Assemblies, in  0.688 seconds
Refreshing native plugins compatible for Editor in 1.59 ms, found 3 plugins.
Native extension for WindowsStandalone target not found
Native extension for WebGL target not found
Mono: successfully reloaded assembly
- Finished resetting the current domain, in  0.720 seconds
Domain Reload Profiling: 1410ms
	BeginReloadAssembly (247ms)
		ExecutionOrderSort (0ms)
		DisableScriptedObjects (7ms)
		BackupInstance (0ms)
		ReleaseScriptingObjects (0ms)
		CreateAndSetChildDomain (63ms)
	RebuildCommonClasses (44ms)
	RebuildNativeTypeToScriptingClass (12ms)
	initialDomainReloadingComplete (24ms)
	LoadAllAssembliesAndSetupDomain (361ms)
		LoadAssemblies (327ms)
		RebuildTransferFunctionScriptingTraits (0ms)
		AnalyzeDomain (162ms)
			TypeCache.Refresh (6ms)
				TypeCache.ScanAssembly (0ms)
			BuildScriptInfoCaches (147ms)
			ResolveRequiredComponents (4ms)
	FinalizeReload (721ms)
		ReleaseScriptCaches (0ms)
		RebuildScriptCaches (0ms)
		SetupLoadedEditorAssemblies (577ms)
			LogAssemblyErrors (0ms)
			InitializePlatformSupportModulesInManaged (4ms)
			SetLoadedEditorAssemblies (8ms)
			BeforeProcessingInitializeOnLoad (121ms)
			ProcessInitializeOnLoadAttributes (410ms)
			ProcessInitializeOnLoadMethodAttributes (27ms)
			AfterProcessingInitializeOnLoad (7ms)
			EditorAssembliesLoaded (0ms)
		ExecutionOrderSort2 (0ms)
		AwakeInstancesAfterBackupRestoration (7ms)
Refreshing native plugins compatible for Editor in 1.03 ms, found 3 plugins.
Preloading 0 native plugins for Editor in 0.00 ms.
Unloading 0 Unused Serialized files (Serialized files now loaded: 0)
Unloading 3745 unused Assets / (0.5 MB). Loaded Objects now: 4315.
Memory consumption went from 98.3 MB to 97.8 MB.
Total: 7.596800 ms (FindLiveObjects: 0.708800 ms CreateObjectMapping: 0.409600 ms MarkObjects: 5.269300 ms  DeleteObjects: 1.207400 ms)

Prepare: number of updated asset objects reloaded= 0
========================================================================
Received Prepare
Begin MonoManager ReloadAssembly
- Loaded All Assemblies, in  0.647 seconds
Refreshing native plugins compatible for Editor in 0.93 ms, found 3 plugins.
Native extension for WindowsStandalone target not found
Native extension for WebGL target not found
Mono: successfully reloaded assembly
- Finished resetting the current domain, in  0.682 seconds
Domain Reload Profiling: 1329ms
	BeginReloadAssembly (183ms)
		ExecutionOrderSort (0ms)
		DisableScriptedObjects (6ms)
		BackupInstance (0ms)
		ReleaseScriptingObjects (0ms)
		CreateAndSetChildDomain (47ms)
	RebuildCommonClasses (36ms)
	RebuildNativeTypeToScriptingClass (14ms)
	initialDomainReloadingComplete (24ms)
	LoadAllAssembliesAndSetupDomain (390ms)
		LoadAssemblies (306ms)
		RebuildTransferFunctionScriptingTraits (0ms)
		AnalyzeDomain (172ms)
			TypeCache.Refresh (8ms)
				TypeCache.ScanAssembly (0ms)
			BuildScriptInfoCaches (155ms)
			ResolveRequiredComponents (4ms)
	FinalizeReload (682ms)
		ReleaseScriptCaches (0ms)
		RebuildScriptCaches (0ms)
		SetupLoadedEditorAssemblies (536ms)
			LogAssemblyErrors (0ms)
			InitializePlatformSupportModulesInManaged (4ms)
			SetLoadedEditorAssemblies (5ms)
			BeforeProcessingInitializeOnLoad (125ms)
			ProcessInitializeOnLoadAttributes (360ms)
			ProcessInitializeOnLoadMethodAttributes (33ms)
			AfterProcessingInitializeOnLoad (10ms)
			EditorAssembliesLoaded (0ms)
		ExecutionOrderSort2 (0ms)
		AwakeInstancesAfterBackupRestoration (9ms)
Refreshing native plugins compatible for Editor in 1.19 ms, found 3 plugins.
Preloading 0 native plugins for Editor in 0.00 ms.
Unloading 0 Unused Serialized files (Serialized files now loaded: 0)
Unloading 3745 unused Assets / (0.6 MB). Loaded Objects now: 4315.
Memory consumption went from 98.3 MB to 97.7 MB.
Total: 8.890100 ms (FindLiveObjects: 0.590500 ms CreateObjectMapping: 0.790800 ms MarkObjects: 5.985500 ms  DeleteObjects: 1.497100 ms)

Prepare: number of updated asset objects reloaded= 0
========================================================================
Received Prepare
Begin MonoManager ReloadAssembly
- Loaded All Assemblies, in  0.616 seconds
Refreshing native plugins compatible for Editor in 0.97 ms, found 3 plugins.
Native extension for WindowsStandalone target not found
Native extension for WebGL target not found
Mono: successfully reloaded assembly
- Finished resetting the current domain, in  0.669 seconds
Domain Reload Profiling: 1286ms
	BeginReloadAssembly (180ms)
		ExecutionOrderSort (0ms)
		DisableScriptedObjects (6ms)
		BackupInstance (0ms)
		ReleaseScriptingObjects (0ms)
		CreateAndSetChildDomain (46ms)
	RebuildCommonClasses (36ms)
	RebuildNativeTypeToScriptingClass (13ms)
	initialDomainReloadingComplete (25ms)
	LoadAllAssembliesAndSetupDomain (362ms)
		LoadAssemblies (284ms)
		RebuildTransferFunctionScriptingTraits (0ms)
		AnalyzeDomain (165ms)
			TypeCache.Refresh (7ms)
				TypeCache.ScanAssembly (0ms)
			BuildScriptInfoCaches (149ms)
			ResolveRequiredComponents (4ms)
	FinalizeReload (669ms)
		ReleaseScriptCaches (0ms)
		RebuildScriptCaches (0ms)
		SetupLoadedEditorAssemblies (538ms)
			LogAssemblyErrors (0ms)
			InitializePlatformSupportModulesInManaged (3ms)
			SetLoadedEditorAssemblies (7ms)
			BeforeProcessingInitializeOnLoad (130ms)
			ProcessInitializeOnLoadAttributes (369ms)
			ProcessInitializeOnLoadMethodAttributes (23ms)
			AfterProcessingInitializeOnLoad (6ms)
			EditorAssembliesLoaded (0ms)
		ExecutionOrderSort2 (0ms)
		AwakeInstancesAfterBackupRestoration (7ms)
Refreshing native plugins compatible for Editor in 1.61 ms, found 3 plugins.
Preloading 0 native plugins for Editor in 0.00 ms.
Unloading 0 Unused Serialized files (Serialized files now loaded: 0)
Unloading 3745 unused Assets / (0.7 MB). Loaded Objects now: 4315.
Memory consumption went from 98.3 MB to 97.7 MB.
Total: 7.910600 ms (FindLiveObjects: 0.729700 ms CreateObjectMapping: 0.560700 ms MarkObjects: 5.265000 ms  DeleteObjects: 1.354000 ms)

Prepare: number of updated asset objects reloaded= 0
========================================================================
Received Prepare
Begin MonoManager ReloadAssembly
- Loaded All Assemblies, in  0.625 seconds
Refreshing native plugins compatible for Editor in 0.82 ms, found 3 plugins.
Native extension for WindowsStandalone target not found
Native extension for WebGL target not found
Mono: successfully reloaded assembly
- Finished resetting the current domain, in  0.726 seconds
Domain Reload Profiling: 1353ms
	BeginReloadAssembly (184ms)
		ExecutionOrderSort (0ms)
		DisableScriptedObjects (5ms)
		BackupInstance (0ms)
		ReleaseScriptingObjects (0ms)
		CreateAndSetChildDomain (45ms)
	RebuildCommonClasses (39ms)
	RebuildNativeTypeToScriptingClass (14ms)
	initialDomainReloadingComplete (23ms)
	LoadAllAssembliesAndSetupDomain (365ms)
		LoadAssemblies (287ms)
		RebuildTransferFunctionScriptingTraits (0ms)
		AnalyzeDomain (168ms)
			TypeCache.Refresh (8ms)
				TypeCache.ScanAssembly (0ms)
			BuildScriptInfoCaches (150ms)
			ResolveRequiredComponents (6ms)
	FinalizeReload (728ms)
		ReleaseScriptCaches (0ms)
		RebuildScriptCaches (0ms)
		SetupLoadedEditorAssemblies (578ms)
			LogAssemblyErrors (0ms)
			InitializePlatformSupportModulesInManaged (4ms)
			SetLoadedEditorAssemblies (7ms)
			BeforeProcessingInitializeOnLoad (120ms)
			ProcessInitializeOnLoadAttributes (387ms)
			ProcessInitializeOnLoadMethodAttributes (51ms)
			AfterProcessingInitializeOnLoad (8ms)
			EditorAssembliesLoaded (0ms)
		ExecutionOrderSort2 (0ms)
		AwakeInstancesAfterBackupRestoration (12ms)
Refreshing native plugins compatible for Editor in 3.72 ms, found 3 plugins.
Preloading 0 native plugins for Editor in 0.00 ms.
Unloading 0 Unused Serialized files (Serialized files now loaded: 0)
Unloading 3745 unused Assets / (0.6 MB). Loaded Objects now: 4315.
Memory consumption went from 98.3 MB to 97.8 MB.
Total: 7.644200 ms (FindLiveObjects: 0.455600 ms CreateObjectMapping: 0.325500 ms MarkObjects: 5.635600 ms  DeleteObjects: 1.225600 ms)

Prepare: number of updated asset objects reloaded= 0
========================================================================
Received Import Request.
  Time since last request: 241.647433 seconds.
  path: Assets/DesksCollection-Mavi3D/Textures/Desk04Textures/Desk04EmissionMask.tga
  artifactKey: Guid(1385fd855c589e74890c65d64c029657) Importer(815301076,1909f56bfc062723c751e8b465ee728b)
Start importing Assets/DesksCollection-Mavi3D/Textures/Desk04Textures/Desk04EmissionMask.tga using Guid(1385fd855c589e74890c65d64c029657) Importer(815301076,1909f56bfc062723c751e8b465ee728b) (PreviewImporter) -> (artifact id: 'f380419050bdafcfc1fb8179e65bccba') in 0.1291395 seconds
Number of updated asset objects reloaded before import = 0Number of asset objects unloaded after import = 2

========================================================================
Received Import Request.
  Time since last request: 0.000030 seconds.
  path: Assets/DesksCollection-Mavi3D/Textures/Desk04Textures/Desk04Occlusion.tga
  artifactKey: Guid(91bdc4c9e9f3f1347ae056b1efd21347) Importer(815301076,1909f56bfc062723c751e8b465ee728b)
Start importing Assets/DesksCollection-Mavi3D/Textures/Desk04Textures/Desk04Occlusion.tga using Guid(91bdc4c9e9f3f1347ae056b1efd21347) Importer(815301076,1909f56bfc062723c751e8b465ee728b) (PreviewImporter) -> (artifact id: '213ddc17eeb68e8ffb553e8675253ae9') in 0.0257796 seconds
Number of updated asset objects reloaded before import = 0Number of asset objects unloaded after import = 2

========================================================================
Received Import Request.
  Time since last request: 0.000057 seconds.
  path: Assets/DesksCollection-Mavi3D/Textures/Desk04Textures/Desk04Normal.tga
  artifactKey: Guid(d2a676910aa765d40849d8d38704e996) Importer(815301076,1909f56bfc062723c751e8b465ee728b)
Start importing Assets/DesksCollection-Mavi3D/Textures/Desk04Textures/Desk04Normal.tga using Guid(d2a676910aa765d40849d8d38704e996) Importer(815301076,1909f56bfc062723c751e8b465ee728b) (PreviewImporter) -> (artifact id: '75063f3ba0ab30fbacf3d71bc279f5b4') in 0.0705801 seconds
Number of updated asset objects reloaded before import = 0Number of asset objects unloaded after import = 2

========================================================================
Received Import Request.
  Time since last request: 50.029282 seconds.
  path: Assets/DesksCollection-Mavi3D/Textures/Desk01Textures/Desk01Metallic.tga
  artifactKey: Guid(b1d611e2dd9b4f242987647f7762a70d) Importer(815301076,1909f56bfc062723c751e8b465ee728b)
Start importing Assets/DesksCollection-Mavi3D/Textures/Desk01Textures/Desk01Metallic.tga using Guid(b1d611e2dd9b4f242987647f7762a70d) Importer(815301076,1909f56bfc062723c751e8b465ee728b) (PreviewImporter) -> (artifact id: '4c474fa8035e0e203f26d72448d7bac6') in 0.0247403 seconds
Number of updated asset objects reloaded before import = 0Number of asset objects unloaded after import = 2

========================================================================
Received Import Request.
  Time since last request: 0.000025 seconds.
  path: Assets/DesksCollection-Mavi3D/Textures/Desk01Textures/Desk01Occlusion.tga
  artifactKey: Guid(ddc29856f236f9f418848d9e9d3f1c89) Importer(815301076,1909f56bfc062723c751e8b465ee728b)
Start importing Assets/DesksCollection-Mavi3D/Textures/Desk01Textures/Desk01Occlusion.tga using Guid(ddc29856f236f9f418848d9e9d3f1c89) Importer(815301076,1909f56bfc062723c751e8b465ee728b) (PreviewImporter) -> (artifact id: 'fba338c3a76f9303c9d24890b88585a6') in 0.0234643 seconds
Number of updated asset objects reloaded before import = 0Number of asset objects unloaded after import = 2

========================================================================
Received Import Request.
  Time since last request: 17.574352 seconds.
  path: Assets/DesksCollection-Mavi3D/Textures/Desk06Textures/Desk06EmissionMask.tga
  artifactKey: Guid(1f3089e147fd1054fad8691f581e962d) Importer(815301076,1909f56bfc062723c751e8b465ee728b)
Start importing Assets/DesksCollection-Mavi3D/Textures/Desk06Textures/Desk06EmissionMask.tga using Guid(1f3089e147fd1054fad8691f581e962d) Importer(815301076,1909f56bfc062723c751e8b465ee728b) (PreviewImporter) -> (artifact id: 'ebbbcb3e36afef5f2ca6441d0d09bb08') in 0.0371855 seconds
Number of updated asset objects reloaded before import = 0Number of asset objects unloaded after import = 2

========================================================================
Received Import Request.
  Time since last request: 0.000042 seconds.
  path: Assets/DesksCollection-Mavi3D/Textures/Desk06Textures/Desk06Normal.tga
  artifactKey: Guid(711b892476465e045a4c2a34e48db8d1) Importer(815301076,1909f56bfc062723c751e8b465ee728b)
Start importing Assets/DesksCollection-Mavi3D/Textures/Desk06Textures/Desk06Normal.tga using Guid(711b892476465e045a4c2a34e48db8d1) Importer(815301076,1909f56bfc062723c751e8b465ee728b) (PreviewImporter) -> (artifact id: '7b7d004554f7e79e844762a37fb9de4c') in 0.0361443 seconds
Number of updated asset objects reloaded before import = 0Number of asset objects unloaded after import = 2

========================================================================
Received Import Request.
  Time since last request: 17.223375 seconds.
  path: Assets/DesksCollection-Mavi3D/Textures/Desk09Textures/Desk09Metallic.tga
  artifactKey: Guid(234fb3a19ef9ce346bf712135ecfd949) Importer(815301076,1909f56bfc062723c751e8b465ee728b)
Start importing Assets/DesksCollection-Mavi3D/Textures/Desk09Textures/Desk09Metallic.tga using Guid(234fb3a19ef9ce346bf712135ecfd949) Importer(815301076,1909f56bfc062723c751e8b465ee728b) (PreviewImporter) -> (artifact id: 'a71ff7384f0db7f4b9dec56c118e816b') in 0.0262397 seconds
Number of updated asset objects reloaded before import = 0Number of asset objects unloaded after import = 2

========================================================================
Received Import Request.
  Time since last request: 0.000047 seconds.
  path: Assets/DesksCollection-Mavi3D/Textures/Desk09Textures/Desk09Roughness.tga
  artifactKey: Guid(44851c5eea9a9544b86447cee7fa9960) Importer(815301076,1909f56bfc062723c751e8b465ee728b)
Start importing Assets/DesksCollection-Mavi3D/Textures/Desk09Textures/Desk09Roughness.tga using Guid(44851c5eea9a9544b86447cee7fa9960) Importer(815301076,1909f56bfc062723c751e8b465ee728b) (PreviewImporter) -> (artifact id: 'a4de727b499977dd7c40927e8e4adb7d') in 0.0302514 seconds
Number of updated asset objects reloaded before import = 0Number of asset objects unloaded after import = 2

========================================================================
Received Import Request.
  Time since last request: 8.982415 seconds.
  path: Assets/DesksCollection-Mavi3D/Textures/Desk10Textures/Desk10Metallic.tga
  artifactKey: Guid(e3d96c4c1ba219c40b4af1f9354036e4) Importer(815301076,1909f56bfc062723c751e8b465ee728b)
Start importing Assets/DesksCollection-Mavi3D/Textures/Desk10Textures/Desk10Metallic.tga using Guid(e3d96c4c1ba219c40b4af1f9354036e4) Importer(815301076,1909f56bfc062723c751e8b465ee728b) (PreviewImporter) -> (artifact id: 'a439cd4b13364c06ab2a5a886a068785') in 0.0322963 seconds
Number of updated asset objects reloaded before import = 0Number of asset objects unloaded after import = 2

========================================================================
Received Import Request.
  Time since last request: 0.000187 seconds.
  path: Assets/DesksCollection-Mavi3D/Textures/Desk10Textures/Desk10Occlusion.tga
  artifactKey: Guid(b5ddff9530845f14ea77caab0beb6612) Importer(815301076,1909f56bfc062723c751e8b465ee728b)
Start importing Assets/DesksCollection-Mavi3D/Textures/Desk10Textures/Desk10Occlusion.tga using Guid(b5ddff9530845f14ea77caab0beb6612) Importer(815301076,1909f56bfc062723c751e8b465ee728b) (PreviewImporter) -> (artifact id: '649a36f6919be15b797ca73b534c8ad1') in 0.0301706 seconds
Number of updated asset objects reloaded before import = 0Number of asset objects unloaded after import = 2

========================================================================
Received Import Request.
  Time since last request: 26.661507 seconds.
  path: Assets/DesksCollection-Mavi3D/Textures/NewB/Desk03Mask.tif
  artifactKey: Guid(df9367fdec819bf4793c4d4b5dbe055e) Importer(815301076,1909f56bfc062723c751e8b465ee728b)
Start importing Assets/DesksCollection-Mavi3D/Textures/NewB/Desk03Mask.tif using Guid(df9367fdec819bf4793c4d4b5dbe055e) Importer(815301076,1909f56bfc062723c751e8b465ee728b) (PreviewImporter) -> (artifact id: 'c313f2fade56f2a95a7318cb86ac0f58') in 0.0439985 seconds
Number of updated asset objects reloaded before import = 0Number of asset objects unloaded after import = 2

========================================================================
Received Import Request.
  Time since last request: 0.000023 seconds.
  path: Assets/DesksCollection-Mavi3D/Textures/NewB/Desk09Mask.tif
  artifactKey: Guid(1301a4f76badc984a9dd71109bb53b9d) Importer(815301076,1909f56bfc062723c751e8b465ee728b)
Start importing Assets/DesksCollection-Mavi3D/Textures/NewB/Desk09Mask.tif using Guid(1301a4f76badc984a9dd71109bb53b9d) Importer(815301076,1909f56bfc062723c751e8b465ee728b) (PreviewImporter) -> (artifact id: '0cd2d1871c3161b9d001bdecb81335d8') in 0.0311187 seconds
Number of updated asset objects reloaded before import = 0Number of asset objects unloaded after import = 2

========================================================================
Received Import Request.
  Time since last request: 0.000019 seconds.
  path: Assets/DesksCollection-Mavi3D/Textures/NewB/Desk07Mask.tif
  artifactKey: Guid(ff30cf2a783b48447a5401f43ad995f4) Importer(815301076,1909f56bfc062723c751e8b465ee728b)
Start importing Assets/DesksCollection-Mavi3D/Textures/NewB/Desk07Mask.tif using Guid(ff30cf2a783b48447a5401f43ad995f4) Importer(815301076,1909f56bfc062723c751e8b465ee728b) (PreviewImporter) -> (artifact id: 'cac56a8f02a07f71beb46148934ccc34') in 0.0429001 seconds
Number of updated asset objects reloaded before import = 0Number of asset objects unloaded after import = 2

========================================================================
Received Import Request.
  Time since last request: 1.265600 seconds.
  path: Assets/DesksCollection-Mavi3D/Textures/NewB/DeskO2/Desk02Mask.tif
  artifactKey: Guid(db8c51f4ec9c85242871d63f983d3c08) Importer(815301076,1909f56bfc062723c751e8b465ee728b)
Start importing Assets/DesksCollection-Mavi3D/Textures/NewB/DeskO2/Desk02Mask.tif using Guid(db8c51f4ec9c85242871d63f983d3c08) Importer(815301076,1909f56bfc062723c751e8b465ee728b) (PreviewImporter) -> (artifact id: '0c5ca96c8c46c18cd34efcb7ae661bfe') in 0.043576 seconds
Number of updated asset objects reloaded before import = 0Number of asset objects unloaded after import = 2

========================================================================
Received Import Request.
  Time since last request: 15.612991 seconds.
  path: Assets/DesksCollection-Mavi3D/Textures/Desk02Textures/Desk/Desk02Metallic.tga
  artifactKey: Guid(70be7715d893dc14ea83a46485b8c40a) Importer(815301076,1909f56bfc062723c751e8b465ee728b)
Start importing Assets/DesksCollection-Mavi3D/Textures/Desk02Textures/Desk/Desk02Metallic.tga using Guid(70be7715d893dc14ea83a46485b8c40a) Importer(815301076,1909f56bfc062723c751e8b465ee728b) (PreviewImporter) -> (artifact id: '52e9bdd9cb774c5ad52fe556478d447a') in 0.0288573 seconds
Number of updated asset objects reloaded before import = 0Number of asset objects unloaded after import = 2

========================================================================
Received Import Request.
  Time since last request: 0.000013 seconds.
  path: Assets/DesksCollection-Mavi3D/Textures/Desk02Textures/Desk/Desk02Roughness.tga
  artifactKey: Guid(65edc323e0df7804a91aafbe41e33d65) Importer(815301076,1909f56bfc062723c751e8b465ee728b)
Start importing Assets/DesksCollection-Mavi3D/Textures/Desk02Textures/Desk/Desk02Roughness.tga using Guid(65edc323e0df7804a91aafbe41e33d65) Importer(815301076,1909f56bfc062723c751e8b465ee728b) (PreviewImporter) -> (artifact id: 'ddad911fb22297b91ca3b69d3a8a3dbb') in 0.0437242 seconds
Number of updated asset objects reloaded before import = 0Number of asset objects unloaded after import = 2

========================================================================
Received Import Request.
  Time since last request: 9.051576 seconds.
  path: Assets/DesksCollection-Mavi3D/Textures/Desk03Textures/Desk03Metallic.tga
  artifactKey: Guid(93b13c2ff34b9ab46a7d05901675b7ea) Importer(815301076,1909f56bfc062723c751e8b465ee728b)
Start importing Assets/DesksCollection-Mavi3D/Textures/Desk03Textures/Desk03Metallic.tga using Guid(93b13c2ff34b9ab46a7d05901675b7ea) Importer(815301076,1909f56bfc062723c751e8b465ee728b) (PreviewImporter) -> (artifact id: '31c9571ff265614c4c05ccbb78cfdf8e') in 0.0399554 seconds
Number of updated asset objects reloaded before import = 0Number of asset objects unloaded after import = 2

========================================================================
Received Import Request.
  Time since last request: 0.004767 seconds.
  path: Assets/DesksCollection-Mavi3D/Textures/Desk03Textures/Desk03Roughness.tga
  artifactKey: Guid(e2c953a3a53089248acd78c2216e26b2) Importer(815301076,1909f56bfc062723c751e8b465ee728b)
Start importing Assets/DesksCollection-Mavi3D/Textures/Desk03Textures/Desk03Roughness.tga using Guid(e2c953a3a53089248acd78c2216e26b2) Importer(815301076,1909f56bfc062723c751e8b465ee728b) (PreviewImporter) -> (artifact id: 'f9d1f6a9930a419387c29ef26e1a2b0e') in 0.0387254 seconds
Number of updated asset objects reloaded before import = 0Number of asset objects unloaded after import = 2

========================================================================
Received Import Request.
  Time since last request: 3.622241 seconds.
  path: Assets/DesksCollection-Mavi3D/Textures/Desk07Textures/Desk07Metallic.tga
  artifactKey: Guid(a4aa73a8faa971444b2d051af82b465a) Importer(815301076,1909f56bfc062723c751e8b465ee728b)
Start importing Assets/DesksCollection-Mavi3D/Textures/Desk07Textures/Desk07Metallic.tga using Guid(a4aa73a8faa971444b2d051af82b465a) Importer(815301076,1909f56bfc062723c751e8b465ee728b) (PreviewImporter) -> (artifact id: '5b8357fd4d27402f98d6a874a5636e72') in 0.0465477 seconds
Number of updated asset objects reloaded before import = 0Number of asset objects unloaded after import = 2

========================================================================
Received Import Request.
  Time since last request: 0.000077 seconds.
  path: Assets/DesksCollection-Mavi3D/Textures/Desk07Textures/Desk07Roughness.tga
  artifactKey: Guid(294c8b960da0a6742bc0762ed70a662a) Importer(815301076,1909f56bfc062723c751e8b465ee728b)
Start importing Assets/DesksCollection-Mavi3D/Textures/Desk07Textures/Desk07Roughness.tga using Guid(294c8b960da0a6742bc0762ed70a662a) Importer(815301076,1909f56bfc062723c751e8b465ee728b) (PreviewImporter) -> (artifact id: 'caba784300a7a81cf3f309786a86c46d') in 0.0270622 seconds
Number of updated asset objects reloaded before import = 0Number of asset objects unloaded after import = 2

========================================================================
Received Import Request.
  Time since last request: 4.154028 seconds.
  path: Assets/DesksCollection-Mavi3D/Textures/Desk08Textures/Desk08Metallic.tga
  artifactKey: Guid(cf87e940494b93045affbaa640e1c65d) Importer(815301076,1909f56bfc062723c751e8b465ee728b)
Start importing Assets/DesksCollection-Mavi3D/Textures/Desk08Textures/Desk08Metallic.tga using Guid(cf87e940494b93045affbaa640e1c65d) Importer(815301076,1909f56bfc062723c751e8b465ee728b) (PreviewImporter) -> (artifact id: '838b155be40bb439b61cd0e6491a7631') in 0.034594 seconds
Number of updated asset objects reloaded before import = 0Number of asset objects unloaded after import = 2

========================================================================
Received Import Request.
  Time since last request: 0.000092 seconds.
  path: Assets/DesksCollection-Mavi3D/Textures/Desk08Textures/Desk08Roughness.tga
  artifactKey: Guid(b04c4cf78d662d547b6f70694d242dee) Importer(815301076,1909f56bfc062723c751e8b465ee728b)
Start importing Assets/DesksCollection-Mavi3D/Textures/Desk08Textures/Desk08Roughness.tga using Guid(b04c4cf78d662d547b6f70694d242dee) Importer(815301076,1909f56bfc062723c751e8b465ee728b) (PreviewImporter) -> (artifact id: '47146f219435c3cff0f1232cf1eea0a3') in 0.0280243 seconds
Number of updated asset objects reloaded before import = 0Number of asset objects unloaded after import = 2

Editor requested this worker to shutdown with reason: Scaling down because of idle timeout
AssetImportWorker is now disconnected from the server
Process exiting
Exiting without the bug reporter. Application will terminate with return code 0